[ 2016-11-22T19:40:24+08:00 ] 127.0.0.1 /guest2/
INFO: [ app_init ] --START--
INFO: Run Behavior\BuildLiteBehavior [ RunTime:0.000000s ]
INFO: [ app_init ] --END-- [ RunTime:0.010000s ]
INFO: [ app_begin ] --START--
INFO: Run Behavior\ReadHtmlCacheBehavior [ RunTime:0.016001s ]
INFO: [ app_begin ] --END-- [ RunTime:0.016001s ]
SQL: SHOW COLUMNS FROM `weibo_key` [ RunTime:0.0270s ]
SQL: SELECT * FROM `weibo_key`  [ RunTime:0.0000s ]
SQL: SHOW COLUMNS FROM `weibo_website` [ RunTime:0.0110s ]
SQL: SELECT * FROM `weibo_website` WHERE `power` = 0 ORDER BY id LIMIT 0,1   [ RunTime:0.0000s ]
SQL: SHOW COLUMNS FROM `weibo_copy` [ RunTime:0.0190s ]
SQL: SELECT * FROM `weibo_copy` WHERE `power` = 0 ORDER BY sort  [ RunTime:0.0000s ]
SQL: SHOW COLUMNS FROM `weibo_about` [ RunTime:0.0280s ]
SQL: SELECT * FROM `weibo_about` LIMIT 0,1   [ RunTime:0.0000s ]
SQL: SHOW COLUMNS FROM `weibo_nav` [ RunTime:0.0190s ]
SQL: SELECT * FROM `weibo_nav` WHERE `power` = 0 ORDER BY sort  [ RunTime:0.0000s ]
SQL: SHOW COLUMNS FROM `weibo_logo` [ RunTime:0.0050s ]
SQL: SELECT * FROM `weibo_logo` WHERE `power` = 0  [ RunTime:0.0000s ]
SQL: SHOW COLUMNS FROM `weibo_essay` [ RunTime:0.0060s ]
SQL: SELECT COUNT(*) AS tp_count FROM `weibo_essay` WHERE `power` = 0 AND `groom` = 0 LIMIT 1   [ RunTime:0.0150s ]
SQL: SELECT * FROM `weibo_essay` WHERE `power` = 0 AND `groom` = 0 ORDER BY time desc LIMIT 0,10   [ RunTime:0.0010s ]
SQL: SHOW COLUMNS FROM `weibo_admin` [ RunTime:0.0170s ]
SQL: SELECT `username` FROM `weibo_admin` WHERE `id` = 68 LIMIT 1   [ RunTime:0.0000s ]
SQL: SHOW COLUMNS FROM `weibo_categories` [ RunTime:0.0270s ]
SQL: SELECT `designation` FROM `weibo_categories` WHERE `id` = 0 LIMIT 1   [ RunTime:0.0000s ]
SQL: SELECT `username` FROM `weibo_admin` WHERE `id` = 68 LIMIT 1   [ RunTime:0.0010s ]
SQL: SELECT `designation` FROM `weibo_categories` WHERE `id` = 13 LIMIT 1   [ RunTime:0.0000s ]
SQL: SELECT `username` FROM `weibo_admin` WHERE `id` = 68 LIMIT 1   [ RunTime:0.0010s ]
SQL: SELECT `designation` FROM `weibo_categories` WHERE `id` = 16 LIMIT 1   [ RunTime:0.0000s ]
SQL: SELECT `username` FROM `weibo_admin` WHERE `id` = 68 LIMIT 1   [ RunTime:0.0010s ]
SQL: SELECT `designation` FROM `weibo_categories` WHERE `id` = 13 LIMIT 1   [ RunTime:0.0000s ]
SQL: SELECT `username` FROM `weibo_admin` WHERE `id` = 68 LIMIT 1   [ RunTime:0.0000s ]
SQL: SELECT `designation` FROM `weibo_categories` WHERE `id` = 15 LIMIT 1   [ RunTime:0.0000s ]
SQL: SELECT `username` FROM `weibo_admin` WHERE `id` = 68 LIMIT 1   [ RunTime:0.0000s ]
SQL: SELECT `designation` FROM `weibo_categories` WHERE `id` = 14 LIMIT 1   [ RunTime:0.0000s ]
SQL: SELECT `username` FROM `weibo_admin` WHERE `id` = 68 LIMIT 1   [ RunTime:0.0000s ]
SQL: SELECT `designation` FROM `weibo_categories` WHERE `id` = 15 LIMIT 1   [ RunTime:0.0000s ]
SQL: SELECT `username` FROM `weibo_admin` WHERE `id` = 68 LIMIT 1   [ RunTime:0.0000s ]
SQL: SELECT `designation` FROM `weibo_categories` WHERE `id` = 15 LIMIT 1   [ RunTime:0.0010s ]
SQL: SELECT `id`,`title` FROM `weibo_essay` WHERE `power` = 0 AND `groom` = 0 ORDER BY id LIMIT 0,10   [ RunTime:0.0000s ]
SQL: SELECT `id`,`title` FROM `weibo_essay` WHERE `power` = 0 AND `groom` = 0 ORDER BY time desc LIMIT 0,10   [ RunTime:0.0010s ]
SQL: SHOW COLUMNS FROM `weibo_solid` [ RunTime:0.0150s ]
SQL: SELECT * FROM `weibo_solid` WHERE `power` = 0 ORDER BY sort  [ RunTime:0.0010s ]
INFO: [ view_parse ] --START--
INFO: [ template_filter ] --START--
INFO: Run Behavior\ContentReplaceBehavior [ RunTime:0.000000s ]
INFO: [ template_filter ] --END-- [ RunTime:0.000000s ]
NOTIC: [8] Use of undefined constant Home - assumed 'Home' E:\WWW\guest2\Application\Runtime\Cache\Home\2a94b8bda04ff446dcedd42276fc99ee.php 第 54 行.
NOTIC: [8] Use of undefined constant Home - assumed 'Home' E:\WWW\guest2\Application\Runtime\Cache\Home\2a94b8bda04ff446dcedd42276fc99ee.php 第 58 行.
NOTIC: [8] Use of undefined constant GROUP_NAME - assumed 'GROUP_NAME' E:\WWW\guest2\Application\Runtime\Cache\Home\2a94b8bda04ff446dcedd42276fc99ee.php 第 60 行.
NOTIC: [8] Use of undefined constant Home - assumed 'Home' E:\WWW\guest2\Application\Runtime\Cache\Home\2a94b8bda04ff446dcedd42276fc99ee.php 第 54 行.
NOTIC: [8] Use of undefined constant Home - assumed 'Home' E:\WWW\guest2\Application\Runtime\Cache\Home\2a94b8bda04ff446dcedd42276fc99ee.php 第 58 行.
NOTIC: [8] Use of undefined constant GROUP_NAME - assumed 'GROUP_NAME' E:\WWW\guest2\Application\Runtime\Cache\Home\2a94b8bda04ff446dcedd42276fc99ee.php 第 60 行.
NOTIC: [8] Use of undefined constant Home - assumed 'Home' E:\WWW\guest2\Application\Runtime\Cache\Home\2a94b8bda04ff446dcedd42276fc99ee.php 第 54 行.
NOTIC: [8] Use of undefined constant Home - assumed 'Home' E:\WWW\guest2\Application\Runtime\Cache\Home\2a94b8bda04ff446dcedd42276fc99ee.php 第 58 行.
NOTIC: [8] Use of undefined constant GROUP_NAME - assumed 'GROUP_NAME' E:\WWW\guest2\Application\Runtime\Cache\Home\2a94b8bda04ff446dcedd42276fc99ee.php 第 60 行.
NOTIC: [8] Use of undefined constant Home - assumed 'Home' E:\WWW\guest2\Application\Runtime\Cache\Home\2a94b8bda04ff446dcedd42276fc99ee.php 第 54 行.
NOTIC: [8] Use of undefined constant Home - assumed 'Home' E:\WWW\guest2\Application\Runtime\Cache\Home\2a94b8bda04ff446dcedd42276fc99ee.php 第 58 行.
NOTIC: [8] Use of undefined constant GROUP_NAME - assumed 'GROUP_NAME' E:\WWW\guest2\Application\Runtime\Cache\Home\2a94b8bda04ff446dcedd42276fc99ee.php 第 60 行.
NOTIC: [8] Use of undefined constant Home - assumed 'Home' E:\WWW\guest2\Application\Runtime\Cache\Home\2a94b8bda04ff446dcedd42276fc99ee.php 第 54 行.
NOTIC: [8] Use of undefined constant Home - assumed 'Home' E:\WWW\guest2\Application\Runtime\Cache\Home\2a94b8bda04ff446dcedd42276fc99ee.php 第 58 行.
NOTIC: [8] Use of undefined constant GROUP_NAME - assumed 'GROUP_NAME' E:\WWW\guest2\Application\Runtime\Cache\Home\2a94b8bda04ff446dcedd42276fc99ee.php 第 60 行.
NOTIC: [8] Use of undefined constant Home - assumed 'Home' E:\WWW\guest2\Application\Runtime\Cache\Home\2a94b8bda04ff446dcedd42276fc99ee.php 第 54 行.
NOTIC: [8] Use of undefined constant Home - assumed 'Home' E:\WWW\guest2\Application\Runtime\Cache\Home\2a94b8bda04ff446dcedd42276fc99ee.php 第 58 行.
NOTIC: [8] Use of undefined constant GROUP_NAME - assumed 'GROUP_NAME' E:\WWW\guest2\Application\Runtime\Cache\Home\2a94b8bda04ff446dcedd42276fc99ee.php 第 60 行.
NOTIC: [8] Use of undefined constant Home - assumed 'Home' E:\WWW\guest2\Application\Runtime\Cache\Home\2a94b8bda04ff446dcedd42276fc99ee.php 第 54 行.
NOTIC: [8] Use of undefined constant Home - assumed 'Home' E:\WWW\guest2\Application\Runtime\Cache\Home\2a94b8bda04ff446dcedd42276fc99ee.php 第 58 行.
NOTIC: [8] Use of undefined constant GROUP_NAME - assumed 'GROUP_NAME' E:\WWW\guest2\Application\Runtime\Cache\Home\2a94b8bda04ff446dcedd42276fc99ee.php 第 60 行.
NOTIC: [8] Use of undefined constant Home - assumed 'Home' E:\WWW\guest2\Application\Runtime\Cache\Home\2a94b8bda04ff446dcedd42276fc99ee.php 第 54 行.
NOTIC: [8] Use of undefined constant Home - assumed 'Home' E:\WWW\guest2\Application\Runtime\Cache\Home\2a94b8bda04ff446dcedd42276fc99ee.php 第 58 行.
NOTIC: [8] Use of undefined constant GROUP_NAME - assumed 'GROUP_NAME' E:\WWW\guest2\Application\Runtime\Cache\Home\2a94b8bda04ff446dcedd42276fc99ee.php 第 60 行.
NOTIC: [8] Use of undefined constant Home - assumed 'Home' E:\WWW\guest2\Application\Runtime\Cache\Home\2a94b8bda04ff446dcedd42276fc99ee.php 第 91 行.
NOTIC: [8] Use of undefined constant Home - assumed 'Home' E:\WWW\guest2\Application\Runtime\Cache\Home\2a94b8bda04ff446dcedd42276fc99ee.php 第 91 行.
NOTIC: [8] Use of undefined constant Home - assumed 'Home' E:\WWW\guest2\Application\Runtime\Cache\Home\2a94b8bda04ff446dcedd42276fc99ee.php 第 91 行.
NOTIC: [8] Use of undefined constant Home - assumed 'Home' E:\WWW\guest2\Application\Runtime\Cache\Home\2a94b8bda04ff446dcedd42276fc99ee.php 第 91 行.
NOTIC: [8] Use of undefined constant Home - assumed 'Home' E:\WWW\guest2\Application\Runtime\Cache\Home\2a94b8bda04ff446dcedd42276fc99ee.php 第 91 行.
NOTIC: [8] Use of undefined constant Home - assumed 'Home' E:\WWW\guest2\Application\Runtime\Cache\Home\2a94b8bda04ff446dcedd42276fc99ee.php 第 91 行.
NOTIC: [8] Use of undefined constant Home - assumed 'Home' E:\WWW\guest2\Application\Runtime\Cache\Home\2a94b8bda04ff446dcedd42276fc99ee.php 第 91 行.
NOTIC: [8] Use of undefined constant Home - assumed 'Home' E:\WWW\guest2\Application\Runtime\Cache\Home\2a94b8bda04ff446dcedd42276fc99ee.php 第 91 行.
NOTIC: [8] Use of undefined constant Home - assumed 'Home' E:\WWW\guest2\Application\Runtime\Cache\Home\2a94b8bda04ff446dcedd42276fc99ee.php 第 97 行.
NOTIC: [8] Use of undefined constant Home - assumed 'Home' E:\WWW\guest2\Application\Runtime\Cache\Home\2a94b8bda04ff446dcedd42276fc99ee.php 第 97 行.
NOTIC: [8] Use of undefined constant Home - assumed 'Home' E:\WWW\guest2\Application\Runtime\Cache\Home\2a94b8bda04ff446dcedd42276fc99ee.php 第 97 行.
NOTIC: [8] Use of undefined constant Home - assumed 'Home' E:\WWW\guest2\Application\Runtime\Cache\Home\2a94b8bda04ff446dcedd42276fc99ee.php 第 97 行.
NOTIC: [8] Use of undefined constant Home - assumed 'Home' E:\WWW\guest2\Application\Runtime\Cache\Home\2a94b8bda04ff446dcedd42276fc99ee.php 第 97 行.
NOTIC: [8] Use of undefined constant Home - assumed 'Home' E:\WWW\guest2\Application\Runtime\Cache\Home\2a94b8bda04ff446dcedd42276fc99ee.php 第 97 行.
NOTIC: [8] Use of undefined constant Home - assumed 'Home' E:\WWW\guest2\Application\Runtime\Cache\Home\2a94b8bda04ff446dcedd42276fc99ee.php 第 97 行.
NOTIC: [8] Use of undefined constant Home - assumed 'Home' E:\WWW\guest2\Application\Runtime\Cache\Home\2a94b8bda04ff446dcedd42276fc99ee.php 第 97 行.
INFO: Run Behavior\ParseTemplateBehavior [ RunTime:0.108006s ]
INFO: [ view_parse ] --END-- [ RunTime:0.108006s ]
INFO: [ view_filter ] --START--
INFO: Run Behavior\WriteHtmlCacheBehavior [ RunTime:0.014001s ]
INFO: [ view_filter ] --END-- [ RunTime:0.014001s ]
INFO: [ app_end ] --START--
INFO: Run Behavior\ShowPageTraceBehavior [ RunTime:0.017001s ]
INFO: [ app_end ] --END-- [ RunTime:0.018001s ]

[ 2016-11-22T19:40:30+08:00 ] 127.0.0.1 /guest2/Home/Index
INFO: [ app_init ] --START--
INFO: Run Behavior\BuildLiteBehavior [ RunTime:0.000000s ]
INFO: [ app_init ] --END-- [ RunTime:0.001000s ]
INFO: [ app_begin ] --START--
INFO: Run Behavior\ReadHtmlCacheBehavior [ RunTime:0.001000s ]
INFO: [ app_begin ] --END-- [ RunTime:0.001000s ]
SQL: SHOW COLUMNS FROM `weibo_key` [ RunTime:0.0060s ]
SQL: SELECT * FROM `weibo_key`  [ RunTime:0.0070s ]
SQL: SHOW COLUMNS FROM `weibo_website` [ RunTime:0.0050s ]
SQL: SELECT * FROM `weibo_website` WHERE `power` = 0 ORDER BY id LIMIT 0,1   [ RunTime:0.0000s ]
SQL: SHOW COLUMNS FROM `weibo_copy` [ RunTime:0.0040s ]
SQL: SELECT * FROM `weibo_copy` WHERE `power` = 0 ORDER BY sort  [ RunTime:0.0000s ]
SQL: SHOW COLUMNS FROM `weibo_about` [ RunTime:0.0060s ]
SQL: SELECT * FROM `weibo_about` LIMIT 0,1   [ RunTime:0.0010s ]
SQL: SHOW COLUMNS FROM `weibo_nav` [ RunTime:0.0040s ]
SQL: SELECT * FROM `weibo_nav` WHERE `power` = 0 ORDER BY sort  [ RunTime:0.0010s ]
SQL: SHOW COLUMNS FROM `weibo_logo` [ RunTime:0.0030s ]
SQL: SELECT * FROM `weibo_logo` WHERE `power` = 0  [ RunTime:0.0000s ]
SQL: SHOW COLUMNS FROM `weibo_essay` [ RunTime:0.0040s ]
SQL: SELECT COUNT(*) AS tp_count FROM `weibo_essay` WHERE `power` = 0 AND `groom` = 0 LIMIT 1   [ RunTime:0.0000s ]
SQL: SELECT * FROM `weibo_essay` WHERE `power` = 0 AND `groom` = 0 ORDER BY time desc LIMIT 0,10   [ RunTime:0.0000s ]
SQL: SHOW COLUMNS FROM `weibo_admin` [ RunTime:0.0030s ]
SQL: SELECT `username` FROM `weibo_admin` WHERE `id` = 68 LIMIT 1   [ RunTime:0.0000s ]
SQL: SHOW COLUMNS FROM `weibo_categories` [ RunTime:0.0060s ]
SQL: SELECT `designation` FROM `weibo_categories` WHERE `id` = 0 LIMIT 1   [ RunTime:0.0010s ]
SQL: SELECT `username` FROM `weibo_admin` WHERE `id` = 68 LIMIT 1   [ RunTime:0.0000s ]
SQL: SELECT `designation` FROM `weibo_categories` WHERE `id` = 13 LIMIT 1   [ RunTime:0.0000s ]
SQL: SELECT `username` FROM `weibo_admin` WHERE `id` = 68 LIMIT 1   [ RunTime:0.0000s ]
SQL: SELECT `designation` FROM `weibo_categories` WHERE `id` = 16 LIMIT 1   [ RunTime:0.0000s ]
SQL: SELECT `username` FROM `weibo_admin` WHERE `id` = 68 LIMIT 1   [ RunTime:0.0000s ]
SQL: SELECT `designation` FROM `weibo_categories` WHERE `id` = 13 LIMIT 1   [ RunTime:0.0010s ]
SQL: SELECT `username` FROM `weibo_admin` WHERE `id` = 68 LIMIT 1   [ RunTime:0.0000s ]
SQL: SELECT `designation` FROM `weibo_categories` WHERE `id` = 15 LIMIT 1   [ RunTime:0.0010s ]
SQL: SELECT `username` FROM `weibo_admin` WHERE `id` = 68 LIMIT 1   [ RunTime:0.0000s ]
SQL: SELECT `designation` FROM `weibo_categories` WHERE `id` = 14 LIMIT 1   [ RunTime:0.0000s ]
SQL: SELECT `username` FROM `weibo_admin` WHERE `id` = 68 LIMIT 1   [ RunTime:0.0000s ]
SQL: SELECT `designation` FROM `weibo_categories` WHERE `id` = 15 LIMIT 1   [ RunTime:0.0000s ]
SQL: SELECT `username` FROM `weibo_admin` WHERE `id` = 68 LIMIT 1   [ RunTime:0.0000s ]
SQL: SELECT `designation` FROM `weibo_categories` WHERE `id` = 15 LIMIT 1   [ RunTime:0.0000s ]
SQL: SELECT `id`,`title` FROM `weibo_essay` WHERE `power` = 0 AND `groom` = 0 ORDER BY id LIMIT 0,10   [ RunTime:0.0000s ]
SQL: SELECT `id`,`title` FROM `weibo_essay` WHERE `power` = 0 AND `groom` = 0 ORDER BY time desc LIMIT 0,10   [ RunTime:0.0010s ]
SQL: SHOW COLUMNS FROM `weibo_solid` [ RunTime:0.0040s ]
SQL: SELECT * FROM `weibo_solid` WHERE `power` = 0 ORDER BY sort  [ RunTime:0.0010s ]
INFO: [ view_parse ] --START--
INFO: [ template_filter ] --START--
INFO: Run Behavior\ContentReplaceBehavior [ RunTime:0.000000s ]
INFO: [ template_filter ] --END-- [ RunTime:0.000000s ]
NOTIC: [8] Use of undefined constant Home - assumed 'Home' E:\WWW\guest2\Application\Runtime\Cache\Home\2a94b8bda04ff446dcedd42276fc99ee.php 第 54 行.
NOTIC: [8] Use of undefined constant Home - assumed 'Home' E:\WWW\guest2\Application\Runtime\Cache\Home\2a94b8bda04ff446dcedd42276fc99ee.php 第 58 行.
NOTIC: [8] Use of undefined constant GROUP_NAME - assumed 'GROUP_NAME' E:\WWW\guest2\Application\Runtime\Cache\Home\2a94b8bda04ff446dcedd42276fc99ee.php 第 60 行.
NOTIC: [8] Use of undefined constant Home - assumed 'Home' E:\WWW\guest2\Application\Runtime\Cache\Home\2a94b8bda04ff446dcedd42276fc99ee.php 第 54 行.
NOTIC: [8] Use of undefined constant Home - assumed 'Home' E:\WWW\guest2\Application\Runtime\Cache\Home\2a94b8bda04ff446dcedd42276fc99ee.php 第 58 行.
NOTIC: [8] Use of undefined constant GROUP_NAME - assumed 'GROUP_NAME' E:\WWW\guest2\Application\Runtime\Cache\Home\2a94b8bda04ff446dcedd42276fc99ee.php 第 60 行.
NOTIC: [8] Use of undefined constant Home - assumed 'Home' E:\WWW\guest2\Application\Runtime\Cache\Home\2a94b8bda04ff446dcedd42276fc99ee.php 第 54 行.
NOTIC: [8] Use of undefined constant Home - assumed 'Home' E:\WWW\guest2\Application\Runtime\Cache\Home\2a94b8bda04ff446dcedd42276fc99ee.php 第 58 行.
NOTIC: [8] Use of undefined constant GROUP_NAME - assumed 'GROUP_NAME' E:\WWW\guest2\Application\Runtime\Cache\Home\2a94b8bda04ff446dcedd42276fc99ee.php 第 60 行.
NOTIC: [8] Use of undefined constant Home - assumed 'Home' E:\WWW\guest2\Application\Runtime\Cache\Home\2a94b8bda04ff446dcedd42276fc99ee.php 第 54 行.
NOTIC: [8] Use of undefined constant Home - assumed 'Home' E:\WWW\guest2\Application\Runtime\Cache\Home\2a94b8bda04ff446dcedd42276fc99ee.php 第 58 行.
NOTIC: [8] Use of undefined constant GROUP_NAME - assumed 'GROUP_NAME' E:\WWW\guest2\Application\Runtime\Cache\Home\2a94b8bda04ff446dcedd42276fc99ee.php 第 60 行.
NOTIC: [8] Use of undefined constant Home - assumed 'Home' E:\WWW\guest2\Application\Runtime\Cache\Home\2a94b8bda04ff446dcedd42276fc99ee.php 第 54 行.
NOTIC: [8] Use of undefined constant Home - assumed 'Home' E:\WWW\guest2\Application\Runtime\Cache\Home\2a94b8bda04ff446dcedd42276fc99ee.php 第 58 行.
NOTIC: [8] Use of undefined constant GROUP_NAME - assumed 'GROUP_NAME' E:\WWW\guest2\Application\Runtime\Cache\Home\2a94b8bda04ff446dcedd42276fc99ee.php 第 60 行.
NOTIC: [8] Use of undefined constant Home - assumed 'Home' E:\WWW\guest2\Application\Runtime\Cache\Home\2a94b8bda04ff446dcedd42276fc99ee.php 第 54 行.
NOTIC: [8] Use of undefined constant Home - assumed 'Home' E:\WWW\guest2\Application\Runtime\Cache\Home\2a94b8bda04ff446dcedd42276fc99ee.php 第 58 行.
NOTIC: [8] Use of undefined constant GROUP_NAME - assumed 'GROUP_NAME' E:\WWW\guest2\Application\Runtime\Cache\Home\2a94b8bda04ff446dcedd42276fc99ee.php 第 60 行.
NOTIC: [8] Use of undefined constant Home - assumed 'Home' E:\WWW\guest2\Application\Runtime\Cache\Home\2a94b8bda04ff446dcedd42276fc99ee.php 第 54 行.
NOTIC: [8] Use of undefined constant Home - assumed 'Home' E:\WWW\guest2\Application\Runtime\Cache\Home\2a94b8bda04ff446dcedd42276fc99ee.php 第 58 行.
NOTIC: [8] Use of undefined constant GROUP_NAME - assumed 'GROUP_NAME' E:\WWW\guest2\Application\Runtime\Cache\Home\2a94b8bda04ff446dcedd42276fc99ee.php 第 60 行.
NOTIC: [8] Use of undefined constant Home - assumed 'Home' E:\WWW\guest2\Application\Runtime\Cache\Home\2a94b8bda04ff446dcedd42276fc99ee.php 第 54 行.
NOTIC: [8] Use of undefined constant Home - assumed 'Home' E:\WWW\guest2\Application\Runtime\Cache\Home\2a94b8bda04ff446dcedd42276fc99ee.php 第 58 行.
NOTIC: [8] Use of undefined constant GROUP_NAME - assumed 'GROUP_NAME' E:\WWW\guest2\Application\Runtime\Cache\Home\2a94b8bda04ff446dcedd42276fc99ee.php 第 60 行.
NOTIC: [8] Use of undefined constant Home - assumed 'Home' E:\WWW\guest2\Application\Runtime\Cache\Home\2a94b8bda04ff446dcedd42276fc99ee.php 第 91 行.
NOTIC: [8] Use of undefined constant Home - assumed 'Home' E:\WWW\guest2\Application\Runtime\Cache\Home\2a94b8bda04ff446dcedd42276fc99ee.php 第 91 行.
NOTIC: [8] Use of undefined constant Home - assumed 'Home' E:\WWW\guest2\Application\Runtime\Cache\Home\2a94b8bda04ff446dcedd42276fc99ee.php 第 91 行.
NOTIC: [8] Use of undefined constant Home - assumed 'Home' E:\WWW\guest2\Application\Runtime\Cache\Home\2a94b8bda04ff446dcedd42276fc99ee.php 第 91 行.
NOTIC: [8] Use of undefined constant Home - assumed 'Home' E:\WWW\guest2\Application\Runtime\Cache\Home\2a94b8bda04ff446dcedd42276fc99ee.php 第 91 行.
NOTIC: [8] Use of undefined constant Home - assumed 'Home' E:\WWW\guest2\Application\Runtime\Cache\Home\2a94b8bda04ff446dcedd42276fc99ee.php 第 91 行.
NOTIC: [8] Use of undefined constant Home - assumed 'Home' E:\WWW\guest2\Application\Runtime\Cache\Home\2a94b8bda04ff446dcedd42276fc99ee.php 第 91 行.
NOTIC: [8] Use of undefined constant Home - assumed 'Home' E:\WWW\guest2\Application\Runtime\Cache\Home\2a94b8bda04ff446dcedd42276fc99ee.php 第 91 行.
NOTIC: [8] Use of undefined constant Home - assumed 'Home' E:\WWW\guest2\Application\Runtime\Cache\Home\2a94b8bda04ff446dcedd42276fc99ee.php 第 97 行.
NOTIC: [8] Use of undefined constant Home - assumed 'Home' E:\WWW\guest2\Application\Runtime\Cache\Home\2a94b8bda04ff446dcedd42276fc99ee.php 第 97 行.
NOTIC: [8] Use of undefined constant Home - assumed 'Home' E:\WWW\guest2\Application\Runtime\Cache\Home\2a94b8bda04ff446dcedd42276fc99ee.php 第 97 行.
NOTIC: [8] Use of undefined constant Home - assumed 'Home' E:\WWW\guest2\Application\Runtime\Cache\Home\2a94b8bda04ff446dcedd42276fc99ee.php 第 97 行.
NOTIC: [8] Use of undefined constant Home - assumed 'Home' E:\WWW\guest2\Application\Runtime\Cache\Home\2a94b8bda04ff446dcedd42276fc99ee.php 第 97 行.
NOTIC: [8] Use of undefined constant Home - assumed 'Home' E:\WWW\guest2\Application\Runtime\Cache\Home\2a94b8bda04ff446dcedd42276fc99ee.php 第 97 行.
NOTIC: [8] Use of undefined constant Home - assumed 'Home' E:\WWW\guest2\Application\Runtime\Cache\Home\2a94b8bda04ff446dcedd42276fc99ee.php 第 97 行.
NOTIC: [8] Use of undefined constant Home - assumed 'Home' E:\WWW\guest2\Application\Runtime\Cache\Home\2a94b8bda04ff446dcedd42276fc99ee.php 第 97 行.
INFO: Run Behavior\ParseTemplateBehavior [ RunTime:0.021001s ]
INFO: [ view_parse ] --END-- [ RunTime:0.021001s ]
INFO: [ view_filter ] --START--
INFO: Run Behavior\WriteHtmlCacheBehavior [ RunTime:0.001000s ]
INFO: [ view_filter ] --END-- [ RunTime:0.001000s ]
INFO: [ app_end ] --START--
INFO: Run Behavior\ShowPageTraceBehavior [ RunTime:0.001000s ]
INFO: [ app_end ] --END-- [ RunTime:0.001000s ]

[ 2016-11-22T19:40:31+08:00 ] 127.0.0.1 /guest2/Home/Home/About
INFO: [ app_init ] --START--
INFO: Run Behavior\BuildLiteBehavior [ RunTime:0.000000s ]
INFO: [ app_init ] --END-- [ RunTime:0.000000s ]
INFO: [ app_begin ] --START--
INFO: Run Behavior\ReadHtmlCacheBehavior [ RunTime:0.001000s ]
INFO: [ app_begin ] --END-- [ RunTime:0.001000s ]
ERR: 无法加载控制器:Home

