[ 2016-09-22T21:08:20+08:00 ] 127.0.0.1 /guest2/Public/admin/img/favicon.ico
INFO: [ app_init ] --START--
INFO: Run Behavior\BuildLiteBehavior [ RunTime:0.000000s ]
INFO: [ app_init ] --END-- [ RunTime:0.001000s ]
ERR: 无法加载模块:Public

[ 2016-09-22T21:08:48+08:00 ] 127.0.0.1 /guest2/57d7e2f97b094.jpg
INFO: [ app_init ] --START--
INFO: Run Behavior\BuildLiteBehavior [ RunTime:0.000000s ]
INFO: [ app_init ] --END-- [ RunTime:0.001000s ]
ERR: 无法加载模块:57d7e2f97b094

[ 2016-09-22T21:08:49+08:00 ] 127.0.0.1 /guest2/57d7e2f97b094.jpg
INFO: [ app_init ] --START--
INFO: Run Behavior\BuildLiteBehavior [ RunTime:0.000000s ]
INFO: [ app_init ] --END-- [ RunTime:0.001000s ]
ERR: 无法加载模块:57d7e2f97b094

[ 2016-09-22T21:08:55+08:00 ] 127.0.0.1 /guest2/57d7e2f97b094.jpg
INFO: [ app_init ] --START--
INFO: Run Behavior\BuildLiteBehavior [ RunTime:0.000000s ]
INFO: [ app_init ] --END-- [ RunTime:0.001000s ]
ERR: 无法加载模块:57d7e2f97b094

[ 2016-09-22T21:08:56+08:00 ] 127.0.0.1 /guest2/57d7e2f97b094.jpg
INFO: [ app_init ] --START--
INFO: Run Behavior\BuildLiteBehavior [ RunTime:0.000000s ]
INFO: [ app_init ] --END-- [ RunTime:0.002000s ]
ERR: 无法加载模块:57d7e2f97b094

[ 2016-09-22T21:14:30+08:00 ] 127.0.0.1 /guest2/57d7e2f97b094.jpg
INFO: [ app_init ] --START--
INFO: Run Behavior\BuildLiteBehavior [ RunTime:0.000000s ]
INFO: [ app_init ] --END-- [ RunTime:0.001000s ]
ERR: 无法加载模块:57d7e2f97b094

[ 2016-09-22T21:14:30+08:00 ] 127.0.0.1 /guest2/57d7e2f97b094.jpg
INFO: [ app_init ] --START--
INFO: Run Behavior\BuildLiteBehavior [ RunTime:0.000000s ]
INFO: [ app_init ] --END-- [ RunTime:0.001000s ]
ERR: 无法加载模块:57d7e2f97b094

[ 2016-09-22T21:14:37+08:00 ] 127.0.0.1 /guest2/Public/admin/js/colorpicker.js
INFO: [ app_init ] --START--
INFO: Run Behavior\BuildLiteBehavior [ RunTime:0.000000s ]
INFO: [ app_init ] --END-- [ RunTime:0.001000s ]
ERR: 无法加载模块:Public

[ 2016-09-22T21:14:37+08:00 ] 127.0.0.1 /guest2/57d7e2f97b094.jpg
INFO: [ app_init ] --START--
INFO: Run Behavior\BuildLiteBehavior [ RunTime:0.000000s ]
INFO: [ app_init ] --END-- [ RunTime:0.001000s ]
ERR: 无法加载模块:57d7e2f97b094

[ 2016-09-22T21:14:47+08:00 ] 127.0.0.1 /guest2/57d7e2f97b094.jpg
INFO: [ app_init ] --START--
INFO: Run Behavior\BuildLiteBehavior [ RunTime:0.000000s ]
INFO: [ app_init ] --END-- [ RunTime:0.001000s ]
ERR: 无法加载模块:57d7e2f97b094

[ 2016-09-22T21:15:17+08:00 ] 127.0.0.1 /guest2/57d7e2f97b094.jpg
INFO: [ app_init ] --START--
INFO: Run Behavior\BuildLiteBehavior [ RunTime:0.001000s ]
INFO: [ app_init ] --END-- [ RunTime:0.001000s ]
ERR: 无法加载模块:57d7e2f97b094

[ 2016-09-22T21:15:17+08:00 ] 127.0.0.1 /guest2/57d7e2f97b094.jpg
INFO: [ app_init ] --START--
INFO: Run Behavior\BuildLiteBehavior [ RunTime:0.000000s ]
INFO: [ app_init ] --END-- [ RunTime:0.000000s ]
ERR: 无法加载模块:57d7e2f97b094

[ 2016-09-22T23:12:07+08:00 ] 127.0.0.1 /guest2/57d7e2f97b094.jpg
INFO: [ app_init ] --START--
INFO: Run Behavior\BuildLiteBehavior [ RunTime:0.000000s ]
INFO: [ app_init ] --END-- [ RunTime:0.000000s ]
ERR: 无法加载模块:57d7e2f97b094

[ 2016-09-22T23:12:07+08:00 ] 127.0.0.1 /guest2/57d7e2f97b094.jpg
INFO: [ app_init ] --START--
INFO: Run Behavior\BuildLiteBehavior [ RunTime:0.000000s ]
INFO: [ app_init ] --END-- [ RunTime:0.001000s ]
ERR: 无法加载模块:57d7e2f97b094

[ 2016-09-22T23:12:13+08:00 ] 127.0.0.1 /guest2/Public/admin/js/colorpicker.js
INFO: [ app_init ] --START--
INFO: Run Behavior\BuildLiteBehavior [ RunTime:0.000000s ]
INFO: [ app_init ] --END-- [ RunTime:0.001000s ]
ERR: 无法加载模块:Public

[ 2016-09-22T23:12:13+08:00 ] 127.0.0.1 /guest2/Public/admin/js/colorpicker.js
INFO: [ app_init ] --START--
INFO: Run Behavior\BuildLiteBehavior [ RunTime:0.000000s ]
INFO: [ app_init ] --END-- [ RunTime:0.000000s ]
ERR: 无法加载模块:Public

