[ 2016-09-16T14:23:24+08:00 ] 127.0.0.1 /guest2/admin.php?m=GROUP_NAME&c=Website&a=edit&id=1
INFO: [ app_init ] --START--
INFO: Run Behavior\BuildLiteBehavior [ RunTime:0.000000s ]
INFO: [ app_init ] --END-- [ RunTime:0.001000s ]
ERR: 无法加载模块:GROUP_NAME

[ 2016-09-16T14:43:45+08:00 ] 127.0.0.1 /guest2/admin.php?m=GROUP_NAME&c=Website&a=editxinxi
INFO: [ app_init ] --START--
INFO: Run Behavior\BuildLiteBehavior [ RunTime:0.000000s ]
INFO: [ app_init ] --END-- [ RunTime:0.001000s ]
ERR: 无法加载模块:GROUP_NAME

[ 2016-09-16T15:39:44+08:00 ] 127.0.0.1 /guest2/Public/admin/js/jquery-1.10.2.min.map
INFO: [ app_init ] --START--
INFO: Run Behavior\BuildLiteBehavior [ RunTime:0.000000s ]
INFO: [ app_init ] --END-- [ RunTime:0.001000s ]
ERR: 无法加载模块:Public

[ 2016-09-16T15:45:14+08:00 ] 127.0.0.1 /guest2/Public/admin/js/jquery-1.10.2.min.map
INFO: [ app_init ] --START--
INFO: Run Behavior\BuildLiteBehavior [ RunTime:0.000000s ]
INFO: [ app_init ] --END-- [ RunTime:0.001000s ]
ERR: 无法加载模块:Public

[ 2016-09-16T15:47:02+08:00 ] 127.0.0.1 /guest2/Public/admin/img/favicon.ico
INFO: [ app_init ] --START--
INFO: Run Behavior\BuildLiteBehavior [ RunTime:0.000000s ]
INFO: [ app_init ] --END-- [ RunTime:0.001000s ]
ERR: 无法加载模块:Public

[ 2016-09-16T16:25:55+08:00 ] 127.0.0.1 /guest2/Public/admin/js/jquery-1.10.2.min.map
INFO: [ app_init ] --START--
INFO: Run Behavior\BuildLiteBehavior [ RunTime:0.000000s ]
INFO: [ app_init ] --END-- [ RunTime:0.001000s ]
ERR: 无法加载模块:Public

[ 2016-09-16T16:33:59+08:00 ] 127.0.0.1 /guest2/admin.php?m=GROUP_NAME&c=Nav&a=index
INFO: [ app_init ] --START--
INFO: Run Behavior\BuildLiteBehavior [ RunTime:0.001000s ]
INFO: [ app_init ] --END-- [ RunTime:0.002000s ]
ERR: 无法加载模块:GROUP_NAME

[ 2016-09-16T16:38:33+08:00 ] 127.0.0.1 /guest2/admin.php?m=GROUP_NAME&c=Nav&a=index
INFO: [ app_init ] --START--
INFO: Run Behavior\BuildLiteBehavior [ RunTime:0.000000s ]
INFO: [ app_init ] --END-- [ RunTime:0.001000s ]
ERR: 无法加载模块:GROUP_NAME

[ 2016-09-16T17:03:00+08:00 ] 127.0.0.1 /guest2/admin.php?m=GROUP_NAME&c=Index&a=index
INFO: [ app_init ] --START--
INFO: Run Behavior\BuildLiteBehavior [ RunTime:0.000000s ]
INFO: [ app_init ] --END-- [ RunTime:0.001000s ]
ERR: 无法加载模块:GROUP_NAME

[ 2016-09-16T17:03:07+08:00 ] 127.0.0.1 /guest2/Public/admin/js/jquery-1.10.2.min.map
INFO: [ app_init ] --START--
INFO: Run Behavior\BuildLiteBehavior [ RunTime:0.000000s ]
INFO: [ app_init ] --END-- [ RunTime:0.001000s ]
ERR: 无法加载模块:Public

[ 2016-09-16T19:12:13+08:00 ] 127.0.0.1 /guest2/Public/admin/js/jquery-1.10.2.min.map
INFO: [ app_init ] --START--
INFO: Run Behavior\BuildLiteBehavior [ RunTime:0.000000s ]
INFO: [ app_init ] --END-- [ RunTime:0.001000s ]
ERR: 无法加载模块:Public

[ 2016-09-16T19:19:25+08:00 ] 127.0.0.1 /guest2/Public/admin/js/jquery-1.10.2.min.map
INFO: [ app_init ] --START--
INFO: Run Behavior\BuildLiteBehavior [ RunTime:0.000000s ]
INFO: [ app_init ] --END-- [ RunTime:0.001000s ]
ERR: 无法加载模块:Public

[ 2016-09-16T20:36:06+08:00 ] 127.0.0.1 /guest2/admin.php?m=GROUP_NAME&c=Nav&a=addxinxi
INFO: [ app_init ] --START--
INFO: Run Behavior\BuildLiteBehavior [ RunTime:0.000000s ]
INFO: [ app_init ] --END-- [ RunTime:0.001001s ]
ERR: 无法加载模块:GROUP_NAME

[ 2016-09-16T20:36:59+08:00 ] 127.0.0.1 /guest2/admin.php?m=GROUP_NAME&c=Nav&a=addxinxi
INFO: [ app_init ] --START--
INFO: Run Behavior\BuildLiteBehavior [ RunTime:0.000000s ]
INFO: [ app_init ] --END-- [ RunTime:0.001000s ]
ERR: 无法加载模块:GROUP_NAME

[ 2016-09-16T20:39:01+08:00 ] 127.0.0.1 /guest2/Public/admin/img/favicon.ico
INFO: [ app_init ] --START--
INFO: Run Behavior\BuildLiteBehavior [ RunTime:0.000000s ]
INFO: [ app_init ] --END-- [ RunTime:0.001000s ]
ERR: 无法加载模块:Public

[ 2016-09-16T20:39:27+08:00 ] 127.0.0.1 /guest2/admin.php?m=GROUP_NAME&c=Nav&a=addxinxi
INFO: [ app_init ] --START--
INFO: Run Behavior\BuildLiteBehavior [ RunTime:0.000000s ]
INFO: [ app_init ] --END-- [ RunTime:0.001000s ]
ERR: 无法加载模块:GROUP_NAME

[ 2016-09-16T20:41:33+08:00 ] 127.0.0.1 /guest2/admin.php?m=GROUP_NAME&c=Nav&a=addxinxi
INFO: [ app_init ] --START--
INFO: Run Behavior\BuildLiteBehavior [ RunTime:0.000000s ]
INFO: [ app_init ] --END-- [ RunTime:0.002000s ]
ERR: 无法加载模块:GROUP_NAME

[ 2016-09-16T20:42:34+08:00 ] 127.0.0.1 /guest2/admin.php?m=GROUP_NAME&c=Nav&a=addxinxi
INFO: [ app_init ] --START--
INFO: Run Behavior\BuildLiteBehavior [ RunTime:0.000000s ]
INFO: [ app_init ] --END-- [ RunTime:0.002000s ]
ERR: 无法加载模块:GROUP_NAME

[ 2016-09-16T21:41:01+08:00 ] 127.0.0.1 /guest2/Public/admin/plugins/nanoScroller/jquery.nanoscroller.min.js.map
INFO: [ app_init ] --START--
INFO: Run Behavior\BuildLiteBehavior [ RunTime:0.000000s ]
INFO: [ app_init ] --END-- [ RunTime:0.001000s ]
ERR: 无法加载模块:Public

[ 2016-09-16T21:48:09+08:00 ] 127.0.0.1 /guest2/Public/admin/js/jquery-1.10.2.min.map
INFO: [ app_init ] --START--
INFO: Run Behavior\BuildLiteBehavior [ RunTime:0.001001s ]
INFO: [ app_init ] --END-- [ RunTime:0.002001s ]
ERR: 无法加载模块:Public

[ 2016-09-16T21:48:09+08:00 ] 127.0.0.1 /guest2/Public/admin/plugins/nanoScroller/jquery.nanoscroller.min.js.map
INFO: [ app_init ] --START--
INFO: Run Behavior\BuildLiteBehavior [ RunTime:0.000000s ]
INFO: [ app_init ] --END-- [ RunTime:0.002000s ]
ERR: 无法加载模块:Public

[ 2016-09-16T21:48:24+08:00 ] 127.0.0.1 /guest2/Public/admin/js/jquery-1.10.2.min.map
INFO: [ app_init ] --START--
INFO: Run Behavior\BuildLiteBehavior [ RunTime:0.000000s ]
INFO: [ app_init ] --END-- [ RunTime:0.002000s ]
ERR: 无法加载模块:Public

[ 2016-09-16T22:28:58+08:00 ] 127.0.0.1 /guest2/Public/admin/js/jquery-1.10.2.min.map
INFO: [ app_init ] --START--
INFO: Run Behavior\BuildLiteBehavior [ RunTime:0.000000s ]
INFO: [ app_init ] --END-- [ RunTime:0.002000s ]
ERR: 无法加载模块:Public

