[ 2016-09-27T13:56:01+08:00 ] 127.0.0.1 /guest2/Public/admin/img/favicon.ico
INFO: [ app_init ] --START--
INFO: Run Behavior\BuildLiteBehavior [ RunTime:0.000000s ]
INFO: [ app_init ] --END-- [ RunTime:0.001000s ]
ERR: 无法加载模块:Public

[ 2016-09-27T14:04:15+08:00 ] 127.0.0.1 /guest2/Public/admin/js/colorpicker.js
INFO: [ app_init ] --START--
INFO: Run Behavior\BuildLiteBehavior [ RunTime:0.000000s ]
INFO: [ app_init ] --END-- [ RunTime:0.001000s ]
ERR: 无法加载模块:Public

[ 2016-09-27T14:04:15+08:00 ] 127.0.0.1 /guest2/53eb13f1cdb62.png
INFO: [ app_init ] --START--
INFO: Run Behavior\BuildLiteBehavior [ RunTime:0.000000s ]
INFO: [ app_init ] --END-- [ RunTime:0.000000s ]
ERR: 无法加载模块:53eb13f1cdb62

[ 2016-09-27T14:04:29+08:00 ] 127.0.0.1 /guest2/Public/admin/js/colorpicker.js
INFO: [ app_init ] --START--
INFO: Run Behavior\BuildLiteBehavior [ RunTime:0.000000s ]
INFO: [ app_init ] --END-- [ RunTime:0.002000s ]
ERR: 无法加载模块:Public

[ 2016-09-27T14:32:58+08:00 ] 127.0.0.1 /guest2/admin.php?m=GROUP_NAME&c=CafeCopy&a=add
INFO: [ app_init ] --START--
INFO: Run Behavior\BuildLiteBehavior [ RunTime:0.000000s ]
INFO: [ app_init ] --END-- [ RunTime:0.001000s ]
ERR: 无法加载模块:GROUP_NAME

[ 2016-09-27T22:32:23+08:00 ] 127.0.0.1 /guest2/Public/admin/img/favicon.ico
INFO: [ app_init ] --START--
INFO: Run Behavior\BuildLiteBehavior [ RunTime:0.000000s ]
INFO: [ app_init ] --END-- [ RunTime:0.004000s ]
ERR: 无法加载模块:Public

[ 2016-09-27T22:32:37+08:00 ] 127.0.0.1 /guest2/admin.php?m=GROUP_NAME&c=Index&a=index
INFO: [ app_init ] --START--
INFO: Run Behavior\BuildLiteBehavior [ RunTime:0.000000s ]
INFO: [ app_init ] --END-- [ RunTime:0.001000s ]
ERR: 无法加载模块:GROUP_NAME

