[ 2016-09-26T19:53:45+08:00 ] 127.0.0.1 /guest2/Public/admin/img/favicon.ico
INFO: [ app_init ] --START--
INFO: Run Behavior\BuildLiteBehavior [ RunTime:0.000000s ]
INFO: [ app_init ] --END-- [ RunTime:0.000000s ]
ERR: 无法加载模块:Public

[ 2016-09-26T19:55:50+08:00 ] 127.0.0.1 /guest2/admin.php?m=GROUP_NAME&c=Essay&a=index
INFO: [ app_init ] --START--
INFO: Run Behavior\BuildLiteBehavior [ RunTime:0.000000s ]
INFO: [ app_init ] --END-- [ RunTime:0.002000s ]
ERR: 无法加载模块:GROUP_NAME

[ 2016-09-26T20:35:12+08:00 ] 127.0.0.1 /guest2/admin.php?m=GROUP_NAME&c=Essay&a=add
INFO: [ app_init ] --START--
INFO: Run Behavior\BuildLiteBehavior [ RunTime:0.000000s ]
INFO: [ app_init ] --END-- [ RunTime:0.018001s ]
ERR: 无法加载模块:GROUP_NAME

[ 2016-09-26T20:50:08+08:00 ] 127.0.0.1 /guest2/Public/admin/img/favicon.ico
INFO: [ app_init ] --START--
INFO: Run Behavior\BuildLiteBehavior [ RunTime:0.000000s ]
INFO: [ app_init ] --END-- [ RunTime:0.002000s ]
ERR: 无法加载模块:Public

[ 2016-09-26T21:10:08+08:00 ] 127.0.0.1 /guest2/admin.php?m=GROUP_NAME&c=Essay&a=editxinxi
INFO: [ app_init ] --START--
INFO: Run Behavior\BuildLiteBehavior [ RunTime:0.000000s ]
INFO: [ app_init ] --END-- [ RunTime:0.001000s ]
ERR: 无法加载模块:GROUP_NAME

[ 2016-09-26T21:11:18+08:00 ] 127.0.0.1 /guest2/admin.php?m=GROUP_NAME&c=Essay&a=editxinxi
INFO: [ app_init ] --START--
INFO: Run Behavior\BuildLiteBehavior [ RunTime:0.000000s ]
INFO: [ app_init ] --END-- [ RunTime:0.001000s ]
ERR: 无法加载模块:GROUP_NAME

[ 2016-09-26T21:11:20+08:00 ] 127.0.0.1 /guest2/admin.php?m=GROUP_NAME&c=Essay&a=editxinxi
INFO: [ app_init ] --START--
INFO: Run Behavior\BuildLiteBehavior [ RunTime:0.000000s ]
INFO: [ app_init ] --END-- [ RunTime:0.001000s ]
ERR: 无法加载模块:GROUP_NAME

[ 2016-09-26T21:43:00+08:00 ] 127.0.0.1 /guest2/admin.php?m=GROUP_NAME&c=Essays&a=add
INFO: [ app_init ] --START--
INFO: Run Behavior\BuildLiteBehavior [ RunTime:0.000000s ]
INFO: [ app_init ] --END-- [ RunTime:0.001000s ]
ERR: 无法加载模块:GROUP_NAME

[ 2016-09-26T21:46:29+08:00 ] 127.0.0.1 /guest2/Public/admin/js/colorpicker.js
INFO: [ app_init ] --START--
INFO: Run Behavior\BuildLiteBehavior [ RunTime:0.000000s ]
INFO: [ app_init ] --END-- [ RunTime:0.001001s ]
ERR: 无法加载模块:Public

[ 2016-09-26T21:46:57+08:00 ] 127.0.0.1 /guest2/Public/admin/js/colorpicker.js
INFO: [ app_init ] --START--
INFO: Run Behavior\BuildLiteBehavior [ RunTime:0.000000s ]
INFO: [ app_init ] --END-- [ RunTime:0.001000s ]
ERR: 无法加载模块:Public

[ 2016-09-26T21:46:57+08:00 ] 127.0.0.1 /guest2/Public/admin/js/colorpicker.js
INFO: [ app_init ] --START--
INFO: Run Behavior\BuildLiteBehavior [ RunTime:0.000000s ]
INFO: [ app_init ] --END-- [ RunTime:0.001000s ]
ERR: 无法加载模块:Public

[ 2016-09-26T21:48:47+08:00 ] 127.0.0.1 /guest2/Public/admin/js/colorpicker.js
INFO: [ app_init ] --START--
INFO: Run Behavior\BuildLiteBehavior [ RunTime:0.000000s ]
INFO: [ app_init ] --END-- [ RunTime:0.001000s ]
ERR: 无法加载模块:Public

[ 2016-09-26T21:51:44+08:00 ] 127.0.0.1 /guest2/Public/admin/js/colorpicker.js
INFO: [ app_init ] --START--
INFO: Run Behavior\BuildLiteBehavior [ RunTime:0.000000s ]
INFO: [ app_init ] --END-- [ RunTime:0.001000s ]
ERR: 无法加载模块:Public

[ 2016-09-26T21:53:11+08:00 ] 127.0.0.1 /guest2/Public/admin/js/colorpicker.js
INFO: [ app_init ] --START--
INFO: Run Behavior\BuildLiteBehavior [ RunTime:0.000000s ]
INFO: [ app_init ] --END-- [ RunTime:0.001000s ]
ERR: 无法加载模块:Public

[ 2016-09-26T21:53:40+08:00 ] 127.0.0.1 /guest2/Public/admin/js/colorpicker.js
INFO: [ app_init ] --START--
INFO: Run Behavior\BuildLiteBehavior [ RunTime:0.000000s ]
INFO: [ app_init ] --END-- [ RunTime:0.005001s ]
ERR: 无法加载模块:Public

[ 2016-09-26T21:58:14+08:00 ] 127.0.0.1 /guest2/Public/admin/js/colorpicker.js
INFO: [ app_init ] --START--
INFO: Run Behavior\BuildLiteBehavior [ RunTime:0.000000s ]
INFO: [ app_init ] --END-- [ RunTime:0.001000s ]
ERR: 无法加载模块:Public

[ 2016-09-26T22:00:23+08:00 ] 127.0.0.1 /guest2/Public/admin/js/colorpicker.js
INFO: [ app_init ] --START--
INFO: Run Behavior\BuildLiteBehavior [ RunTime:0.000000s ]
INFO: [ app_init ] --END-- [ RunTime:0.001000s ]
ERR: 无法加载模块:Public

[ 2016-09-26T22:02:14+08:00 ] 127.0.0.1 /guest2/Public/admin/js/colorpicker.js
INFO: [ app_init ] --START--
INFO: Run Behavior\BuildLiteBehavior [ RunTime:0.000000s ]
INFO: [ app_init ] --END-- [ RunTime:0.009001s ]
ERR: 无法加载模块:Public

[ 2016-09-26T22:05:43+08:00 ] 127.0.0.1 /guest2/Public/admin/js/colorpicker.js
INFO: [ app_init ] --START--
INFO: Run Behavior\BuildLiteBehavior [ RunTime:0.000000s ]
INFO: [ app_init ] --END-- [ RunTime:0.004000s ]
ERR: 无法加载模块:Public

[ 2016-09-26T22:06:20+08:00 ] 127.0.0.1 /guest2/Public/admin/js/colorpicker.js
INFO: [ app_init ] --START--
INFO: Run Behavior\BuildLiteBehavior [ RunTime:0.000000s ]
INFO: [ app_init ] --END-- [ RunTime:0.001000s ]
ERR: 无法加载模块:Public

[ 2016-09-26T22:06:35+08:00 ] 127.0.0.1 /guest2/Public/admin/js/colorpicker.js
INFO: [ app_init ] --START--
INFO: Run Behavior\BuildLiteBehavior [ RunTime:0.001000s ]
INFO: [ app_init ] --END-- [ RunTime:0.002000s ]
ERR: 无法加载模块:Public

[ 2016-09-26T22:13:27+08:00 ] 127.0.0.1 /guest2/Public/admin/plugins/img/uploadify-cancel.png
INFO: [ app_init ] --START--
INFO: Run Behavior\BuildLiteBehavior [ RunTime:0.000000s ]
INFO: [ app_init ] --END-- [ RunTime:0.001000s ]
ERR: 无法加载模块:Public

[ 2016-09-26T22:16:25+08:00 ] 127.0.0.1 /guest2/Public/admin/js/colorpicker.js
INFO: [ app_init ] --START--
INFO: Run Behavior\BuildLiteBehavior [ RunTime:0.000000s ]
INFO: [ app_init ] --END-- [ RunTime:0.001000s ]
ERR: 无法加载模块:Public

[ 2016-09-26T22:21:40+08:00 ] 127.0.0.1 /guest2/Public/admin/plugins/img/uploadify-cancel.png
INFO: [ app_init ] --START--
INFO: Run Behavior\BuildLiteBehavior [ RunTime:0.000000s ]
INFO: [ app_init ] --END-- [ RunTime:0.001000s ]
ERR: 无法加载模块:Public

[ 2016-09-26T22:21:53+08:00 ] 127.0.0.1 /guest2/Public/admin/js/colorpicker.js
INFO: [ app_init ] --START--
INFO: Run Behavior\BuildLiteBehavior [ RunTime:0.000000s ]
INFO: [ app_init ] --END-- [ RunTime:0.002000s ]
ERR: 无法加载模块:Public

[ 2016-09-26T22:22:50+08:00 ] 127.0.0.1 /guest2/Public/admin/js/colorpicker.js
INFO: [ app_init ] --START--
INFO: Run Behavior\BuildLiteBehavior [ RunTime:0.000000s ]
INFO: [ app_init ] --END-- [ RunTime:0.002000s ]
ERR: 无法加载模块:Public

[ 2016-09-26T22:29:46+08:00 ] 127.0.0.1 /guest2/Uploads/essay//guest2/Uploads/essay/57e93096b5580.jpg
INFO: [ app_init ] --START--
INFO: Run Behavior\BuildLiteBehavior [ RunTime:0.000000s ]
INFO: [ app_init ] --END-- [ RunTime:0.001000s ]
ERR: 无法加载模块:Uploads

[ 2016-09-26T22:29:56+08:00 ] 127.0.0.1 /guest2/Uploads/essay//guest2/Uploads/essay/57e93096b5580.jpg
INFO: [ app_init ] --START--
INFO: Run Behavior\BuildLiteBehavior [ RunTime:0.000000s ]
INFO: [ app_init ] --END-- [ RunTime:0.002000s ]
ERR: 无法加载模块:Uploads

[ 2016-09-26T22:30:04+08:00 ] 127.0.0.1 /guest2/Uploads/essay//guest2/Uploads/essay/57e93096b5580.jpg
INFO: [ app_init ] --START--
INFO: Run Behavior\BuildLiteBehavior [ RunTime:0.000000s ]
INFO: [ app_init ] --END-- [ RunTime:0.001000s ]
ERR: 无法加载模块:Uploads

[ 2016-09-26T22:30:08+08:00 ] 127.0.0.1 /guest2/Uploads/essay//guest2/Uploads/essay/57e93096b5580.jpg
INFO: [ app_init ] --START--
INFO: Run Behavior\BuildLiteBehavior [ RunTime:0.000000s ]
INFO: [ app_init ] --END-- [ RunTime:0.001000s ]
ERR: 无法加载模块:Uploads

[ 2016-09-26T22:31:44+08:00 ] 127.0.0.1 /guest2/Uploads/essay//guest2/Uploads/essay/57e93096b5580.jpg
INFO: [ app_init ] --START--
INFO: Run Behavior\BuildLiteBehavior [ RunTime:0.000000s ]
INFO: [ app_init ] --END-- [ RunTime:0.001001s ]
ERR: 无法加载模块:Uploads

[ 2016-09-26T22:33:02+08:00 ] 127.0.0.1 /guest2/Uploads/essay//guest2/Uploads/essay/57e93096b5580.jpg
INFO: [ app_init ] --START--
INFO: Run Behavior\BuildLiteBehavior [ RunTime:0.000000s ]
INFO: [ app_init ] --END-- [ RunTime:0.001000s ]
ERR: 无法加载模块:Uploads

[ 2016-09-26T22:35:05+08:00 ] 127.0.0.1 /guest2/Uploads/essay//guest2/Uploads/essay/57e93096b5580.jpg
INFO: [ app_init ] --START--
INFO: Run Behavior\BuildLiteBehavior [ RunTime:0.000000s ]
INFO: [ app_init ] --END-- [ RunTime:0.001000s ]
ERR: 无法加载模块:Uploads

[ 2016-09-26T22:35:49+08:00 ] 127.0.0.1 /guest2/Uploads/essay//guest2/Uploads/essay/57e93096b5580.jpg
INFO: [ app_init ] --START--
INFO: Run Behavior\BuildLiteBehavior [ RunTime:0.000000s ]
INFO: [ app_init ] --END-- [ RunTime:0.001000s ]
ERR: 无法加载模块:Uploads

[ 2016-09-26T22:38:09+08:00 ] 127.0.0.1 /guest2/undefined&id=6
INFO: [ app_init ] --START--
INFO: Run Behavior\BuildLiteBehavior [ RunTime:0.000000s ]
INFO: [ app_init ] --END-- [ RunTime:0.001000s ]
ERR: 无法加载模块:Undefined&id=6

[ 2016-09-26T22:39:22+08:00 ] 127.0.0.1 /guest2/Public/admin/js/colorpicker.js
INFO: [ app_init ] --START--
INFO: Run Behavior\BuildLiteBehavior [ RunTime:0.000000s ]
INFO: [ app_init ] --END-- [ RunTime:0.001000s ]
ERR: 无法加载模块:Public

[ 2016-09-26T22:39:52+08:00 ] 127.0.0.1 /guest2/Public/admin/js/colorpicker.js
INFO: [ app_init ] --START--
INFO: Run Behavior\BuildLiteBehavior [ RunTime:0.000000s ]
INFO: [ app_init ] --END-- [ RunTime:0.000000s ]
ERR: 无法加载模块:Public

[ 2016-09-26T22:39:57+08:00 ] 127.0.0.1 /guest2/Public/admin/js/colorpicker.js
INFO: [ app_init ] --START--
INFO: Run Behavior\BuildLiteBehavior [ RunTime:0.000000s ]
INFO: [ app_init ] --END-- [ RunTime:0.001000s ]
ERR: 无法加载模块:Public

[ 2016-09-26T22:40:01+08:00 ] 127.0.0.1 /guest2/Public/admin/js/colorpicker.js
INFO: [ app_init ] --START--
INFO: Run Behavior\BuildLiteBehavior [ RunTime:0.000000s ]
INFO: [ app_init ] --END-- [ RunTime:0.006001s ]
ERR: 无法加载模块:Public

[ 2016-09-26T22:40:52+08:00 ] 127.0.0.1 /guest2/Public/admin/js/colorpicker.js
INFO: [ app_init ] --START--
INFO: Run Behavior\BuildLiteBehavior [ RunTime:0.001000s ]
INFO: [ app_init ] --END-- [ RunTime:0.005000s ]
ERR: 无法加载模块:Public

[ 2016-09-26T22:41:28+08:00 ] 127.0.0.1 /guest2/Public/admin/js/colorpicker.js
INFO: [ app_init ] --START--
INFO: Run Behavior\BuildLiteBehavior [ RunTime:0.000000s ]
INFO: [ app_init ] --END-- [ RunTime:0.001000s ]
ERR: 无法加载模块:Public

[ 2016-09-26T22:43:51+08:00 ] 127.0.0.1 /guest2/Public/admin/js/colorpicker.js
INFO: [ app_init ] --START--
INFO: Run Behavior\BuildLiteBehavior [ RunTime:0.000000s ]
INFO: [ app_init ] --END-- [ RunTime:0.001000s ]
ERR: 无法加载模块:Public

[ 2016-09-26T22:43:58+08:00 ] 127.0.0.1 /guest2/Public/admin/js/colorpicker.js
INFO: [ app_init ] --START--
INFO: Run Behavior\BuildLiteBehavior [ RunTime:0.000000s ]
INFO: [ app_init ] --END-- [ RunTime:0.001000s ]
ERR: 无法加载模块:Public

[ 2016-09-26T22:45:01+08:00 ] 127.0.0.1 /guest2/Public/admin/js/colorpicker.js
INFO: [ app_init ] --START--
INFO: Run Behavior\BuildLiteBehavior [ RunTime:0.000000s ]
INFO: [ app_init ] --END-- [ RunTime:0.001000s ]
ERR: 无法加载模块:Public

[ 2016-09-26T22:45:01+08:00 ] 127.0.0.1 /guest2/Public/admin/js/colorpicker.js
INFO: [ app_init ] --START--
INFO: Run Behavior\BuildLiteBehavior [ RunTime:0.000000s ]
INFO: [ app_init ] --END-- [ RunTime:0.003000s ]
ERR: 无法加载模块:Public

[ 2016-09-26T22:47:11+08:00 ] 127.0.0.1 /guest2/Public/admin/js/colorpicker.js
INFO: [ app_init ] --START--
INFO: Run Behavior\BuildLiteBehavior [ RunTime:0.000000s ]
INFO: [ app_init ] --END-- [ RunTime:0.001000s ]
ERR: 无法加载模块:Public

[ 2016-09-26T22:47:11+08:00 ] 127.0.0.1 /guest2/53eb13f1cdb62.png
INFO: [ app_init ] --START--
INFO: Run Behavior\BuildLiteBehavior [ RunTime:0.000000s ]
INFO: [ app_init ] --END-- [ RunTime:0.001000s ]
ERR: 无法加载模块:53eb13f1cdb62

[ 2016-09-26T22:47:54+08:00 ] 127.0.0.1 /guest2/Public/admin/js/colorpicker.js
INFO: [ app_init ] --START--
INFO: Run Behavior\BuildLiteBehavior [ RunTime:0.000000s ]
INFO: [ app_init ] --END-- [ RunTime:0.001000s ]
ERR: 无法加载模块:Public

[ 2016-09-26T22:47:54+08:00 ] 127.0.0.1 /guest2/53eb13f1cdb62.png
INFO: [ app_init ] --START--
INFO: Run Behavior\BuildLiteBehavior [ RunTime:0.000000s ]
INFO: [ app_init ] --END-- [ RunTime:0.001000s ]
ERR: 无法加载模块:53eb13f1cdb62

[ 2016-09-26T22:47:58+08:00 ] 127.0.0.1 /guest2/admin.php?m=GROUP_NAME&c=Essays&a=editxinxi
INFO: [ app_init ] --START--
INFO: Run Behavior\BuildLiteBehavior [ RunTime:0.000000s ]
INFO: [ app_init ] --END-- [ RunTime:0.002000s ]
ERR: 无法加载模块:GROUP_NAME

[ 2016-09-26T22:48:05+08:00 ] 127.0.0.1 /guest2/admin.php?m=GROUP_NAME&c=Essays&a=editxinxi
INFO: [ app_init ] --START--
INFO: Run Behavior\BuildLiteBehavior [ RunTime:0.000000s ]
INFO: [ app_init ] --END-- [ RunTime:0.003000s ]
ERR: 无法加载模块:GROUP_NAME

[ 2016-09-26T22:48:12+08:00 ] 127.0.0.1 /guest2/Public/admin/js/colorpicker.js
INFO: [ app_init ] --START--
INFO: Run Behavior\BuildLiteBehavior [ RunTime:0.000000s ]
INFO: [ app_init ] --END-- [ RunTime:0.001000s ]
ERR: 无法加载模块:Public

[ 2016-09-26T22:48:12+08:00 ] 127.0.0.1 /guest2/53eb13f1cdb62.png
INFO: [ app_init ] --START--
INFO: Run Behavior\BuildLiteBehavior [ RunTime:0.000000s ]
INFO: [ app_init ] --END-- [ RunTime:0.001000s ]
ERR: 无法加载模块:53eb13f1cdb62

[ 2016-09-26T22:49:33+08:00 ] 127.0.0.1 /guest2/admin.php?m=GROUP_NAME&c=Essays&a=editxinxi
INFO: [ app_init ] --START--
INFO: Run Behavior\BuildLiteBehavior [ RunTime:0.000000s ]
INFO: [ app_init ] --END-- [ RunTime:0.002000s ]
ERR: 无法加载模块:GROUP_NAME

[ 2016-09-26T22:49:41+08:00 ] 127.0.0.1 /guest2/Public/admin/js/colorpicker.js
INFO: [ app_init ] --START--
INFO: Run Behavior\BuildLiteBehavior [ RunTime:0.000000s ]
INFO: [ app_init ] --END-- [ RunTime:0.001000s ]
ERR: 无法加载模块:Public

[ 2016-09-26T22:49:41+08:00 ] 127.0.0.1 /guest2/53eb13f1cdb62.png
INFO: [ app_init ] --START--
INFO: Run Behavior\BuildLiteBehavior [ RunTime:0.000000s ]
INFO: [ app_init ] --END-- [ RunTime:0.001000s ]
ERR: 无法加载模块:53eb13f1cdb62

