[ 2016-10-29T12:27:04+08:00 ] 127.0.0.1 /guest2/Uploads/logo//guest2/Uploads/logo/581061b411dd6.png
INFO: [ app_init ] --START--
INFO: Run Behavior\BuildLiteBehavior [ RunTime:0.000000s ]
INFO: [ app_init ] --END-- [ RunTime:0.001000s ]
ERR: 无法加载模块:Uploads

[ 2016-10-29T12:27:10+08:00 ] 127.0.0.1 /guest2/Uploads/logo//guest2/Uploads/logo/581061b411dd6.png
INFO: [ app_init ] --START--
INFO: Run Behavior\BuildLiteBehavior [ RunTime:0.000000s ]
INFO: [ app_init ] --END-- [ RunTime:0.001000s ]
ERR: 无法加载模块:Uploads

[ 2016-10-29T12:27:13+08:00 ] 127.0.0.1 /guest2/Uploads/logo//guest2/Uploads/logo/581061b411dd6.png
INFO: [ app_init ] --START--
INFO: Run Behavior\BuildLiteBehavior [ RunTime:0.000000s ]
INFO: [ app_init ] --END-- [ RunTime:0.001000s ]
ERR: 无法加载模块:Uploads

[ 2016-10-29T12:27:16+08:00 ] 127.0.0.1 /guest2/Uploads/logo//guest2/Uploads/logo/581061b411dd6.png
INFO: [ app_init ] --START--
INFO: Run Behavior\BuildLiteBehavior [ RunTime:0.000000s ]
INFO: [ app_init ] --END-- [ RunTime:0.001000s ]
ERR: 无法加载模块:Uploads

[ 2016-10-29T12:27:18+08:00 ] 127.0.0.1 /guest2/Uploads/logo//guest2/Uploads/logo/581061b411dd6.png
INFO: [ app_init ] --START--
INFO: Run Behavior\BuildLiteBehavior [ RunTime:0.000000s ]
INFO: [ app_init ] --END-- [ RunTime:0.002000s ]
ERR: 无法加载模块:Uploads

[ 2016-10-29T12:27:21+08:00 ] 127.0.0.1 /guest2/Uploads/logo//guest2/Uploads/logo/581061b411dd6.png
INFO: [ app_init ] --START--
INFO: Run Behavior\BuildLiteBehavior [ RunTime:0.000000s ]
INFO: [ app_init ] --END-- [ RunTime:0.000000s ]
ERR: 无法加载模块:Uploads

[ 2016-10-29T12:27:23+08:00 ] 127.0.0.1 /guest2/Uploads/logo//guest2/Uploads/logo/581061b411dd6.png
INFO: [ app_init ] --START--
INFO: Run Behavior\BuildLiteBehavior [ RunTime:0.000000s ]
INFO: [ app_init ] --END-- [ RunTime:0.001000s ]
ERR: 无法加载模块:Uploads

[ 2016-10-29T12:27:26+08:00 ] 127.0.0.1 /guest2/Uploads/logo//guest2/Uploads/logo/581061b411dd6.png
INFO: [ app_init ] --START--
INFO: Run Behavior\BuildLiteBehavior [ RunTime:0.000000s ]
INFO: [ app_init ] --END-- [ RunTime:0.001000s ]
ERR: 无法加载模块:Uploads

[ 2016-10-29T12:27:29+08:00 ] 127.0.0.1 /guest2/Uploads/logo//guest2/Uploads/logo/581061b411dd6.png
INFO: [ app_init ] --START--
INFO: Run Behavior\BuildLiteBehavior [ RunTime:0.000000s ]
INFO: [ app_init ] --END-- [ RunTime:0.001000s ]
ERR: 无法加载模块:Uploads

[ 2016-10-29T12:27:33+08:00 ] 127.0.0.1 /guest2/Uploads/logo//guest2/Uploads/logo/581061b411dd6.png
INFO: [ app_init ] --START--
INFO: Run Behavior\BuildLiteBehavior [ RunTime:0.000000s ]
INFO: [ app_init ] --END-- [ RunTime:0.001000s ]
ERR: 无法加载模块:Uploads

[ 2016-10-29T12:27:39+08:00 ] 127.0.0.1 /guest2/Uploads/logo//guest2/Uploads/logo/581061b411dd6.png
INFO: [ app_init ] --START--
INFO: Run Behavior\BuildLiteBehavior [ RunTime:0.000000s ]
INFO: [ app_init ] --END-- [ RunTime:0.001000s ]
ERR: 无法加载模块:Uploads

[ 2016-10-29T12:27:47+08:00 ] 127.0.0.1 /guest2/Uploads/logo//guest2/Uploads/logo/581061b411dd6.png
INFO: [ app_init ] --START--
INFO: Run Behavior\BuildLiteBehavior [ RunTime:0.000000s ]
INFO: [ app_init ] --END-- [ RunTime:0.001000s ]
ERR: 无法加载模块:Uploads

[ 2016-10-29T12:28:20+08:00 ] 127.0.0.1 /guest2/Uploads/logo//guest2/Uploads/logo/581061b411dd6.png
INFO: [ app_init ] --START--
INFO: Run Behavior\BuildLiteBehavior [ RunTime:0.000000s ]
INFO: [ app_init ] --END-- [ RunTime:0.003000s ]
ERR: 无法加载模块:Uploads

[ 2016-10-29T12:28:49+08:00 ] 127.0.0.1 /guest2/Uploads/logo//guest2/Uploads/logo/581061b411dd6.png
INFO: [ app_init ] --START--
INFO: Run Behavior\BuildLiteBehavior [ RunTime:0.000000s ]
INFO: [ app_init ] --END-- [ RunTime:0.000000s ]
ERR: 无法加载模块:Uploads

[ 2016-10-29T12:33:51+08:00 ] 127.0.0.1 /guest2/Uploads/logo//guest2/Uploads/logo/581061b411dd6.png
INFO: [ app_init ] --START--
INFO: Run Behavior\BuildLiteBehavior [ RunTime:0.000000s ]
INFO: [ app_init ] --END-- [ RunTime:0.001000s ]
ERR: 无法加载模块:Uploads

