[ 2016-11-14T12:49:32+08:00 ] 127.0.0.1 /guest2/Uploads/logo//guest2/Uploads/logo/581061b411dd6.png
INFO: [ app_init ] --START--
INFO: Run Behavior\BuildLiteBehavior [ RunTime:0.000000s ]
INFO: [ app_init ] --END-- [ RunTime:0.001001s ]
ERR: 无法加载模块:Uploads

[ 2016-11-14T12:49:33+08:00 ] 127.0.0.1 /guest2/Uploads/logo//guest2/Uploads/logo/581061b411dd6.png
INFO: [ app_init ] --START--
INFO: Run Behavior\BuildLiteBehavior [ RunTime:0.000000s ]
INFO: [ app_init ] --END-- [ RunTime:0.001000s ]
ERR: 无法加载模块:Uploads

[ 2016-11-14T16:15:23+08:00 ] 127.0.0.1 /guest2/Public/admin/img/favicon.ico
INFO: [ app_init ] --START--
INFO: Run Behavior\BuildLiteBehavior [ RunTime:0.000500s ]
INFO: [ app_init ] --END-- [ RunTime:0.001000s ]
ERR: 无法加载模块:Public

[ 2016-11-14T16:17:12+08:00 ] 127.0.0.1 /guest2/57d7e2f97b094.jpg
INFO: [ app_init ] --START--
INFO: Run Behavior\BuildLiteBehavior [ RunTime:0.000000s ]
INFO: [ app_init ] --END-- [ RunTime:0.001000s ]
ERR: 无法加载模块:57d7e2f97b094

[ 2016-11-14T16:17:12+08:00 ] 127.0.0.1 /guest2/57d7e2f97b094.jpg
INFO: [ app_init ] --START--
INFO: Run Behavior\BuildLiteBehavior [ RunTime:0.000500s ]
INFO: [ app_init ] --END-- [ RunTime:0.001500s ]
ERR: 无法加载模块:57d7e2f97b094

[ 2016-11-14T16:18:53+08:00 ] 127.0.0.1 /guest2/57d7e2f97b094.jpg
INFO: [ app_init ] --START--
INFO: Run Behavior\BuildLiteBehavior [ RunTime:0.000000s ]
INFO: [ app_init ] --END-- [ RunTime:0.001000s ]
ERR: 无法加载模块:57d7e2f97b094

[ 2016-11-14T16:18:54+08:00 ] 127.0.0.1 /guest2/57d7e2f97b094.jpg
INFO: [ app_init ] --START--
INFO: Run Behavior\BuildLiteBehavior [ RunTime:0.000501s ]
INFO: [ app_init ] --END-- [ RunTime:0.004501s ]
ERR: 无法加载模块:57d7e2f97b094

[ 2016-11-14T16:19:26+08:00 ] 127.0.0.1 /guest2/admin.php?m=GROUP_NAME&c=Index&a=index
INFO: [ app_init ] --START--
INFO: Run Behavior\BuildLiteBehavior [ RunTime:0.000000s ]
INFO: [ app_init ] --END-- [ RunTime:0.001000s ]
ERR: 无法加载模块:GROUP_NAME

[ 2016-11-14T16:19:35+08:00 ] 127.0.0.1 /guest2/57d7e2f97b094.jpg
INFO: [ app_init ] --START--
INFO: Run Behavior\BuildLiteBehavior [ RunTime:0.000500s ]
INFO: [ app_init ] --END-- [ RunTime:0.001000s ]
ERR: 无法加载模块:57d7e2f97b094

[ 2016-11-14T16:19:40+08:00 ] 127.0.0.1 /guest2/Public/admin/js/colorpicker.js
INFO: [ app_init ] --START--
INFO: Run Behavior\BuildLiteBehavior [ RunTime:0.000000s ]
INFO: [ app_init ] --END-- [ RunTime:0.001000s ]
ERR: 无法加载模块:Public

[ 2016-11-14T16:19:40+08:00 ] 127.0.0.1 /guest2/57d7e2f97b094.jpg
INFO: [ app_init ] --START--
INFO: Run Behavior\BuildLiteBehavior [ RunTime:0.000000s ]
INFO: [ app_init ] --END-- [ RunTime:0.001500s ]
ERR: 无法加载模块:57d7e2f97b094

[ 2016-11-14T16:19:41+08:00 ] 127.0.0.1 /guest2/Public/admin/js/colorpicker.js
INFO: [ app_init ] --START--
INFO: Run Behavior\BuildLiteBehavior [ RunTime:0.000000s ]
INFO: [ app_init ] --END-- [ RunTime:0.000500s ]
ERR: 无法加载模块:Public

[ 2016-11-14T16:19:41+08:00 ] 127.0.0.1 /guest2/57d7e2f97b094.jpg
INFO: [ app_init ] --START--
INFO: Run Behavior\BuildLiteBehavior [ RunTime:0.000000s ]
INFO: [ app_init ] --END-- [ RunTime:0.000500s ]
ERR: 无法加载模块:57d7e2f97b094

[ 2016-11-14T16:38:07+08:00 ] 127.0.0.1 /guest2/admin.php?m=GROUP_NAME&c=Cache&a=cache
INFO: [ app_init ] --START--
INFO: Run Behavior\BuildLiteBehavior [ RunTime:0.003000s ]
INFO: [ app_init ] --END-- [ RunTime:0.004000s ]
ERR: 无法加载模块:GROUP_NAME

[ 2016-11-14T16:48:17+08:00 ] 127.0.0.1 /guest2/admin.php?m=GROUP_NAME&c=Cache&a=index
INFO: [ app_init ] --START--
INFO: Run Behavior\BuildLiteBehavior [ RunTime:0.000000s ]
INFO: [ app_init ] --END-- [ RunTime:0.001500s ]
ERR: 无法加载模块:GROUP_NAME

[ 2016-11-14T16:55:03+08:00 ] 127.0.0.1 /guest2/admin.php?m=GROUP_NAME&c=Index&a=index
INFO: [ app_init ] --START--
INFO: Run Behavior\BuildLiteBehavior [ RunTime:0.000000s ]
INFO: [ app_init ] --END-- [ RunTime:0.001000s ]
ERR: 无法加载模块:GROUP_NAME

[ 2016-11-14T16:56:07+08:00 ] 127.0.0.1 /guest2/admin.php?m=GROUP_NAME&c=Index&a=index
INFO: [ app_init ] --START--
INFO: Run Behavior\BuildLiteBehavior [ RunTime:0.000000s ]
INFO: [ app_init ] --END-- [ RunTime:0.001000s ]
ERR: 无法加载模块:GROUP_NAME

[ 2016-11-14T16:56:10+08:00 ] 127.0.0.1 /guest2/admin.php?m=GROUP_NAME&c=Index&a=index
INFO: [ app_init ] --START--
INFO: Run Behavior\BuildLiteBehavior [ RunTime:0.000000s ]
INFO: [ app_init ] --END-- [ RunTime:0.000500s ]
ERR: 无法加载模块:GROUP_NAME

[ 2016-11-14T16:57:38+08:00 ] 127.0.0.1 /guest2/57d7e2f97b094.jpg
INFO: [ app_init ] --START--
INFO: Run Behavior\BuildLiteBehavior [ RunTime:0.000000s ]
INFO: [ app_init ] --END-- [ RunTime:0.001000s ]
ERR: 无法加载模块:57d7e2f97b094

[ 2016-11-14T17:37:47+08:00 ] 127.0.0.1 /guest2/57d7e2f97b094.jpg
INFO: [ app_init ] --START--
INFO: Run Behavior\BuildLiteBehavior [ RunTime:0.000000s ]
INFO: [ app_init ] --END-- [ RunTime:0.000000s ]
ERR: 无法加载模块:57d7e2f97b094

[ 2016-11-14T17:37:47+08:00 ] 127.0.0.1 /guest2/Public/admin/js/colorpicker.js
INFO: [ app_init ] --START--
INFO: Run Behavior\BuildLiteBehavior [ RunTime:0.000000s ]
INFO: [ app_init ] --END-- [ RunTime:0.001000s ]
ERR: 无法加载模块:Public

[ 2016-11-14T17:38:02+08:00 ] 127.0.0.1 /guest2/Public/admin/plugins/img/uploadify-cancel.png
INFO: [ app_init ] --START--
INFO: Run Behavior\BuildLiteBehavior [ RunTime:0.000000s ]
INFO: [ app_init ] --END-- [ RunTime:0.001000s ]
ERR: 无法加载模块:Public

[ 2016-11-14T17:40:16+08:00 ] 127.0.0.1 /guest2/Public/admin/js/colorpicker.js
INFO: [ app_init ] --START--
INFO: Run Behavior\BuildLiteBehavior [ RunTime:0.000000s ]
INFO: [ app_init ] --END-- [ RunTime:0.001000s ]
ERR: 无法加载模块:Public

[ 2016-11-14T17:40:17+08:00 ] 127.0.0.1 /guest2/Public/admin/js/colorpicker.js
INFO: [ app_init ] --START--
INFO: Run Behavior\BuildLiteBehavior [ RunTime:0.000000s ]
INFO: [ app_init ] --END-- [ RunTime:0.000000s ]
ERR: 无法加载模块:Public

[ 2016-11-14T17:40:33+08:00 ] 127.0.0.1 /guest2/57d7e2f97b094.jpg
INFO: [ app_init ] --START--
INFO: Run Behavior\BuildLiteBehavior [ RunTime:0.000000s ]
INFO: [ app_init ] --END-- [ RunTime:0.002000s ]
ERR: 无法加载模块:57d7e2f97b094

[ 2016-11-14T17:40:34+08:00 ] 127.0.0.1 /guest2/57d7e2f97b094.jpg
INFO: [ app_init ] --START--
INFO: Run Behavior\BuildLiteBehavior [ RunTime:0.000000s ]
INFO: [ app_init ] --END-- [ RunTime:0.001000s ]
ERR: 无法加载模块:57d7e2f97b094

[ 2016-11-14T17:40:39+08:00 ] 127.0.0.1 /guest2/Public/admin/js/colorpicker.js
INFO: [ app_init ] --START--
INFO: Run Behavior\BuildLiteBehavior [ RunTime:0.000000s ]
INFO: [ app_init ] --END-- [ RunTime:0.001000s ]
ERR: 无法加载模块:Public

[ 2016-11-14T17:40:39+08:00 ] 127.0.0.1 /guest2/57d7e2f97b094.jpg
INFO: [ app_init ] --START--
INFO: Run Behavior\BuildLiteBehavior [ RunTime:0.000000s ]
INFO: [ app_init ] --END-- [ RunTime:0.000000s ]
ERR: 无法加载模块:57d7e2f97b094

[ 2016-11-14T17:40:39+08:00 ] 127.0.0.1 /guest2/Public/admin/js/colorpicker.js
INFO: [ app_init ] --START--
INFO: Run Behavior\BuildLiteBehavior [ RunTime:0.000000s ]
INFO: [ app_init ] --END-- [ RunTime:0.000000s ]
ERR: 无法加载模块:Public

[ 2016-11-14T17:40:39+08:00 ] 127.0.0.1 /guest2/57d7e2f97b094.jpg
INFO: [ app_init ] --START--
INFO: Run Behavior\BuildLiteBehavior [ RunTime:0.000000s ]
INFO: [ app_init ] --END-- [ RunTime:0.001000s ]
ERR: 无法加载模块:57d7e2f97b094

[ 2016-11-14T17:46:50+08:00 ] 127.0.0.1 /guest2/57d7e2f97b094.jpg
INFO: [ app_init ] --START--
INFO: Run Behavior\BuildLiteBehavior [ RunTime:0.000000s ]
INFO: [ app_init ] --END-- [ RunTime:0.001000s ]
ERR: 无法加载模块:57d7e2f97b094

[ 2016-11-14T17:47:21+08:00 ] 127.0.0.1 /guest2/Public/admin/plugins/img/uploadify-cancel.png
INFO: [ app_init ] --START--
INFO: Run Behavior\BuildLiteBehavior [ RunTime:0.000000s ]
INFO: [ app_init ] --END-- [ RunTime:0.001000s ]
ERR: 无法加载模块:Public

[ 2016-11-14T17:47:59+08:00 ] 127.0.0.1 /guest2/Public/admin/js/colorpicker.js
INFO: [ app_init ] --START--
INFO: Run Behavior\BuildLiteBehavior [ RunTime:0.000000s ]
INFO: [ app_init ] --END-- [ RunTime:0.001000s ]
ERR: 无法加载模块:Public

[ 2016-11-14T17:47:59+08:00 ] 127.0.0.1 /guest2/57d7e2f97b094.jpg
INFO: [ app_init ] --START--
INFO: Run Behavior\BuildLiteBehavior [ RunTime:0.000000s ]
INFO: [ app_init ] --END-- [ RunTime:0.002000s ]
ERR: 无法加载模块:57d7e2f97b094

[ 2016-11-14T17:47:59+08:00 ] 127.0.0.1 /guest2/Public/admin/js/colorpicker.js
INFO: [ app_init ] --START--
INFO: Run Behavior\BuildLiteBehavior [ RunTime:0.000000s ]
INFO: [ app_init ] --END-- [ RunTime:0.002000s ]
ERR: 无法加载模块:Public

[ 2016-11-14T17:48:00+08:00 ] 127.0.0.1 /guest2/57d7e2f97b094.jpg
INFO: [ app_init ] --START--
INFO: Run Behavior\BuildLiteBehavior [ RunTime:0.000000s ]
INFO: [ app_init ] --END-- [ RunTime:0.002000s ]
ERR: 无法加载模块:57d7e2f97b094

[ 2016-11-14T17:49:06+08:00 ] 127.0.0.1 /guest2/Uploads/about/57d7e2f97b094.jpg
INFO: [ app_init ] --START--
INFO: Run Behavior\BuildLiteBehavior [ RunTime:0.000000s ]
INFO: [ app_init ] --END-- [ RunTime:0.001000s ]
ERR: 无法加载模块:Uploads

[ 2016-11-14T17:49:22+08:00 ] 127.0.0.1 /guest2/57d7e2f97b094.jpg
INFO: [ app_init ] --START--
INFO: Run Behavior\BuildLiteBehavior [ RunTime:0.000000s ]
INFO: [ app_init ] --END-- [ RunTime:0.001000s ]
ERR: 无法加载模块:57d7e2f97b094

[ 2016-11-14T17:49:23+08:00 ] 127.0.0.1 /guest2/57d7e2f97b094.jpg
INFO: [ app_init ] --START--
INFO: Run Behavior\BuildLiteBehavior [ RunTime:0.000000s ]
INFO: [ app_init ] --END-- [ RunTime:0.001000s ]
ERR: 无法加载模块:57d7e2f97b094

[ 2016-11-14T17:49:25+08:00 ] 127.0.0.1 /guest2/Public/admin/js/colorpicker.js
INFO: [ app_init ] --START--
INFO: Run Behavior\BuildLiteBehavior [ RunTime:0.000000s ]
INFO: [ app_init ] --END-- [ RunTime:0.001000s ]
ERR: 无法加载模块:Public

[ 2016-11-14T17:49:25+08:00 ] 127.0.0.1 /guest2/57d7e2f97b094.jpg
INFO: [ app_init ] --START--
INFO: Run Behavior\BuildLiteBehavior [ RunTime:0.000000s ]
INFO: [ app_init ] --END-- [ RunTime:0.001000s ]
ERR: 无法加载模块:57d7e2f97b094

[ 2016-11-14T17:49:26+08:00 ] 127.0.0.1 /guest2/Public/admin/js/colorpicker.js
INFO: [ app_init ] --START--
INFO: Run Behavior\BuildLiteBehavior [ RunTime:0.000000s ]
INFO: [ app_init ] --END-- [ RunTime:0.001000s ]
ERR: 无法加载模块:Public

[ 2016-11-14T17:49:26+08:00 ] 127.0.0.1 /guest2/57d7e2f97b094.jpg
INFO: [ app_init ] --START--
INFO: Run Behavior\BuildLiteBehavior [ RunTime:0.000000s ]
INFO: [ app_init ] --END-- [ RunTime:0.001000s ]
ERR: 无法加载模块:57d7e2f97b094

[ 2016-11-14T17:49:36+08:00 ] 127.0.0.1 /guest2/Public/admin/plugins/img/uploadify-cancel.png
INFO: [ app_init ] --START--
INFO: Run Behavior\BuildLiteBehavior [ RunTime:0.000000s ]
INFO: [ app_init ] --END-- [ RunTime:0.001000s ]
ERR: 无法加载模块:Public

[ 2016-11-14T17:50:03+08:00 ] 127.0.0.1 /guest2/53ec27952afe6.jpg
INFO: [ app_init ] --START--
INFO: Run Behavior\BuildLiteBehavior [ RunTime:0.000000s ]
INFO: [ app_init ] --END-- [ RunTime:0.001000s ]
ERR: 无法加载模块:53ec27952afe6

[ 2016-11-14T17:50:03+08:00 ] 127.0.0.1 /guest2/53ec279fb7492.jpg
INFO: [ app_init ] --START--
INFO: Run Behavior\BuildLiteBehavior [ RunTime:0.000000s ]
INFO: [ app_init ] --END-- [ RunTime:0.001000s ]
ERR: 无法加载模块:53ec279fb7492

[ 2016-11-14T17:50:03+08:00 ] 127.0.0.1 /guest2/53ec27b40f058.jpg
INFO: [ app_init ] --START--
INFO: Run Behavior\BuildLiteBehavior [ RunTime:0.000000s ]
INFO: [ app_init ] --END-- [ RunTime:0.001000s ]
ERR: 无法加载模块:53ec27b40f058

[ 2016-11-14T17:50:03+08:00 ] 127.0.0.1 /guest2/53ec27a9f40cf.jpg
INFO: [ app_init ] --START--
INFO: Run Behavior\BuildLiteBehavior [ RunTime:0.000000s ]
INFO: [ app_init ] --END-- [ RunTime:0.002000s ]
ERR: 无法加载模块:53ec27a9f40cf

[ 2016-11-14T17:50:04+08:00 ] 127.0.0.1 /guest2/53ec27952afe6.jpg
INFO: [ app_init ] --START--
INFO: Run Behavior\BuildLiteBehavior [ RunTime:0.000000s ]
INFO: [ app_init ] --END-- [ RunTime:0.000000s ]
ERR: 无法加载模块:53ec27952afe6

[ 2016-11-14T17:50:06+08:00 ] 127.0.0.1 /guest2/Public/admin/js/colorpicker.js
INFO: [ app_init ] --START--
INFO: Run Behavior\BuildLiteBehavior [ RunTime:0.000000s ]
INFO: [ app_init ] --END-- [ RunTime:0.001000s ]
ERR: 无法加载模块:Public

[ 2016-11-14T17:50:06+08:00 ] 127.0.0.1 /guest2/53ec27952afe6.jpg
INFO: [ app_init ] --START--
INFO: Run Behavior\BuildLiteBehavior [ RunTime:0.000000s ]
INFO: [ app_init ] --END-- [ RunTime:0.000000s ]
ERR: 无法加载模块:53ec27952afe6

[ 2016-11-14T17:50:06+08:00 ] 127.0.0.1 /guest2/Public/admin/js/colorpicker.js
INFO: [ app_init ] --START--
INFO: Run Behavior\BuildLiteBehavior [ RunTime:0.000000s ]
INFO: [ app_init ] --END-- [ RunTime:0.001000s ]
ERR: 无法加载模块:Public

[ 2016-11-14T17:50:06+08:00 ] 127.0.0.1 /guest2/53ec27952afe6.jpg
INFO: [ app_init ] --START--
INFO: Run Behavior\BuildLiteBehavior [ RunTime:0.000000s ]
INFO: [ app_init ] --END-- [ RunTime:0.001000s ]
ERR: 无法加载模块:53ec27952afe6

[ 2016-11-14T17:50:12+08:00 ] 127.0.0.1 /guest2/53ec27952afe6.jpg
INFO: [ app_init ] --START--
INFO: Run Behavior\BuildLiteBehavior [ RunTime:0.000000s ]
INFO: [ app_init ] --END-- [ RunTime:0.002000s ]
ERR: 无法加载模块:53ec27952afe6

[ 2016-11-14T17:50:12+08:00 ] 127.0.0.1 /guest2/53ec27a9f40cf.jpg
INFO: [ app_init ] --START--
INFO: Run Behavior\BuildLiteBehavior [ RunTime:0.000000s ]
INFO: [ app_init ] --END-- [ RunTime:0.000000s ]
ERR: 无法加载模块:53ec27a9f40cf

[ 2016-11-14T17:50:12+08:00 ] 127.0.0.1 /guest2/53ec27b40f058.jpg
INFO: [ app_init ] --START--
INFO: Run Behavior\BuildLiteBehavior [ RunTime:0.000000s ]
INFO: [ app_init ] --END-- [ RunTime:0.001000s ]
ERR: 无法加载模块:53ec27b40f058

[ 2016-11-14T17:50:12+08:00 ] 127.0.0.1 /guest2/53ec279fb7492.jpg
INFO: [ app_init ] --START--
INFO: Run Behavior\BuildLiteBehavior [ RunTime:0.000000s ]
INFO: [ app_init ] --END-- [ RunTime:0.000000s ]
ERR: 无法加载模块:53ec279fb7492

[ 2016-11-14T17:50:13+08:00 ] 127.0.0.1 /guest2/53ec27a9f40cf.jpg
INFO: [ app_init ] --START--
INFO: Run Behavior\BuildLiteBehavior [ RunTime:0.000000s ]
INFO: [ app_init ] --END-- [ RunTime:0.000000s ]
ERR: 无法加载模块:53ec27a9f40cf

[ 2016-11-14T17:50:13+08:00 ] 127.0.0.1 /guest2/53ec27952afe6.jpg
INFO: [ app_init ] --START--
INFO: Run Behavior\BuildLiteBehavior [ RunTime:0.000000s ]
INFO: [ app_init ] --END-- [ RunTime:0.001001s ]
ERR: 无法加载模块:53ec27952afe6

[ 2016-11-14T17:50:13+08:00 ] 127.0.0.1 /guest2/53ec27b40f058.jpg
INFO: [ app_init ] --START--
INFO: Run Behavior\BuildLiteBehavior [ RunTime:0.000000s ]
INFO: [ app_init ] --END-- [ RunTime:0.001000s ]
ERR: 无法加载模块:53ec27b40f058

[ 2016-11-14T17:50:13+08:00 ] 127.0.0.1 /guest2/53ec279fb7492.jpg
INFO: [ app_init ] --START--
INFO: Run Behavior\BuildLiteBehavior [ RunTime:0.000000s ]
INFO: [ app_init ] --END-- [ RunTime:0.001000s ]
ERR: 无法加载模块:53ec279fb7492

[ 2016-11-14T17:50:15+08:00 ] 127.0.0.1 /guest2/57d7e2f97b094.jpg
INFO: [ app_init ] --START--
INFO: Run Behavior\BuildLiteBehavior [ RunTime:0.000000s ]
INFO: [ app_init ] --END-- [ RunTime:0.001000s ]
ERR: 无法加载模块:57d7e2f97b094

[ 2016-11-14T17:50:16+08:00 ] 127.0.0.1 /guest2/57d7e2f97b094.jpg
INFO: [ app_init ] --START--
INFO: Run Behavior\BuildLiteBehavior [ RunTime:0.000000s ]
INFO: [ app_init ] --END-- [ RunTime:0.001000s ]
ERR: 无法加载模块:57d7e2f97b094

[ 2016-11-14T17:52:53+08:00 ] 127.0.0.1 /guest2/Public/admin/js/colorpicker.js
INFO: [ app_init ] --START--
INFO: Run Behavior\BuildLiteBehavior [ RunTime:0.000000s ]
INFO: [ app_init ] --END-- [ RunTime:0.001000s ]
ERR: 无法加载模块:Public

[ 2016-11-14T17:52:53+08:00 ] 127.0.0.1 /guest2/Public/admin/js/colorpicker.js
INFO: [ app_init ] --START--
INFO: Run Behavior\BuildLiteBehavior [ RunTime:0.000000s ]
INFO: [ app_init ] --END-- [ RunTime:0.000000s ]
ERR: 无法加载模块:Public

[ 2016-11-14T17:53:35+08:00 ] 127.0.0.1 /guest2/Uploads/about/57d7e2f97b094.jpg
INFO: [ app_init ] --START--
INFO: Run Behavior\BuildLiteBehavior [ RunTime:0.000000s ]
INFO: [ app_init ] --END-- [ RunTime:0.001000s ]
ERR: 无法加载模块:Uploads

[ 2016-11-14T17:53:49+08:00 ] 127.0.0.1 /guest2/Uploads/logo//guest2/Uploads/logo/581061b411dd6.png
INFO: [ app_init ] --START--
INFO: Run Behavior\BuildLiteBehavior [ RunTime:0.000000s ]
INFO: [ app_init ] --END-- [ RunTime:0.001000s ]
ERR: 无法加载模块:Uploads

[ 2016-11-14T17:54:06+08:00 ] 127.0.0.1 /guest2/Uploads/logo//guest2/Uploads/logo/581061b411dd6.png
INFO: [ app_init ] --START--
INFO: Run Behavior\BuildLiteBehavior [ RunTime:0.001000s ]
INFO: [ app_init ] --END-- [ RunTime:0.001000s ]
ERR: 无法加载模块:Uploads

[ 2016-11-14T17:54:06+08:00 ] 127.0.0.1 /guest2/Uploads/about/57d7e2f97b094.jpg
INFO: [ app_init ] --START--
INFO: Run Behavior\BuildLiteBehavior [ RunTime:0.000000s ]
INFO: [ app_init ] --END-- [ RunTime:0.001000s ]
ERR: 无法加载模块:Uploads

[ 2016-11-14T17:54:12+08:00 ] 127.0.0.1 /guest2/Uploads/about/57d7e2f97b094.jpg
INFO: [ app_init ] --START--
INFO: Run Behavior\BuildLiteBehavior [ RunTime:0.000000s ]
INFO: [ app_init ] --END-- [ RunTime:0.005001s ]
ERR: 无法加载模块:Uploads

[ 2016-11-14T17:54:17+08:00 ] 127.0.0.1 /guest2/Uploads/logo//guest2/Uploads/logo/581061b411dd6.png
INFO: [ app_init ] --START--
INFO: Run Behavior\BuildLiteBehavior [ RunTime:0.000000s ]
INFO: [ app_init ] --END-- [ RunTime:0.001000s ]
ERR: 无法加载模块:Uploads

[ 2016-11-14T17:55:57+08:00 ] 127.0.0.1 /guest2/Uploads/logo//guest2/Uploads/logo/581061b411dd6.png
INFO: [ app_init ] --START--
INFO: Run Behavior\BuildLiteBehavior [ RunTime:0.000000s ]
INFO: [ app_init ] --END-- [ RunTime:0.001000s ]
ERR: 无法加载模块:Uploads

[ 2016-11-14T17:56:34+08:00 ] 127.0.0.1 /guest2/Public/admin/img/favicon.ico
INFO: [ app_init ] --START--
INFO: Run Behavior\BuildLiteBehavior [ RunTime:0.000000s ]
INFO: [ app_init ] --END-- [ RunTime:0.001000s ]
ERR: 无法加载模块:Public

[ 2016-11-14T17:57:08+08:00 ] 127.0.0.1 /guest2/57d7e2f97b094.jpg
INFO: [ app_init ] --START--
INFO: Run Behavior\BuildLiteBehavior [ RunTime:0.000000s ]
INFO: [ app_init ] --END-- [ RunTime:0.001000s ]
ERR: 无法加载模块:57d7e2f97b094

[ 2016-11-14T17:57:10+08:00 ] 127.0.0.1 /guest2/57d7e2f97b094.jpg
INFO: [ app_init ] --START--
INFO: Run Behavior\BuildLiteBehavior [ RunTime:0.000000s ]
INFO: [ app_init ] --END-- [ RunTime:0.001000s ]
ERR: 无法加载模块:57d7e2f97b094

[ 2016-11-14T17:57:10+08:00 ] 127.0.0.1 /guest2/Public/admin/js/colorpicker.js
INFO: [ app_init ] --START--
INFO: Run Behavior\BuildLiteBehavior [ RunTime:0.000000s ]
INFO: [ app_init ] --END-- [ RunTime:0.010001s ]
ERR: 无法加载模块:Public

[ 2016-11-14T17:57:10+08:00 ] 127.0.0.1 /guest2/Public/admin/js/colorpicker.js
INFO: [ app_init ] --START--
INFO: Run Behavior\BuildLiteBehavior [ RunTime:0.000000s ]
INFO: [ app_init ] --END-- [ RunTime:0.001000s ]
ERR: 无法加载模块:Public

[ 2016-11-14T17:57:10+08:00 ] 127.0.0.1 /guest2/57d7e2f97b094.jpg
INFO: [ app_init ] --START--
INFO: Run Behavior\BuildLiteBehavior [ RunTime:0.000000s ]
INFO: [ app_init ] --END-- [ RunTime:0.001000s ]
ERR: 无法加载模块:57d7e2f97b094

[ 2016-11-14T17:57:26+08:00 ] 127.0.0.1 /guest2/Public/admin/plugins/img/uploadify-cancel.png
INFO: [ app_init ] --START--
INFO: Run Behavior\BuildLiteBehavior [ RunTime:0.000000s ]
INFO: [ app_init ] --END-- [ RunTime:0.001000s ]
ERR: 无法加载模块:Public

[ 2016-11-14T17:57:47+08:00 ] 127.0.0.1 /guest2/Uploads/about//guest2/Uploads/about/58298a86c0789.jpg
INFO: [ app_init ] --START--
INFO: Run Behavior\BuildLiteBehavior [ RunTime:0.000000s ]
INFO: [ app_init ] --END-- [ RunTime:0.001000s ]
ERR: 无法加载模块:Uploads

[ 2016-11-14T18:00:07+08:00 ] 127.0.0.1 /guest2/Uploads/logo//guest2/Uploads/logo/581061b411dd6.png
INFO: [ app_init ] --START--
INFO: Run Behavior\BuildLiteBehavior [ RunTime:0.000000s ]
INFO: [ app_init ] --END-- [ RunTime:0.001000s ]
ERR: 无法加载模块:Uploads

[ 2016-11-14T18:08:21+08:00 ] 127.0.0.1 /guest2/Uploads/logo//guest2/Uploads/logo/581061b411dd6.png
INFO: [ app_init ] --START--
INFO: Run Behavior\BuildLiteBehavior [ RunTime:0.000000s ]
INFO: [ app_init ] --END-- [ RunTime:0.001000s ]
ERR: 无法加载模块:Uploads

[ 2016-11-14T18:08:29+08:00 ] 127.0.0.1 /guest2/Uploads/logo//guest2/Uploads/logo/581061b411dd6.png
INFO: [ app_init ] --START--
INFO: Run Behavior\BuildLiteBehavior [ RunTime:0.000000s ]
INFO: [ app_init ] --END-- [ RunTime:0.001000s ]
ERR: 无法加载模块:Uploads

[ 2016-11-14T18:10:17+08:00 ] 127.0.0.1 /guest2/Index
INFO: [ app_init ] --START--
INFO: Run Behavior\BuildLiteBehavior [ RunTime:0.000000s ]
INFO: [ app_init ] --END-- [ RunTime:0.004000s ]
ERR: 无法加载模块:Index

[ 2016-11-14T18:11:44+08:00 ] 127.0.0.1 /guest2/Uploads/logo//guest2/Uploads/logo/581061b411dd6.png
INFO: [ app_init ] --START--
INFO: Run Behavior\BuildLiteBehavior [ RunTime:0.000000s ]
INFO: [ app_init ] --END-- [ RunTime:0.001000s ]
ERR: 无法加载模块:Uploads

[ 2016-11-14T18:12:39+08:00 ] 127.0.0.1 /guest2/Uploads/logo//guest2/Uploads/logo/581061b411dd6.png
INFO: [ app_init ] --START--
INFO: Run Behavior\BuildLiteBehavior [ RunTime:0.000000s ]
INFO: [ app_init ] --END-- [ RunTime:0.001000s ]
ERR: 无法加载模块:Uploads

[ 2016-11-14T18:12:39+08:00 ] 127.0.0.1 /guest2/Uploads/logo//guest2/Uploads/logo/581061b411dd6.png
INFO: [ app_init ] --START--
INFO: Run Behavior\BuildLiteBehavior [ RunTime:0.000000s ]
INFO: [ app_init ] --END-- [ RunTime:0.001000s ]
ERR: 无法加载模块:Uploads

[ 2016-11-14T18:12:49+08:00 ] 127.0.0.1 /guest2/Uploads/logo//guest2/Uploads/logo/581061b411dd6.png
INFO: [ app_init ] --START--
INFO: Run Behavior\BuildLiteBehavior [ RunTime:0.000000s ]
INFO: [ app_init ] --END-- [ RunTime:0.001000s ]
ERR: 无法加载模块:Uploads

[ 2016-11-14T18:12:53+08:00 ] 127.0.0.1 /guest2/Uploads/logo//guest2/Uploads/logo/581061b411dd6.png
INFO: [ app_init ] --START--
INFO: Run Behavior\BuildLiteBehavior [ RunTime:0.000000s ]
INFO: [ app_init ] --END-- [ RunTime:0.001000s ]
ERR: 无法加载模块:Uploads

[ 2016-11-14T18:12:54+08:00 ] 127.0.0.1 /guest2/Uploads/logo//guest2/Uploads/logo/581061b411dd6.png
INFO: [ app_init ] --START--
INFO: Run Behavior\BuildLiteBehavior [ RunTime:0.000000s ]
INFO: [ app_init ] --END-- [ RunTime:0.001000s ]
ERR: 无法加载模块:Uploads

[ 2016-11-14T18:13:53+08:00 ] 127.0.0.1 /guest2/Uploads/logo//guest2/Uploads/logo/581061b411dd6.png
INFO: [ app_init ] --START--
INFO: Run Behavior\BuildLiteBehavior [ RunTime:0.000000s ]
INFO: [ app_init ] --END-- [ RunTime:0.001000s ]
ERR: 无法加载模块:Uploads

[ 2016-11-14T18:13:54+08:00 ] 127.0.0.1 /guest2/Uploads/logo//guest2/Uploads/logo/581061b411dd6.png
INFO: [ app_init ] --START--
INFO: Run Behavior\BuildLiteBehavior [ RunTime:0.000000s ]
INFO: [ app_init ] --END-- [ RunTime:0.007000s ]
ERR: 无法加载模块:Uploads

[ 2016-11-14T18:13:54+08:00 ] 127.0.0.1 /guest2/Uploads/logo//guest2/Uploads/logo/581061b411dd6.png
INFO: [ app_init ] --START--
INFO: Run Behavior\BuildLiteBehavior [ RunTime:0.000000s ]
INFO: [ app_init ] --END-- [ RunTime:0.001000s ]
ERR: 无法加载模块:Uploads

[ 2016-11-14T18:14:46+08:00 ] 127.0.0.1 /guest2/Uploads/logo//guest2/Uploads/logo/581061b411dd6.png
INFO: [ app_init ] --START--
INFO: Run Behavior\BuildLiteBehavior [ RunTime:0.000000s ]
INFO: [ app_init ] --END-- [ RunTime:0.001000s ]
ERR: 无法加载模块:Uploads

[ 2016-11-14T18:14:47+08:00 ] 127.0.0.1 /guest2/Uploads/logo//guest2/Uploads/logo/581061b411dd6.png
INFO: [ app_init ] --START--
INFO: Run Behavior\BuildLiteBehavior [ RunTime:0.000000s ]
INFO: [ app_init ] --END-- [ RunTime:0.001000s ]
ERR: 无法加载模块:Uploads

[ 2016-11-14T18:15:09+08:00 ] 127.0.0.1 /guest2/Uploads/logo//guest2/Uploads/logo/581061b411dd6.png
INFO: [ app_init ] --START--
INFO: Run Behavior\BuildLiteBehavior [ RunTime:0.000000s ]
INFO: [ app_init ] --END-- [ RunTime:0.001000s ]
ERR: 无法加载模块:Uploads

[ 2016-11-14T18:15:22+08:00 ] 127.0.0.1 /guest2/Uploads/logo//guest2/Uploads/logo/581061b411dd6.png
INFO: [ app_init ] --START--
INFO: Run Behavior\BuildLiteBehavior [ RunTime:0.000000s ]
INFO: [ app_init ] --END-- [ RunTime:0.001001s ]
ERR: 无法加载模块:Uploads

[ 2016-11-14T18:16:47+08:00 ] 127.0.0.1 /guest2/Uploads/logo//guest2/Uploads/logo/581061b411dd6.png
INFO: [ app_init ] --START--
INFO: Run Behavior\BuildLiteBehavior [ RunTime:0.000000s ]
INFO: [ app_init ] --END-- [ RunTime:0.001001s ]
ERR: 无法加载模块:Uploads

[ 2016-11-14T18:16:49+08:00 ] 127.0.0.1 /guest2/Uploads/logo//guest2/Uploads/logo/581061b411dd6.png
INFO: [ app_init ] --START--
INFO: Run Behavior\BuildLiteBehavior [ RunTime:0.000000s ]
INFO: [ app_init ] --END-- [ RunTime:0.001000s ]
ERR: 无法加载模块:Uploads

[ 2016-11-14T18:16:51+08:00 ] 127.0.0.1 /guest2/Uploads/logo//guest2/Uploads/logo/581061b411dd6.png
INFO: [ app_init ] --START--
INFO: Run Behavior\BuildLiteBehavior [ RunTime:0.000000s ]
INFO: [ app_init ] --END-- [ RunTime:0.001000s ]
ERR: 无法加载模块:Uploads

[ 2016-11-14T18:16:52+08:00 ] 127.0.0.1 /guest2/Uploads/logo//guest2/Uploads/logo/581061b411dd6.png
INFO: [ app_init ] --START--
INFO: Run Behavior\BuildLiteBehavior [ RunTime:0.000000s ]
INFO: [ app_init ] --END-- [ RunTime:0.001000s ]
ERR: 无法加载模块:Uploads

[ 2016-11-14T18:17:47+08:00 ] 127.0.0.1 /guest2/Uploads/logo//guest2/Uploads/logo/581061b411dd6.png
INFO: [ app_init ] --START--
INFO: Run Behavior\BuildLiteBehavior [ RunTime:0.000000s ]
INFO: [ app_init ] --END-- [ RunTime:0.002001s ]
ERR: 无法加载模块:Uploads

[ 2016-11-14T18:17:54+08:00 ] 127.0.0.1 /guest2/Uploads/logo//guest2/Uploads/logo/581061b411dd6.png
INFO: [ app_init ] --START--
INFO: Run Behavior\BuildLiteBehavior [ RunTime:0.000000s ]
INFO: [ app_init ] --END-- [ RunTime:0.001000s ]
ERR: 无法加载模块:Uploads

[ 2016-11-14T18:17:59+08:00 ] 127.0.0.1 /guest2/Uploads/logo//guest2/Uploads/logo/581061b411dd6.png
INFO: [ app_init ] --START--
INFO: Run Behavior\BuildLiteBehavior [ RunTime:0.000000s ]
INFO: [ app_init ] --END-- [ RunTime:0.000000s ]
ERR: 无法加载模块:Uploads

[ 2016-11-14T18:18:04+08:00 ] 127.0.0.1 /guest2/Uploads/logo//guest2/Uploads/logo/581061b411dd6.png
INFO: [ app_init ] --START--
INFO: Run Behavior\BuildLiteBehavior [ RunTime:0.000000s ]
INFO: [ app_init ] --END-- [ RunTime:0.001000s ]
ERR: 无法加载模块:Uploads

[ 2016-11-14T18:18:07+08:00 ] 127.0.0.1 /guest2/Uploads/logo//guest2/Uploads/logo/581061b411dd6.png
INFO: [ app_init ] --START--
INFO: Run Behavior\BuildLiteBehavior [ RunTime:0.000000s ]
INFO: [ app_init ] --END-- [ RunTime:0.001000s ]
ERR: 无法加载模块:Uploads

[ 2016-11-14T18:18:10+08:00 ] 127.0.0.1 /guest2/Uploads/logo//guest2/Uploads/logo/581061b411dd6.png
INFO: [ app_init ] --START--
INFO: Run Behavior\BuildLiteBehavior [ RunTime:0.000000s ]
INFO: [ app_init ] --END-- [ RunTime:0.001000s ]
ERR: 无法加载模块:Uploads

[ 2016-11-14T18:18:18+08:00 ] 127.0.0.1 /guest2/Uploads/logo//guest2/Uploads/logo/581061b411dd6.png
INFO: [ app_init ] --START--
INFO: Run Behavior\BuildLiteBehavior [ RunTime:0.000000s ]
INFO: [ app_init ] --END-- [ RunTime:0.001000s ]
ERR: 无法加载模块:Uploads

[ 2016-11-14T18:18:48+08:00 ] 127.0.0.1 /guest2/Uploads/logo//guest2/Uploads/logo/581061b411dd6.png
INFO: [ app_init ] --START--
INFO: Run Behavior\BuildLiteBehavior [ RunTime:0.000000s ]
INFO: [ app_init ] --END-- [ RunTime:0.000000s ]
ERR: 无法加载模块:Uploads

[ 2016-11-14T18:21:21+08:00 ] 127.0.0.1 /guest2/Uploads/logo//guest2/Uploads/logo/581061b411dd6.png
INFO: [ app_init ] --START--
INFO: Run Behavior\BuildLiteBehavior [ RunTime:0.000000s ]
INFO: [ app_init ] --END-- [ RunTime:0.002000s ]
ERR: 无法加载模块:Uploads

[ 2016-11-14T18:22:33+08:00 ] 127.0.0.1 /guest2/Uploads/logo//guest2/Uploads/logo/581061b411dd6.png
INFO: [ app_init ] --START--
INFO: Run Behavior\BuildLiteBehavior [ RunTime:0.000000s ]
INFO: [ app_init ] --END-- [ RunTime:0.009000s ]
ERR: 无法加载模块:Uploads

[ 2016-11-14T18:22:33+08:00 ] 127.0.0.1 /guest2/Uploads/logo//guest2/Uploads/logo/581061b411dd6.png
INFO: [ app_init ] --START--
INFO: Run Behavior\BuildLiteBehavior [ RunTime:0.000000s ]
INFO: [ app_init ] --END-- [ RunTime:0.002000s ]
ERR: 无法加载模块:Uploads

[ 2016-11-14T18:22:35+08:00 ] 127.0.0.1 /guest2/Uploads/logo//guest2/Uploads/logo/581061b411dd6.png
INFO: [ app_init ] --START--
INFO: Run Behavior\BuildLiteBehavior [ RunTime:0.000000s ]
INFO: [ app_init ] --END-- [ RunTime:0.001000s ]
ERR: 无法加载模块:Uploads

[ 2016-11-14T18:22:44+08:00 ] 127.0.0.1 /guest2/Uploads/logo//guest2/Uploads/logo/581061b411dd6.png
INFO: [ app_init ] --START--
INFO: Run Behavior\BuildLiteBehavior [ RunTime:0.000000s ]
INFO: [ app_init ] --END-- [ RunTime:0.001001s ]
ERR: 无法加载模块:Uploads

[ 2016-11-14T18:22:47+08:00 ] 127.0.0.1 /guest2/Uploads/logo/undefined
INFO: [ app_init ] --START--
INFO: Run Behavior\BuildLiteBehavior [ RunTime:0.000000s ]
INFO: [ app_init ] --END-- [ RunTime:0.001000s ]
ERR: 无法加载模块:Uploads

[ 2016-11-14T18:23:16+08:00 ] 127.0.0.1 /guest2/Uploads/logo//guest2/Uploads/logo/581061b411dd6.png
INFO: [ app_init ] --START--
INFO: Run Behavior\BuildLiteBehavior [ RunTime:0.000000s ]
INFO: [ app_init ] --END-- [ RunTime:0.001000s ]
ERR: 无法加载模块:Uploads

[ 2016-11-14T18:23:26+08:00 ] 127.0.0.1 /guest2/Uploads/logo//guest2/Uploads/logo/581061b411dd6.png
INFO: [ app_init ] --START--
INFO: Run Behavior\BuildLiteBehavior [ RunTime:0.000000s ]
INFO: [ app_init ] --END-- [ RunTime:0.002000s ]
ERR: 无法加载模块:Uploads

[ 2016-11-14T18:24:49+08:00 ] 127.0.0.1 /guest2/Uploads/logo/undefined
INFO: [ app_init ] --START--
INFO: Run Behavior\BuildLiteBehavior [ RunTime:0.000000s ]
INFO: [ app_init ] --END-- [ RunTime:0.001000s ]
ERR: 无法加载模块:Uploads

[ 2016-11-14T18:24:49+08:00 ] 127.0.0.1 /guest2/Uploads/logo/undefined
INFO: [ app_init ] --START--
INFO: Run Behavior\BuildLiteBehavior [ RunTime:0.000000s ]
INFO: [ app_init ] --END-- [ RunTime:0.001000s ]
ERR: 无法加载模块:Uploads

[ 2016-11-14T18:24:50+08:00 ] 127.0.0.1 /guest2/Uploads/logo/undefined
INFO: [ app_init ] --START--
INFO: Run Behavior\BuildLiteBehavior [ RunTime:0.000000s ]
INFO: [ app_init ] --END-- [ RunTime:0.000000s ]
ERR: 无法加载模块:Uploads

[ 2016-11-14T18:24:51+08:00 ] 127.0.0.1 /guest2/Uploads/logo//guest2/Uploads/logo/581061b411dd6.png
INFO: [ app_init ] --START--
INFO: Run Behavior\BuildLiteBehavior [ RunTime:0.000000s ]
INFO: [ app_init ] --END-- [ RunTime:0.001000s ]
ERR: 无法加载模块:Uploads

[ 2016-11-14T18:24:55+08:00 ] 127.0.0.1 /guest2/Uploads/logo//guest2/Uploads/logo/581061b411dd6.png
INFO: [ app_init ] --START--
INFO: Run Behavior\BuildLiteBehavior [ RunTime:0.000000s ]
INFO: [ app_init ] --END-- [ RunTime:0.002000s ]
ERR: 无法加载模块:Uploads

[ 2016-11-14T18:25:54+08:00 ] 127.0.0.1 /guest2/Uploads/logo//guest2/Uploads/logo/581061b411dd6.png
INFO: [ app_init ] --START--
INFO: Run Behavior\BuildLiteBehavior [ RunTime:0.000000s ]
INFO: [ app_init ] --END-- [ RunTime:0.002000s ]
ERR: 无法加载模块:Uploads

[ 2016-11-14T18:26:57+08:00 ] 127.0.0.1 /guest2/Index
INFO: [ app_init ] --START--
INFO: Run Behavior\BuildLiteBehavior [ RunTime:0.000000s ]
INFO: [ app_init ] --END-- [ RunTime:0.000000s ]
ERR: 无法加载模块:Index

[ 2016-11-14T18:30:10+08:00 ] 127.0.0.1 /guest2/Uploads/logo/undefined
INFO: [ app_init ] --START--
INFO: Run Behavior\BuildLiteBehavior [ RunTime:0.000000s ]
INFO: [ app_init ] --END-- [ RunTime:0.001000s ]
ERR: 无法加载模块:Uploads

[ 2016-11-14T18:33:58+08:00 ] 127.0.0.1 /guest2/Uploads/logo/undefined
INFO: [ app_init ] --START--
INFO: Run Behavior\BuildLiteBehavior [ RunTime:0.000000s ]
INFO: [ app_init ] --END-- [ RunTime:0.001000s ]
ERR: 无法加载模块:Uploads

[ 2016-11-14T18:38:36+08:00 ] 127.0.0.1 /guest2/Uploads/logo/undefined
INFO: [ app_init ] --START--
INFO: Run Behavior\BuildLiteBehavior [ RunTime:0.000000s ]
INFO: [ app_init ] --END-- [ RunTime:0.001000s ]
ERR: 无法加载模块:Uploads

[ 2016-11-14T18:42:32+08:00 ] 127.0.0.1 /guest2/Uploads/logo/undefined
INFO: [ app_init ] --START--
INFO: Run Behavior\BuildLiteBehavior [ RunTime:0.000000s ]
INFO: [ app_init ] --END-- [ RunTime:0.001000s ]
ERR: 无法加载模块:Uploads

[ 2016-11-14T18:43:12+08:00 ] 127.0.0.1 /guest2/Uploads/logo/undefined
INFO: [ app_init ] --START--
INFO: Run Behavior\BuildLiteBehavior [ RunTime:0.000000s ]
INFO: [ app_init ] --END-- [ RunTime:0.001000s ]
ERR: 无法加载模块:Uploads

[ 2016-11-14T18:44:51+08:00 ] 127.0.0.1 /guest2/Uploads/logo/undefined
INFO: [ app_init ] --START--
INFO: Run Behavior\BuildLiteBehavior [ RunTime:0.000000s ]
INFO: [ app_init ] --END-- [ RunTime:0.001000s ]
ERR: 无法加载模块:Uploads

[ 2016-11-14T18:46:08+08:00 ] 127.0.0.1 /guest2/Uploads/logo//guest2/Uploads/logo/581061b411dd6.png
INFO: [ app_init ] --START--
INFO: Run Behavior\BuildLiteBehavior [ RunTime:0.000000s ]
INFO: [ app_init ] --END-- [ RunTime:0.001000s ]
ERR: 无法加载模块:Uploads

[ 2016-11-14T18:59:03+08:00 ] 127.0.0.1 /guest2/Uploads/logo/undefined
INFO: [ app_init ] --START--
INFO: Run Behavior\BuildLiteBehavior [ RunTime:0.000000s ]
INFO: [ app_init ] --END-- [ RunTime:0.001000s ]
ERR: 无法加载模块:Uploads

[ 2016-11-14T18:59:58+08:00 ] 127.0.0.1 /guest2/Uploads/logo//guest2/Uploads/logo/581061b411dd6.png
INFO: [ app_init ] --START--
INFO: Run Behavior\BuildLiteBehavior [ RunTime:0.000000s ]
INFO: [ app_init ] --END-- [ RunTime:0.001000s ]
ERR: 无法加载模块:Uploads

[ 2016-11-14T19:00:59+08:00 ] 127.0.0.1 /guest2/Uploads/logo/undefined
INFO: [ app_init ] --START--
INFO: Run Behavior\BuildLiteBehavior [ RunTime:0.000000s ]
INFO: [ app_init ] --END-- [ RunTime:0.001000s ]
ERR: 无法加载模块:Uploads

[ 2016-11-14T19:01:28+08:00 ] 127.0.0.1 /guest2/Uploads/logo/undefined
INFO: [ app_init ] --START--
INFO: Run Behavior\BuildLiteBehavior [ RunTime:0.000000s ]
INFO: [ app_init ] --END-- [ RunTime:0.001000s ]
ERR: 无法加载模块:Uploads

[ 2016-11-14T19:19:11+08:00 ] 127.0.0.1 /guest2/Uploads/logo/undefined
INFO: [ app_init ] --START--
INFO: Run Behavior\BuildLiteBehavior [ RunTime:0.000000s ]
INFO: [ app_init ] --END-- [ RunTime:0.001000s ]
ERR: 无法加载模块:Uploads

[ 2016-11-14T19:19:13+08:00 ] 127.0.0.1 /guest2/Uploads/logo/undefined
INFO: [ app_init ] --START--
INFO: Run Behavior\BuildLiteBehavior [ RunTime:0.000000s ]
INFO: [ app_init ] --END-- [ RunTime:0.002000s ]
ERR: 无法加载模块:Uploads

[ 2016-11-14T19:36:04+08:00 ] 127.0.0.1 /guest2/Uploads/logo/undefined
INFO: [ app_init ] --START--
INFO: Run Behavior\BuildLiteBehavior [ RunTime:0.000000s ]
INFO: [ app_init ] --END-- [ RunTime:0.001000s ]
ERR: 无法加载模块:Uploads

[ 2016-11-14T19:36:05+08:00 ] 127.0.0.1 /guest2/Uploads/logo/undefined
INFO: [ app_init ] --START--
INFO: Run Behavior\BuildLiteBehavior [ RunTime:0.000000s ]
INFO: [ app_init ] --END-- [ RunTime:0.000000s ]
ERR: 无法加载模块:Uploads

