[ 2016-11-13T23:41:54+08:00 ] 127.0.0.1 /guest2/Uploads/logo//guest2/Uploads/logo/581061b411dd6.png
INFO: [ app_init ] --START--
INFO: Run Behavior\BuildLiteBehavior [ RunTime:0.000000s ]
INFO: [ app_init ] --END-- [ RunTime:0.001000s ]
ERR: 无法加载模块:Uploads

[ 2016-11-13T23:42:05+08:00 ] 127.0.0.1 /guest2/Uploads/logo//guest2/Uploads/logo/581061b411dd6.png
INFO: [ app_init ] --START--
INFO: Run Behavior\BuildLiteBehavior [ RunTime:0.000000s ]
INFO: [ app_init ] --END-- [ RunTime:0.001000s ]
ERR: 无法加载模块:Uploads

[ 2016-11-13T23:42:07+08:00 ] 127.0.0.1 /guest2/Uploads/logo//guest2/Uploads/logo/581061b411dd6.png
INFO: [ app_init ] --START--
INFO: Run Behavior\BuildLiteBehavior [ RunTime:0.000000s ]
INFO: [ app_init ] --END-- [ RunTime:0.001000s ]
ERR: 无法加载模块:Uploads

[ 2016-11-13T23:42:15+08:00 ] 127.0.0.1 /guest2/Uploads/logo//guest2/Uploads/logo/581061b411dd6.png
INFO: [ app_init ] --START--
INFO: Run Behavior\BuildLiteBehavior [ RunTime:0.000000s ]
INFO: [ app_init ] --END-- [ RunTime:0.001000s ]
ERR: 无法加载模块:Uploads

[ 2016-11-13T23:42:20+08:00 ] 127.0.0.1 /guest2/Uploads/logo//guest2/Uploads/logo/581061b411dd6.png
INFO: [ app_init ] --START--
INFO: Run Behavior\BuildLiteBehavior [ RunTime:0.000000s ]
INFO: [ app_init ] --END-- [ RunTime:0.001000s ]
ERR: 无法加载模块:Uploads

[ 2016-11-13T23:42:21+08:00 ] 127.0.0.1 /guest2/Uploads/logo//guest2/Uploads/logo/581061b411dd6.png
INFO: [ app_init ] --START--
INFO: Run Behavior\BuildLiteBehavior [ RunTime:0.000000s ]
INFO: [ app_init ] --END-- [ RunTime:0.001000s ]
ERR: 无法加载模块:Uploads

[ 2016-11-13T23:42:37+08:00 ] 127.0.0.1 /guest2/Uploads/logo//guest2/Uploads/logo/581061b411dd6.png
INFO: [ app_init ] --START--
INFO: Run Behavior\BuildLiteBehavior [ RunTime:0.000000s ]
INFO: [ app_init ] --END-- [ RunTime:0.001000s ]
ERR: 无法加载模块:Uploads

[ 2016-11-13T23:42:39+08:00 ] 127.0.0.1 /guest2/Uploads/logo//guest2/Uploads/logo/581061b411dd6.png
INFO: [ app_init ] --START--
INFO: Run Behavior\BuildLiteBehavior [ RunTime:0.000000s ]
INFO: [ app_init ] --END-- [ RunTime:0.001000s ]
ERR: 无法加载模块:Uploads

[ 2016-11-13T23:42:41+08:00 ] 127.0.0.1 /guest2/Uploads/logo//guest2/Uploads/logo/581061b411dd6.png
INFO: [ app_init ] --START--
INFO: Run Behavior\BuildLiteBehavior [ RunTime:0.000000s ]
INFO: [ app_init ] --END-- [ RunTime:0.001000s ]
ERR: 无法加载模块:Uploads

[ 2016-11-13T23:43:23+08:00 ] 127.0.0.1 /guest2/Uploads/logo//guest2/Uploads/logo/581061b411dd6.png
INFO: [ app_init ] --START--
INFO: Run Behavior\BuildLiteBehavior [ RunTime:0.000000s ]
INFO: [ app_init ] --END-- [ RunTime:0.001000s ]
ERR: 无法加载模块:Uploads

[ 2016-11-13T23:43:59+08:00 ] 127.0.0.1 /guest2/Uploads/logo//guest2/Uploads/logo/581061b411dd6.png
INFO: [ app_init ] --START--
INFO: Run Behavior\BuildLiteBehavior [ RunTime:0.000000s ]
INFO: [ app_init ] --END-- [ RunTime:0.003000s ]
ERR: 无法加载模块:Uploads

