[ 2016-09-27T13:55:59+08:00 ] 127.0.0.1 /guest2/admin.php
INFO: [ app_init ] --START--
INFO: Run Behavior\BuildLiteBehavior [ RunTime:0.000000s ]
INFO: [ app_init ] --END-- [ RunTime:0.001000s ]
INFO: [ app_begin ] --START--
INFO: Run Behavior\ReadHtmlCacheBehavior [ RunTime:0.001000s ]
INFO: [ app_begin ] --END-- [ RunTime:0.001000s ]

[ 2016-09-27T13:55:59+08:00 ] 127.0.0.1 /guest2/admin.php?&c=login
INFO: [ app_init ] --START--
INFO: Run Behavior\BuildLiteBehavior [ RunTime:0.000000s ]
INFO: [ app_init ] --END-- [ RunTime:0.001000s ]
INFO: [ app_begin ] --START--
INFO: Run Behavior\ReadHtmlCacheBehavior [ RunTime:0.001000s ]
INFO: [ app_begin ] --END-- [ RunTime:0.001000s ]
INFO: [ view_parse ] --START--
INFO: [ template_filter ] --START--
INFO: Run Behavior\ContentReplaceBehavior [ RunTime:0.000000s ]
INFO: [ template_filter ] --END-- [ RunTime:0.000000s ]
NOTIC: [8] Undefined variable: web E:\WWW\guest2\Application\Runtime\Cache\Admin\32ec6c906c117a7c2bf504769276d87a.php 第 12 行.
INFO: Run Behavior\ParseTemplateBehavior [ RunTime:0.036002s ]
INFO: [ view_parse ] --END-- [ RunTime:0.036002s ]
INFO: [ view_filter ] --START--
INFO: Run Behavior\WriteHtmlCacheBehavior [ RunTime:0.001000s ]
INFO: [ view_filter ] --END-- [ RunTime:0.001000s ]
INFO: [ app_end ] --START--
INFO: Run Behavior\ShowPageTraceBehavior [ RunTime:0.001000s ]
INFO: [ app_end ] --END-- [ RunTime:0.001000s ]

[ 2016-09-27T13:56:08+08:00 ] 127.0.0.1 /guest2/admin.php?m=admin&c=login&a=check
INFO: [ app_init ] --START--
INFO: Run Behavior\BuildLiteBehavior [ RunTime:0.000000s ]
INFO: [ app_init ] --END-- [ RunTime:0.000000s ]
INFO: [ app_begin ] --START--
INFO: Run Behavior\ReadHtmlCacheBehavior [ RunTime:0.002000s ]
INFO: [ app_begin ] --END-- [ RunTime:0.002000s ]
SQL: SHOW COLUMNS FROM `weibo_admin` [ RunTime:0.0080s ]
SQL: SELECT * FROM `weibo_admin` WHERE ( username="admin" ) LIMIT 1   [ RunTime:0.0010s ]

[ 2016-09-27T13:56:11+08:00 ] 127.0.0.1 /guest2/admin.php
INFO: [ app_init ] --START--
INFO: Run Behavior\BuildLiteBehavior [ RunTime:0.000000s ]
INFO: [ app_init ] --END-- [ RunTime:0.001000s ]
INFO: [ app_begin ] --START--
INFO: Run Behavior\ReadHtmlCacheBehavior [ RunTime:0.002000s ]
INFO: [ app_begin ] --END-- [ RunTime:0.003000s ]
INFO: [ view_parse ] --START--
INFO: [ template_filter ] --START--
INFO: Run Behavior\ContentReplaceBehavior [ RunTime:0.000000s ]
INFO: [ template_filter ] --END-- [ RunTime:0.000000s ]
NOTIC: [8] Undefined variable: web E:\WWW\guest2\Application\Runtime\Cache\Admin\b595b808c2ebeeeb0478ffc30bb4e87a.php 第 13 行.
NOTIC: [8] Undefined variable: web E:\WWW\guest2\Application\Runtime\Cache\Admin\b595b808c2ebeeeb0478ffc30bb4e87a.php 第 50 行.
NOTIC: [8] Undefined variable: usrname E:\WWW\guest2\Application\Runtime\Cache\Admin\b595b808c2ebeeeb0478ffc30bb4e87a.php 第 144 行.
NOTIC: [8] Use of undefined constant GROUP_NAME - assumed 'GROUP_NAME' E:\WWW\guest2\Application\Runtime\Cache\Admin\b595b808c2ebeeeb0478ffc30bb4e87a.php 第 169 行.
NOTIC: [8] Use of undefined constant admin - assumed 'admin' E:\WWW\guest2\Application\Runtime\Cache\Admin\b595b808c2ebeeeb0478ffc30bb4e87a.php 第 175 行.
NOTIC: [8] Use of undefined constant admin - assumed 'admin' E:\WWW\guest2\Application\Runtime\Cache\Admin\b595b808c2ebeeeb0478ffc30bb4e87a.php 第 177 行.
NOTIC: [8] Use of undefined constant admin - assumed 'admin' E:\WWW\guest2\Application\Runtime\Cache\Admin\b595b808c2ebeeeb0478ffc30bb4e87a.php 第 179 行.
NOTIC: [8] Use of undefined constant admin - assumed 'admin' E:\WWW\guest2\Application\Runtime\Cache\Admin\b595b808c2ebeeeb0478ffc30bb4e87a.php 第 181 行.
NOTIC: [8] Use of undefined constant admin - assumed 'admin' E:\WWW\guest2\Application\Runtime\Cache\Admin\b595b808c2ebeeeb0478ffc30bb4e87a.php 第 183 行.
NOTIC: [8] Use of undefined constant admin - assumed 'admin' E:\WWW\guest2\Application\Runtime\Cache\Admin\b595b808c2ebeeeb0478ffc30bb4e87a.php 第 185 行.
NOTIC: [8] Use of undefined constant admin - assumed 'admin' E:\WWW\guest2\Application\Runtime\Cache\Admin\b595b808c2ebeeeb0478ffc30bb4e87a.php 第 187 行.
NOTIC: [8] Use of undefined constant admin - assumed 'admin' E:\WWW\guest2\Application\Runtime\Cache\Admin\b595b808c2ebeeeb0478ffc30bb4e87a.php 第 194 行.
NOTIC: [8] Use of undefined constant admin - assumed 'admin' E:\WWW\guest2\Application\Runtime\Cache\Admin\b595b808c2ebeeeb0478ffc30bb4e87a.php 第 196 行.
NOTIC: [8] Use of undefined constant admin - assumed 'admin' E:\WWW\guest2\Application\Runtime\Cache\Admin\b595b808c2ebeeeb0478ffc30bb4e87a.php 第 204 行.
NOTIC: [8] Use of undefined constant admin - assumed 'admin' E:\WWW\guest2\Application\Runtime\Cache\Admin\b595b808c2ebeeeb0478ffc30bb4e87a.php 第 216 行.
NOTIC: [8] Use of undefined constant admin - assumed 'admin' E:\WWW\guest2\Application\Runtime\Cache\Admin\b595b808c2ebeeeb0478ffc30bb4e87a.php 第 218 行.
NOTIC: [8] Use of undefined constant admin - assumed 'admin' E:\WWW\guest2\Application\Runtime\Cache\Admin\b595b808c2ebeeeb0478ffc30bb4e87a.php 第 225 行.
NOTIC: [8] Use of undefined constant admin - assumed 'admin' E:\WWW\guest2\Application\Runtime\Cache\Admin\b595b808c2ebeeeb0478ffc30bb4e87a.php 第 227 行.
NOTIC: [8] Use of undefined constant GROUP_NAME - assumed 'GROUP_NAME' E:\WWW\guest2\Application\Runtime\Cache\Admin\b595b808c2ebeeeb0478ffc30bb4e87a.php 第 236 行.
NOTIC: [8] Use of undefined constant GROUP_NAME - assumed 'GROUP_NAME' E:\WWW\guest2\Application\Runtime\Cache\Admin\b595b808c2ebeeeb0478ffc30bb4e87a.php 第 238 行.
NOTIC: [8] Use of undefined constant admin - assumed 'admin' E:\WWW\guest2\Application\Runtime\Cache\Admin\b595b808c2ebeeeb0478ffc30bb4e87a.php 第 312 行.
INFO: Run Behavior\ParseTemplateBehavior [ RunTime:0.027001s ]
INFO: [ view_parse ] --END-- [ RunTime:0.027001s ]
INFO: [ view_filter ] --START--
INFO: Run Behavior\WriteHtmlCacheBehavior [ RunTime:0.000000s ]
INFO: [ view_filter ] --END-- [ RunTime:0.000000s ]
INFO: [ app_end ] --START--
INFO: Run Behavior\ShowPageTraceBehavior [ RunTime:0.002000s ]
INFO: [ app_end ] --END-- [ RunTime:0.002000s ]

[ 2016-09-27T13:56:12+08:00 ] 127.0.0.1 /guest2/admin.php?m=admin&c=Index&a=main
INFO: [ app_init ] --START--
INFO: Run Behavior\BuildLiteBehavior [ RunTime:0.000000s ]
INFO: [ app_init ] --END-- [ RunTime:0.001000s ]
INFO: [ app_begin ] --START--
INFO: Run Behavior\ReadHtmlCacheBehavior [ RunTime:0.001000s ]
INFO: [ app_begin ] --END-- [ RunTime:0.002000s ]
NOTIC: [2] fopen(E:\WWW\guest2\ThinkPHP\Library\Org\Net/UTFWry.dat) [<a href='function.fopen'>function.fopen</a>]: failed to open stream: No such file or directory E:\WWW\guest2\ThinkPHP\Library\Org\Net\IpLocation.class.php 第 54 行.
INFO: [ view_parse ] --START--
INFO: [ template_filter ] --START--
INFO: Run Behavior\ContentReplaceBehavior [ RunTime:0.000000s ]
INFO: [ template_filter ] --END-- [ RunTime:0.000000s ]
NOTIC: [8] Undefined variable: user E:\WWW\guest2\Application\Runtime\Cache\Admin\b0f0b709690a72033d17719e8059053c.php 第 54 行.
NOTIC: [8] Undefined variable: mshop E:\WWW\guest2\Application\Runtime\Cache\Admin\b0f0b709690a72033d17719e8059053c.php 第 64 行.
NOTIC: [8] Undefined variable: pcshop E:\WWW\guest2\Application\Runtime\Cache\Admin\b0f0b709690a72033d17719e8059053c.php 第 74 行.
NOTIC: [8] Undefined variable: convert E:\WWW\guest2\Application\Runtime\Cache\Admin\b0f0b709690a72033d17719e8059053c.php 第 84 行.
INFO: Run Behavior\ParseTemplateBehavior [ RunTime:0.054003s ]
INFO: [ view_parse ] --END-- [ RunTime:0.054003s ]
INFO: [ view_filter ] --START--
INFO: Run Behavior\WriteHtmlCacheBehavior [ RunTime:0.001000s ]
INFO: [ view_filter ] --END-- [ RunTime:0.001000s ]
INFO: [ app_end ] --START--
INFO: Run Behavior\ShowPageTraceBehavior [ RunTime:0.001000s ]
INFO: [ app_end ] --END-- [ RunTime:0.001000s ]

[ 2016-09-27T14:04:11+08:00 ] 127.0.0.1 /guest2/admin.php?m=admin&c=Essays&a=index
INFO: [ app_init ] --START--
INFO: Run Behavior\BuildLiteBehavior [ RunTime:0.000000s ]
INFO: [ app_init ] --END-- [ RunTime:0.001000s ]
INFO: [ app_begin ] --START--
INFO: Run Behavior\ReadHtmlCacheBehavior [ RunTime:0.001000s ]
INFO: [ app_begin ] --END-- [ RunTime:0.002000s ]
NOTIC: [2048] Declaration of Admin\Model\EssaysModel::data() should be compatible with that of Think\Model::data() E:\WWW\guest2\Application\Admin\Model\EssaysModel.class.php 第 6 行.
SQL: SHOW COLUMNS FROM `weibo_essay` [ RunTime:0.0610s ]
SQL: SELECT COUNT(*) AS tp_count FROM `weibo_essay` LIMIT 1   [ RunTime:0.0010s ]
SQL: SELECT * FROM `weibo_essay`  [ RunTime:0.0010s ]
INFO: [ view_parse ] --START--
INFO: [ template_filter ] --START--
INFO: Run Behavior\ContentReplaceBehavior [ RunTime:0.000000s ]
INFO: [ template_filter ] --END-- [ RunTime:0.001001s ]
NOTIC: [8] Undefined index: designation E:\WWW\guest2\Application\Runtime\Cache\Admin\8c5440a35a482da840dd3795cecebcba.php 第 98 行.
NOTIC: [8] Undefined index: username E:\WWW\guest2\Application\Runtime\Cache\Admin\8c5440a35a482da840dd3795cecebcba.php 第 100 行.
NOTIC: [8] Undefined index: designation E:\WWW\guest2\Application\Runtime\Cache\Admin\8c5440a35a482da840dd3795cecebcba.php 第 98 行.
NOTIC: [8] Undefined index: username E:\WWW\guest2\Application\Runtime\Cache\Admin\8c5440a35a482da840dd3795cecebcba.php 第 100 行.
NOTIC: [8] Undefined index: designation E:\WWW\guest2\Application\Runtime\Cache\Admin\8c5440a35a482da840dd3795cecebcba.php 第 98 行.
NOTIC: [8] Undefined index: username E:\WWW\guest2\Application\Runtime\Cache\Admin\8c5440a35a482da840dd3795cecebcba.php 第 100 行.
NOTIC: [8] Undefined index: designation E:\WWW\guest2\Application\Runtime\Cache\Admin\8c5440a35a482da840dd3795cecebcba.php 第 98 行.
NOTIC: [8] Undefined index: username E:\WWW\guest2\Application\Runtime\Cache\Admin\8c5440a35a482da840dd3795cecebcba.php 第 100 行.
NOTIC: [8] Undefined index: designation E:\WWW\guest2\Application\Runtime\Cache\Admin\8c5440a35a482da840dd3795cecebcba.php 第 98 行.
NOTIC: [8] Undefined index: username E:\WWW\guest2\Application\Runtime\Cache\Admin\8c5440a35a482da840dd3795cecebcba.php 第 100 行.
NOTIC: [8] Undefined index: designation E:\WWW\guest2\Application\Runtime\Cache\Admin\8c5440a35a482da840dd3795cecebcba.php 第 98 行.
NOTIC: [8] Undefined index: username E:\WWW\guest2\Application\Runtime\Cache\Admin\8c5440a35a482da840dd3795cecebcba.php 第 100 行.
NOTIC: [8] Undefined index: designation E:\WWW\guest2\Application\Runtime\Cache\Admin\8c5440a35a482da840dd3795cecebcba.php 第 98 行.
NOTIC: [8] Undefined index: username E:\WWW\guest2\Application\Runtime\Cache\Admin\8c5440a35a482da840dd3795cecebcba.php 第 100 行.
NOTIC: [8] Undefined index: designation E:\WWW\guest2\Application\Runtime\Cache\Admin\8c5440a35a482da840dd3795cecebcba.php 第 98 行.
NOTIC: [8] Undefined index: username E:\WWW\guest2\Application\Runtime\Cache\Admin\8c5440a35a482da840dd3795cecebcba.php 第 100 行.
NOTIC: [8] Undefined index: designation E:\WWW\guest2\Application\Runtime\Cache\Admin\8c5440a35a482da840dd3795cecebcba.php 第 98 行.
NOTIC: [8] Undefined index: username E:\WWW\guest2\Application\Runtime\Cache\Admin\8c5440a35a482da840dd3795cecebcba.php 第 100 行.
NOTIC: [8] Undefined index: designation E:\WWW\guest2\Application\Runtime\Cache\Admin\8c5440a35a482da840dd3795cecebcba.php 第 98 行.
NOTIC: [8] Undefined index: username E:\WWW\guest2\Application\Runtime\Cache\Admin\8c5440a35a482da840dd3795cecebcba.php 第 100 行.
INFO: Run Behavior\ParseTemplateBehavior [ RunTime:0.026002s ]
INFO: [ view_parse ] --END-- [ RunTime:0.026002s ]
INFO: [ view_filter ] --START--
INFO: Run Behavior\WriteHtmlCacheBehavior [ RunTime:0.001000s ]
INFO: [ view_filter ] --END-- [ RunTime:0.001000s ]
INFO: [ app_end ] --START--
INFO: Run Behavior\ShowPageTraceBehavior [ RunTime:0.002000s ]
INFO: [ app_end ] --END-- [ RunTime:0.002000s ]

[ 2016-09-27T14:04:14+08:00 ] 127.0.0.1 /guest2/admin.php?c=essays&a=edit&id=6
INFO: [ app_init ] --START--
INFO: Run Behavior\BuildLiteBehavior [ RunTime:0.000000s ]
INFO: [ app_init ] --END-- [ RunTime:0.002000s ]
INFO: [ app_begin ] --START--
INFO: Run Behavior\ReadHtmlCacheBehavior [ RunTime:0.001000s ]
INFO: [ app_begin ] --END-- [ RunTime:0.001000s ]
NOTIC: [2048] Declaration of Admin\Model\EssaysModel::data() should be compatible with that of Think\Model::data() E:\WWW\guest2\Application\Admin\Model\EssaysModel.class.php 第 6 行.
SQL: SHOW COLUMNS FROM `weibo_essay` [ RunTime:0.0070s ]
SQL: SELECT * FROM `weibo_essay` WHERE ( id=6 )  [ RunTime:0.0010s ]
INFO: [ view_parse ] --START--
INFO: [ template_filter ] --START--
INFO: Run Behavior\ContentReplaceBehavior [ RunTime:0.001000s ]
INFO: [ template_filter ] --END-- [ RunTime:0.001000s ]
NOTIC: [8] Undefined variable: list E:\WWW\guest2\Application\Runtime\Cache\Admin\8bb09b059336c77c96f59d59bd9e66e3.php 第 79 行.
INFO: Run Behavior\ParseTemplateBehavior [ RunTime:0.029002s ]
INFO: [ view_parse ] --END-- [ RunTime:0.029002s ]
INFO: [ view_filter ] --START--
INFO: Run Behavior\WriteHtmlCacheBehavior [ RunTime:0.001000s ]
INFO: [ view_filter ] --END-- [ RunTime:0.001000s ]
INFO: [ app_end ] --START--
INFO: Run Behavior\ShowPageTraceBehavior [ RunTime:0.003000s ]
INFO: [ app_end ] --END-- [ RunTime:0.003000s ]

[ 2016-09-27T14:04:23+08:00 ] 127.0.0.1 /guest2/admin.php?c=essays&a=save
INFO: [ app_init ] --START--
INFO: Run Behavior\BuildLiteBehavior [ RunTime:0.000000s ]
INFO: [ app_init ] --END-- [ RunTime:0.001000s ]
INFO: [ app_begin ] --START--
INFO: Run Behavior\ReadHtmlCacheBehavior [ RunTime:0.001000s ]
INFO: [ app_begin ] --END-- [ RunTime:0.001000s ]
NOTIC: [2048] Declaration of Admin\Model\EssaysModel::data() should be compatible with that of Think\Model::data() E:\WWW\guest2\Application\Admin\Model\EssaysModel.class.php 第 6 行.
SQL: SHOW COLUMNS FROM `weibo_essay` [ RunTime:0.0080s ]
SQL: UPDATE `weibo_essay` SET `cat_id`='0',`title`='??index.php',`pic`='53eb13f1cdb62.png',`keyword`='index,Apache,IIS,Nginx',`description`='??index.php',`groom`='0',`power`='0',`content`='<p><span style=\"color:#E53333;\">[ Apache ]</span><br/><br/>&nbsp;&nbsp;&nbsp; httpd.conf????????mod_rewrite.so??<br/>&nbsp;&nbsp;&nbsp; AllowOverride None ?None?? All<br/>&nbsp;&nbsp;&nbsp; ?????????.htaccess????????????????<br/><br/>&nbsp;&nbsp;&nbsp;</p><ifmodule mod_rewrite.c=\"\"><br/>&nbsp;&nbsp;&nbsp; RewriteEngine on<br/>&nbsp;&nbsp;&nbsp; RewriteCond %{REQUEST_FILENAME} !-d<br/>&nbsp;&nbsp;&nbsp; RewriteCond %{REQUEST_FILENAME} !-f<br/>&nbsp;&nbsp;&nbsp; RewriteRule ^(.*)$ index.php/$1 [QSA,PT,L]<br/>&nbsp;&nbsp;&nbsp;<br/><br/><span style=\"color:#E53333;\">[ IIS ]</span><br/><br/>???????????ISAPI_Rewrite???????httpd.ini???????????<br/><br/>&nbsp;&nbsp;&nbsp; RewriteRule (.*)$ /index\\.php\\?s=$1 [I]<br/><br/>?IIS??????????web.Config??????rewrite??<br/><br/><br/><span style=\"color:#E53333;\">[ Nginx ]</span><br/><br/>?Nginx?????????PATHINFO?????????Nginx.conf?????????<br/><br/>&nbsp;&nbsp;&nbsp; location / { /</ifmodule>' WHERE ( id=6 ) [ RunTime:0.0010s ]

[ 2016-09-27T14:04:25+08:00 ] 127.0.0.1 /guest2/admin.php?c=essays
INFO: [ app_init ] --START--
INFO: Run Behavior\BuildLiteBehavior [ RunTime:0.000000s ]
INFO: [ app_init ] --END-- [ RunTime:0.001000s ]
INFO: [ app_begin ] --START--
INFO: Run Behavior\ReadHtmlCacheBehavior [ RunTime:0.001000s ]
INFO: [ app_begin ] --END-- [ RunTime:0.001000s ]
NOTIC: [2048] Declaration of Admin\Model\EssaysModel::data() should be compatible with that of Think\Model::data() E:\WWW\guest2\Application\Admin\Model\EssaysModel.class.php 第 6 行.
SQL: SHOW COLUMNS FROM `weibo_essay` [ RunTime:0.0080s ]
SQL: SELECT COUNT(*) AS tp_count FROM `weibo_essay` LIMIT 1   [ RunTime:0.0000s ]
SQL: SELECT * FROM `weibo_essay`  [ RunTime:0.0010s ]
INFO: [ view_parse ] --START--
INFO: [ template_filter ] --START--
INFO: Run Behavior\ContentReplaceBehavior [ RunTime:0.001000s ]
INFO: [ template_filter ] --END-- [ RunTime:0.001000s ]
NOTIC: [8] Undefined index: designation E:\WWW\guest2\Application\Runtime\Cache\Admin\8c5440a35a482da840dd3795cecebcba.php 第 98 行.
NOTIC: [8] Undefined index: username E:\WWW\guest2\Application\Runtime\Cache\Admin\8c5440a35a482da840dd3795cecebcba.php 第 100 行.
NOTIC: [8] Undefined index: designation E:\WWW\guest2\Application\Runtime\Cache\Admin\8c5440a35a482da840dd3795cecebcba.php 第 98 行.
NOTIC: [8] Undefined index: username E:\WWW\guest2\Application\Runtime\Cache\Admin\8c5440a35a482da840dd3795cecebcba.php 第 100 行.
NOTIC: [8] Undefined index: designation E:\WWW\guest2\Application\Runtime\Cache\Admin\8c5440a35a482da840dd3795cecebcba.php 第 98 行.
NOTIC: [8] Undefined index: username E:\WWW\guest2\Application\Runtime\Cache\Admin\8c5440a35a482da840dd3795cecebcba.php 第 100 行.
NOTIC: [8] Undefined index: designation E:\WWW\guest2\Application\Runtime\Cache\Admin\8c5440a35a482da840dd3795cecebcba.php 第 98 行.
NOTIC: [8] Undefined index: username E:\WWW\guest2\Application\Runtime\Cache\Admin\8c5440a35a482da840dd3795cecebcba.php 第 100 行.
NOTIC: [8] Undefined index: designation E:\WWW\guest2\Application\Runtime\Cache\Admin\8c5440a35a482da840dd3795cecebcba.php 第 98 行.
NOTIC: [8] Undefined index: username E:\WWW\guest2\Application\Runtime\Cache\Admin\8c5440a35a482da840dd3795cecebcba.php 第 100 行.
NOTIC: [8] Undefined index: designation E:\WWW\guest2\Application\Runtime\Cache\Admin\8c5440a35a482da840dd3795cecebcba.php 第 98 行.
NOTIC: [8] Undefined index: username E:\WWW\guest2\Application\Runtime\Cache\Admin\8c5440a35a482da840dd3795cecebcba.php 第 100 行.
NOTIC: [8] Undefined index: designation E:\WWW\guest2\Application\Runtime\Cache\Admin\8c5440a35a482da840dd3795cecebcba.php 第 98 行.
NOTIC: [8] Undefined index: username E:\WWW\guest2\Application\Runtime\Cache\Admin\8c5440a35a482da840dd3795cecebcba.php 第 100 行.
NOTIC: [8] Undefined index: designation E:\WWW\guest2\Application\Runtime\Cache\Admin\8c5440a35a482da840dd3795cecebcba.php 第 98 行.
NOTIC: [8] Undefined index: username E:\WWW\guest2\Application\Runtime\Cache\Admin\8c5440a35a482da840dd3795cecebcba.php 第 100 行.
NOTIC: [8] Undefined index: designation E:\WWW\guest2\Application\Runtime\Cache\Admin\8c5440a35a482da840dd3795cecebcba.php 第 98 行.
NOTIC: [8] Undefined index: username E:\WWW\guest2\Application\Runtime\Cache\Admin\8c5440a35a482da840dd3795cecebcba.php 第 100 行.
NOTIC: [8] Undefined index: designation E:\WWW\guest2\Application\Runtime\Cache\Admin\8c5440a35a482da840dd3795cecebcba.php 第 98 行.
NOTIC: [8] Undefined index: username E:\WWW\guest2\Application\Runtime\Cache\Admin\8c5440a35a482da840dd3795cecebcba.php 第 100 行.
INFO: Run Behavior\ParseTemplateBehavior [ RunTime:0.028002s ]
INFO: [ view_parse ] --END-- [ RunTime:0.028002s ]
INFO: [ view_filter ] --START--
INFO: Run Behavior\WriteHtmlCacheBehavior [ RunTime:0.001000s ]
INFO: [ view_filter ] --END-- [ RunTime:0.001000s ]
INFO: [ app_end ] --START--
INFO: Run Behavior\ShowPageTraceBehavior [ RunTime:0.001000s ]
INFO: [ app_end ] --END-- [ RunTime:0.002000s ]

[ 2016-09-27T14:04:29+08:00 ] 127.0.0.1 /guest2/admin.php?c=essays&a=add
INFO: [ app_init ] --START--
INFO: Run Behavior\BuildLiteBehavior [ RunTime:0.000000s ]
INFO: [ app_init ] --END-- [ RunTime:0.001000s ]
INFO: [ app_begin ] --START--
INFO: Run Behavior\ReadHtmlCacheBehavior [ RunTime:0.001000s ]
INFO: [ app_begin ] --END-- [ RunTime:0.002000s ]
NOTIC: [2048] Declaration of Admin\Model\EssayModel::data() should be compatible with that of Think\Model::data() E:\WWW\guest2\Application\Admin\Model\EssayModel.class.php 第 6 行.
SQL: SHOW COLUMNS FROM `weibo_categories` [ RunTime:0.0300s ]
SQL: SELECT * FROM `weibo_categories`  [ RunTime:0.0000s ]
INFO: [ view_parse ] --START--
INFO: [ template_filter ] --START--
INFO: Run Behavior\ContentReplaceBehavior [ RunTime:0.000000s ]
INFO: [ template_filter ] --END-- [ RunTime:0.000000s ]
INFO: Run Behavior\ParseTemplateBehavior [ RunTime:0.020001s ]
INFO: [ view_parse ] --END-- [ RunTime:0.020001s ]
INFO: [ view_filter ] --START--
INFO: Run Behavior\WriteHtmlCacheBehavior [ RunTime:0.001000s ]
INFO: [ view_filter ] --END-- [ RunTime:0.001000s ]
INFO: [ app_end ] --START--
INFO: Run Behavior\ShowPageTraceBehavior [ RunTime:0.001000s ]
INFO: [ app_end ] --END-- [ RunTime:0.001000s ]

[ 2016-09-27T14:04:34+08:00 ] 127.0.0.1 /guest2/admin.php?m=admin&c=CafeCopy&a=index
INFO: [ app_init ] --START--
INFO: Run Behavior\BuildLiteBehavior [ RunTime:0.000000s ]
INFO: [ app_init ] --END-- [ RunTime:0.001000s ]
INFO: [ app_begin ] --START--
INFO: Run Behavior\ReadHtmlCacheBehavior [ RunTime:0.001000s ]
INFO: [ app_begin ] --END-- [ RunTime:0.001000s ]
NOTIC: [2048] Declaration of Admin\Model\CafeCopyModel::data() should be compatible with that of Think\Model::data() E:\WWW\guest2\Application\Admin\Model\CafeCopyModel.class.php 第 6 行.
SQL: SHOW COLUMNS FROM `weibo_copy` [ RunTime:0.0100s ]
SQL: SELECT COUNT(*) AS tp_count FROM `weibo_copy` LIMIT 1   [ RunTime:0.0010s ]
NOTIC: [2] Missing argument 1 for Think\Page::__construct(), called in E:\WWW\guest2\Application\Admin\Model\CafeCopyModel.class.php on line 18 and defined E:\WWW\guest2\ThinkPHP\Library\Think\Page.class.php 第 42 行.
NOTIC: [8] Undefined variable: totalRows E:\WWW\guest2\ThinkPHP\Library\Think\Page.class.php 第 45 行.
SQL: SELECT * FROM `weibo_copy` ORDER BY id LIMIT 0,20   [ RunTime:0.0010s ]
INFO: [ view_parse ] --START--
INFO: [ template_filter ] --START--
INFO: Run Behavior\ContentReplaceBehavior [ RunTime:0.000000s ]
INFO: [ template_filter ] --END-- [ RunTime:0.000000s ]
NOTIC: [8] Use of undefined constant GROUP_NAME - assumed 'GROUP_NAME' E:\WWW\guest2\Application\Runtime\Cache\Admin\bd5fd5edadf181d665c19eb8abc2f09e.php 第 75 行.
NOTIC: [8] Use of undefined constant GROUP_NAME - assumed 'GROUP_NAME' E:\WWW\guest2\Application\Runtime\Cache\Admin\bd5fd5edadf181d665c19eb8abc2f09e.php 第 97 行.
NOTIC: [8] Use of undefined constant GROUP_NAME - assumed 'GROUP_NAME' E:\WWW\guest2\Application\Runtime\Cache\Admin\bd5fd5edadf181d665c19eb8abc2f09e.php 第 99 行.
NOTIC: [8] Use of undefined constant GROUP_NAME - assumed 'GROUP_NAME' E:\WWW\guest2\Application\Runtime\Cache\Admin\bd5fd5edadf181d665c19eb8abc2f09e.php 第 97 行.
NOTIC: [8] Use of undefined constant GROUP_NAME - assumed 'GROUP_NAME' E:\WWW\guest2\Application\Runtime\Cache\Admin\bd5fd5edadf181d665c19eb8abc2f09e.php 第 99 行.
INFO: Run Behavior\ParseTemplateBehavior [ RunTime:0.039002s ]
INFO: [ view_parse ] --END-- [ RunTime:0.039002s ]
INFO: [ view_filter ] --START--
INFO: Run Behavior\WriteHtmlCacheBehavior [ RunTime:0.001000s ]
INFO: [ view_filter ] --END-- [ RunTime:0.001000s ]
INFO: [ app_end ] --START--
INFO: Run Behavior\ShowPageTraceBehavior [ RunTime:0.003000s ]
INFO: [ app_end ] --END-- [ RunTime:0.003000s ]

[ 2016-09-27T14:33:02+08:00 ] 127.0.0.1 /guest2/admin.php?m=admin&c=CafeCopy&a=index
INFO: [ app_init ] --START--
INFO: Run Behavior\BuildLiteBehavior [ RunTime:0.000000s ]
INFO: [ app_init ] --END-- [ RunTime:0.001000s ]
INFO: [ app_begin ] --START--
INFO: Run Behavior\ReadHtmlCacheBehavior [ RunTime:0.002001s ]
INFO: [ app_begin ] --END-- [ RunTime:0.002001s ]
NOTIC: [2048] Declaration of Admin\Model\CafeCopyModel::data() should be compatible with that of Think\Model::data() E:\WWW\guest2\Application\Admin\Model\CafeCopyModel.class.php 第 6 行.
SQL: SHOW COLUMNS FROM `weibo_copy` [ RunTime:0.0100s ]
SQL: SELECT COUNT(*) AS tp_count FROM `weibo_copy` LIMIT 1   [ RunTime:0.0005s ]
NOTIC: [2] Missing argument 1 for Think\Page::__construct(), called in E:\WWW\guest2\Application\Admin\Model\CafeCopyModel.class.php on line 18 and defined E:\WWW\guest2\ThinkPHP\Library\Think\Page.class.php 第 42 行.
NOTIC: [8] Undefined variable: totalRows E:\WWW\guest2\ThinkPHP\Library\Think\Page.class.php 第 45 行.
SQL: SELECT * FROM `weibo_copy` ORDER BY id LIMIT 0,20   [ RunTime:0.0015s ]
INFO: [ view_parse ] --START--
INFO: [ template_filter ] --START--
INFO: Run Behavior\ContentReplaceBehavior [ RunTime:0.000000s ]
INFO: [ template_filter ] --END-- [ RunTime:0.000500s ]
INFO: Run Behavior\ParseTemplateBehavior [ RunTime:0.032504s ]
INFO: [ view_parse ] --END-- [ RunTime:0.033004s ]
INFO: [ view_filter ] --START--
INFO: Run Behavior\WriteHtmlCacheBehavior [ RunTime:0.001000s ]
INFO: [ view_filter ] --END-- [ RunTime:0.001500s ]
INFO: [ app_end ] --START--
INFO: Run Behavior\ShowPageTraceBehavior [ RunTime:0.002001s ]
INFO: [ app_end ] --END-- [ RunTime:0.003501s ]

[ 2016-09-27T14:33:33+08:00 ] 127.0.0.1 /guest2/admin.php?c=cafecopy&a=add
INFO: [ app_init ] --START--
INFO: Run Behavior\BuildLiteBehavior [ RunTime:0.000500s ]
INFO: [ app_init ] --END-- [ RunTime:0.001500s ]
INFO: [ app_begin ] --START--
INFO: Run Behavior\ReadHtmlCacheBehavior [ RunTime:0.001500s ]
INFO: [ app_begin ] --END-- [ RunTime:0.002000s ]
ERR: 无法加载控制器:Cafecopy

[ 2016-09-27T14:34:12+08:00 ] 127.0.0.1 /guest2/admin.php?m=admin&c=CafeCopy&a=index
INFO: [ app_init ] --START--
INFO: Run Behavior\BuildLiteBehavior [ RunTime:0.000500s ]
INFO: [ app_init ] --END-- [ RunTime:0.000500s ]
INFO: [ app_begin ] --START--
INFO: Run Behavior\ReadHtmlCacheBehavior [ RunTime:0.001000s ]
INFO: [ app_begin ] --END-- [ RunTime:0.001000s ]
NOTIC: [2048] Declaration of Admin\Model\CafeCopyModel::data() should be compatible with that of Think\Model::data() E:\WWW\guest2\Application\Admin\Model\CafeCopyModel.class.php 第 6 行.
SQL: SHOW COLUMNS FROM `weibo_copy` [ RunTime:0.0045s ]
SQL: SELECT COUNT(*) AS tp_count FROM `weibo_copy` LIMIT 1   [ RunTime:0.0000s ]
NOTIC: [2] Missing argument 1 for Think\Page::__construct(), called in E:\WWW\guest2\Application\Admin\Model\CafeCopyModel.class.php on line 18 and defined E:\WWW\guest2\ThinkPHP\Library\Think\Page.class.php 第 42 行.
NOTIC: [8] Undefined variable: totalRows E:\WWW\guest2\ThinkPHP\Library\Think\Page.class.php 第 45 行.
SQL: SELECT * FROM `weibo_copy` ORDER BY id LIMIT 0,20   [ RunTime:0.0005s ]
INFO: [ view_parse ] --START--
INFO: [ template_filter ] --START--
INFO: Run Behavior\ContentReplaceBehavior [ RunTime:0.000000s ]
INFO: [ template_filter ] --END-- [ RunTime:0.000500s ]
INFO: Run Behavior\ParseTemplateBehavior [ RunTime:0.014502s ]
INFO: [ view_parse ] --END-- [ RunTime:0.014502s ]
INFO: [ view_filter ] --START--
INFO: Run Behavior\WriteHtmlCacheBehavior [ RunTime:0.000500s ]
INFO: [ view_filter ] --END-- [ RunTime:0.000500s ]
INFO: [ app_end ] --START--
INFO: Run Behavior\ShowPageTraceBehavior [ RunTime:0.001000s ]
INFO: [ app_end ] --END-- [ RunTime:0.001000s ]

[ 2016-09-27T14:34:14+08:00 ] 127.0.0.1 /guest2/admin.php?c=CafeCopy&a=add
INFO: [ app_init ] --START--
INFO: Run Behavior\BuildLiteBehavior [ RunTime:0.000000s ]
INFO: [ app_init ] --END-- [ RunTime:0.002500s ]
INFO: [ app_begin ] --START--
INFO: Run Behavior\ReadHtmlCacheBehavior [ RunTime:0.002501s ]
INFO: [ app_begin ] --END-- [ RunTime:0.003001s ]
INFO: [ view_parse ] --START--
INFO: [ template_filter ] --START--
INFO: Run Behavior\ContentReplaceBehavior [ RunTime:0.000000s ]
INFO: [ template_filter ] --END-- [ RunTime:0.000500s ]
NOTIC: [8] Use of undefined constant GROUP_NAME - assumed 'GROUP_NAME' E:\WWW\guest2\Application\Runtime\Cache\Admin\d16dfd36036113b2069265f50c48d093.php 第 66 行.
INFO: Run Behavior\ParseTemplateBehavior [ RunTime:0.042006s ]
INFO: [ view_parse ] --END-- [ RunTime:0.042506s ]
INFO: [ view_filter ] --START--
INFO: Run Behavior\WriteHtmlCacheBehavior [ RunTime:0.001500s ]
INFO: [ view_filter ] --END-- [ RunTime:0.001500s ]
INFO: [ app_end ] --START--
INFO: Run Behavior\ShowPageTraceBehavior [ RunTime:0.002000s ]
INFO: [ app_end ] --END-- [ RunTime:0.003000s ]

[ 2016-09-27T14:34:20+08:00 ] 127.0.0.1 /guest2/admin.php?m=admin&c=CafeCopy&a=index
INFO: [ app_init ] --START--
INFO: Run Behavior\BuildLiteBehavior [ RunTime:0.000000s ]
INFO: [ app_init ] --END-- [ RunTime:0.001000s ]
INFO: [ app_begin ] --START--
INFO: Run Behavior\ReadHtmlCacheBehavior [ RunTime:0.005001s ]
INFO: [ app_begin ] --END-- [ RunTime:0.006001s ]
NOTIC: [2048] Declaration of Admin\Model\CafeCopyModel::data() should be compatible with that of Think\Model::data() E:\WWW\guest2\Application\Admin\Model\CafeCopyModel.class.php 第 6 行.
SQL: SHOW COLUMNS FROM `weibo_copy` [ RunTime:0.0090s ]
SQL: SELECT COUNT(*) AS tp_count FROM `weibo_copy` LIMIT 1   [ RunTime:0.0005s ]
NOTIC: [2] Missing argument 1 for Think\Page::__construct(), called in E:\WWW\guest2\Application\Admin\Model\CafeCopyModel.class.php on line 18 and defined E:\WWW\guest2\ThinkPHP\Library\Think\Page.class.php 第 42 行.
NOTIC: [8] Undefined variable: totalRows E:\WWW\guest2\ThinkPHP\Library\Think\Page.class.php 第 45 行.
SQL: SELECT * FROM `weibo_copy` ORDER BY id LIMIT 0,20   [ RunTime:0.0005s ]
INFO: [ view_parse ] --START--
INFO: [ template_filter ] --START--
INFO: Run Behavior\ContentReplaceBehavior [ RunTime:0.000000s ]
INFO: [ template_filter ] --END-- [ RunTime:0.000500s ]
INFO: Run Behavior\ParseTemplateBehavior [ RunTime:0.031004s ]
INFO: [ view_parse ] --END-- [ RunTime:0.031004s ]
INFO: [ view_filter ] --START--
INFO: Run Behavior\WriteHtmlCacheBehavior [ RunTime:0.000500s ]
INFO: [ view_filter ] --END-- [ RunTime:0.001500s ]
INFO: [ app_end ] --START--
INFO: Run Behavior\ShowPageTraceBehavior [ RunTime:0.001500s ]
INFO: [ app_end ] --END-- [ RunTime:0.001500s ]

[ 2016-09-27T14:34:23+08:00 ] 127.0.0.1 /guest2/admin.php?c=cafeCopy&a=edit&id=4
INFO: [ app_init ] --START--
INFO: Run Behavior\BuildLiteBehavior [ RunTime:0.000000s ]
INFO: [ app_init ] --END-- [ RunTime:0.001000s ]
INFO: [ app_begin ] --START--
INFO: Run Behavior\ReadHtmlCacheBehavior [ RunTime:0.001501s ]
INFO: [ app_begin ] --END-- [ RunTime:0.001501s ]
NOTIC: [2048] Declaration of Admin\Model\AboutModel::data() should be compatible with that of Think\Model::data() E:\WWW\guest2\Application\Admin\Model\AboutModel.class.php 第 6 行.
SQL: SHOW COLUMNS FROM `weibo_about` [ RunTime:0.0875s ]
SQL: SELECT * FROM `weibo_about` WHERE ( id=4 )  [ RunTime:0.0015s ]
INFO: [ view_parse ] --START--
INFO: [ template_filter ] --START--
INFO: Run Behavior\ContentReplaceBehavior [ RunTime:0.000500s ]
INFO: [ template_filter ] --END-- [ RunTime:0.000500s ]
NOTIC: [8] Use of undefined constant GROUP_NAME - assumed 'GROUP_NAME' E:\WWW\guest2\Application\Runtime\Cache\Admin\8429557fec80d8dd72a6e7ae4fdca2df.php 第 66 行.
INFO: Run Behavior\ParseTemplateBehavior [ RunTime:0.038505s ]
INFO: [ view_parse ] --END-- [ RunTime:0.038505s ]
INFO: [ view_filter ] --START--
INFO: Run Behavior\WriteHtmlCacheBehavior [ RunTime:0.001000s ]
INFO: [ view_filter ] --END-- [ RunTime:0.001000s ]
INFO: [ app_end ] --START--
INFO: Run Behavior\ShowPageTraceBehavior [ RunTime:0.001500s ]
INFO: [ app_end ] --END-- [ RunTime:0.001500s ]

[ 2016-09-27T14:34:25+08:00 ] 127.0.0.1 /guest2/admin.php?m=admin&c=CafeCopy&a=index
INFO: [ app_init ] --START--
INFO: Run Behavior\BuildLiteBehavior [ RunTime:0.000000s ]
INFO: [ app_init ] --END-- [ RunTime:0.001000s ]
INFO: [ app_begin ] --START--
INFO: Run Behavior\ReadHtmlCacheBehavior [ RunTime:0.001500s ]
INFO: [ app_begin ] --END-- [ RunTime:0.002000s ]
NOTIC: [2048] Declaration of Admin\Model\CafeCopyModel::data() should be compatible with that of Think\Model::data() E:\WWW\guest2\Application\Admin\Model\CafeCopyModel.class.php 第 6 行.
SQL: SHOW COLUMNS FROM `weibo_copy` [ RunTime:0.0085s ]
SQL: SELECT COUNT(*) AS tp_count FROM `weibo_copy` LIMIT 1   [ RunTime:0.0005s ]
NOTIC: [2] Missing argument 1 for Think\Page::__construct(), called in E:\WWW\guest2\Application\Admin\Model\CafeCopyModel.class.php on line 18 and defined E:\WWW\guest2\ThinkPHP\Library\Think\Page.class.php 第 42 行.
NOTIC: [8] Undefined variable: totalRows E:\WWW\guest2\ThinkPHP\Library\Think\Page.class.php 第 45 行.
SQL: SELECT * FROM `weibo_copy` ORDER BY id LIMIT 0,20   [ RunTime:0.0010s ]
INFO: [ view_parse ] --START--
INFO: [ template_filter ] --START--
INFO: Run Behavior\ContentReplaceBehavior [ RunTime:0.000500s ]
INFO: [ template_filter ] --END-- [ RunTime:0.000500s ]
INFO: Run Behavior\ParseTemplateBehavior [ RunTime:0.026503s ]
INFO: [ view_parse ] --END-- [ RunTime:0.027003s ]
INFO: [ view_filter ] --START--
INFO: Run Behavior\WriteHtmlCacheBehavior [ RunTime:0.001000s ]
INFO: [ view_filter ] --END-- [ RunTime:0.001000s ]
INFO: [ app_end ] --START--
INFO: Run Behavior\ShowPageTraceBehavior [ RunTime:0.002501s ]
INFO: [ app_end ] --END-- [ RunTime:0.002501s ]

[ 2016-09-27T22:32:22+08:00 ] 127.0.0.1 /guest2/admin.php
INFO: [ app_init ] --START--
INFO: Run Behavior\BuildLiteBehavior [ RunTime:0.000000s ]
INFO: [ app_init ] --END-- [ RunTime:0.000000s ]
INFO: [ app_begin ] --START--
INFO: Run Behavior\ReadHtmlCacheBehavior [ RunTime:0.000000s ]
INFO: [ app_begin ] --END-- [ RunTime:0.000000s ]

[ 2016-09-27T22:32:22+08:00 ] 127.0.0.1 /guest2/admin.php?&c=login
INFO: [ app_init ] --START--
INFO: Run Behavior\BuildLiteBehavior [ RunTime:0.000000s ]
INFO: [ app_init ] --END-- [ RunTime:0.000000s ]
INFO: [ app_begin ] --START--
INFO: Run Behavior\ReadHtmlCacheBehavior [ RunTime:0.005000s ]
INFO: [ app_begin ] --END-- [ RunTime:0.005000s ]
INFO: [ view_parse ] --START--
INFO: [ template_filter ] --START--
INFO: Run Behavior\ContentReplaceBehavior [ RunTime:0.000000s ]
INFO: [ template_filter ] --END-- [ RunTime:0.000000s ]
NOTIC: [8] Undefined variable: web E:\WWW\guest2\Application\Runtime\Cache\Admin\32ec6c906c117a7c2bf504769276d87a.php 第 12 行.
INFO: Run Behavior\ParseTemplateBehavior [ RunTime:0.035000s ]
INFO: [ view_parse ] --END-- [ RunTime:0.035000s ]
INFO: [ view_filter ] --START--
INFO: Run Behavior\WriteHtmlCacheBehavior [ RunTime:0.000000s ]
INFO: [ view_filter ] --END-- [ RunTime:0.000000s ]
INFO: [ app_end ] --START--
INFO: Run Behavior\ShowPageTraceBehavior [ RunTime:0.000000s ]
INFO: [ app_end ] --END-- [ RunTime:0.000000s ]

[ 2016-09-27T22:32:32+08:00 ] 127.0.0.1 /guest2/admin.php?m=admin&c=login&a=check
INFO: [ app_init ] --START--
INFO: Run Behavior\BuildLiteBehavior [ RunTime:0.000000s ]
INFO: [ app_init ] --END-- [ RunTime:0.000000s ]
INFO: [ app_begin ] --START--
INFO: Run Behavior\ReadHtmlCacheBehavior [ RunTime:0.005000s ]
INFO: [ app_begin ] --END-- [ RunTime:0.005000s ]
SQL: SHOW COLUMNS FROM `weibo_admin` [ RunTime:0.0800s ]
SQL: SELECT * FROM `weibo_admin` WHERE ( username="admin" ) LIMIT 1   [ RunTime:0.0000s ]

[ 2016-09-27T22:32:35+08:00 ] 127.0.0.1 /guest2/admin.php
INFO: [ app_init ] --START--
INFO: Run Behavior\BuildLiteBehavior [ RunTime:0.000000s ]
INFO: [ app_init ] --END-- [ RunTime:0.000000s ]
INFO: [ app_begin ] --START--
INFO: Run Behavior\ReadHtmlCacheBehavior [ RunTime:0.005000s ]
INFO: [ app_begin ] --END-- [ RunTime:0.005000s ]
INFO: [ view_parse ] --START--
INFO: [ template_filter ] --START--
INFO: Run Behavior\ContentReplaceBehavior [ RunTime:0.000000s ]
INFO: [ template_filter ] --END-- [ RunTime:0.000000s ]
NOTIC: [8] Undefined variable: web E:\WWW\guest2\Application\Runtime\Cache\Admin\b595b808c2ebeeeb0478ffc30bb4e87a.php 第 13 行.
NOTIC: [8] Undefined variable: web E:\WWW\guest2\Application\Runtime\Cache\Admin\b595b808c2ebeeeb0478ffc30bb4e87a.php 第 50 行.
NOTIC: [8] Undefined variable: usrname E:\WWW\guest2\Application\Runtime\Cache\Admin\b595b808c2ebeeeb0478ffc30bb4e87a.php 第 144 行.
NOTIC: [8] Use of undefined constant GROUP_NAME - assumed 'GROUP_NAME' E:\WWW\guest2\Application\Runtime\Cache\Admin\b595b808c2ebeeeb0478ffc30bb4e87a.php 第 169 行.
NOTIC: [8] Use of undefined constant admin - assumed 'admin' E:\WWW\guest2\Application\Runtime\Cache\Admin\b595b808c2ebeeeb0478ffc30bb4e87a.php 第 175 行.
NOTIC: [8] Use of undefined constant admin - assumed 'admin' E:\WWW\guest2\Application\Runtime\Cache\Admin\b595b808c2ebeeeb0478ffc30bb4e87a.php 第 177 行.
NOTIC: [8] Use of undefined constant admin - assumed 'admin' E:\WWW\guest2\Application\Runtime\Cache\Admin\b595b808c2ebeeeb0478ffc30bb4e87a.php 第 179 行.
NOTIC: [8] Use of undefined constant admin - assumed 'admin' E:\WWW\guest2\Application\Runtime\Cache\Admin\b595b808c2ebeeeb0478ffc30bb4e87a.php 第 181 行.
NOTIC: [8] Use of undefined constant admin - assumed 'admin' E:\WWW\guest2\Application\Runtime\Cache\Admin\b595b808c2ebeeeb0478ffc30bb4e87a.php 第 183 行.
NOTIC: [8] Use of undefined constant admin - assumed 'admin' E:\WWW\guest2\Application\Runtime\Cache\Admin\b595b808c2ebeeeb0478ffc30bb4e87a.php 第 185 行.
NOTIC: [8] Use of undefined constant admin - assumed 'admin' E:\WWW\guest2\Application\Runtime\Cache\Admin\b595b808c2ebeeeb0478ffc30bb4e87a.php 第 187 行.
NOTIC: [8] Use of undefined constant admin - assumed 'admin' E:\WWW\guest2\Application\Runtime\Cache\Admin\b595b808c2ebeeeb0478ffc30bb4e87a.php 第 194 行.
NOTIC: [8] Use of undefined constant admin - assumed 'admin' E:\WWW\guest2\Application\Runtime\Cache\Admin\b595b808c2ebeeeb0478ffc30bb4e87a.php 第 196 行.
NOTIC: [8] Use of undefined constant admin - assumed 'admin' E:\WWW\guest2\Application\Runtime\Cache\Admin\b595b808c2ebeeeb0478ffc30bb4e87a.php 第 204 行.
NOTIC: [8] Use of undefined constant admin - assumed 'admin' E:\WWW\guest2\Application\Runtime\Cache\Admin\b595b808c2ebeeeb0478ffc30bb4e87a.php 第 216 行.
NOTIC: [8] Use of undefined constant admin - assumed 'admin' E:\WWW\guest2\Application\Runtime\Cache\Admin\b595b808c2ebeeeb0478ffc30bb4e87a.php 第 218 行.
NOTIC: [8] Use of undefined constant admin - assumed 'admin' E:\WWW\guest2\Application\Runtime\Cache\Admin\b595b808c2ebeeeb0478ffc30bb4e87a.php 第 225 行.
NOTIC: [8] Use of undefined constant admin - assumed 'admin' E:\WWW\guest2\Application\Runtime\Cache\Admin\b595b808c2ebeeeb0478ffc30bb4e87a.php 第 227 行.
NOTIC: [8] Use of undefined constant GROUP_NAME - assumed 'GROUP_NAME' E:\WWW\guest2\Application\Runtime\Cache\Admin\b595b808c2ebeeeb0478ffc30bb4e87a.php 第 236 行.
NOTIC: [8] Use of undefined constant GROUP_NAME - assumed 'GROUP_NAME' E:\WWW\guest2\Application\Runtime\Cache\Admin\b595b808c2ebeeeb0478ffc30bb4e87a.php 第 238 行.
NOTIC: [8] Use of undefined constant admin - assumed 'admin' E:\WWW\guest2\Application\Runtime\Cache\Admin\b595b808c2ebeeeb0478ffc30bb4e87a.php 第 312 行.
INFO: Run Behavior\ParseTemplateBehavior [ RunTime:0.095000s ]
INFO: [ view_parse ] --END-- [ RunTime:0.095000s ]
INFO: [ view_filter ] --START--
INFO: Run Behavior\WriteHtmlCacheBehavior [ RunTime:0.000000s ]
INFO: [ view_filter ] --END-- [ RunTime:0.000000s ]
INFO: [ app_end ] --START--
INFO: Run Behavior\ShowPageTraceBehavior [ RunTime:0.005000s ]
INFO: [ app_end ] --END-- [ RunTime:0.005000s ]

[ 2016-09-27T22:32:35+08:00 ] 127.0.0.1 /guest2/admin.php?m=admin&c=Index&a=main
INFO: [ app_init ] --START--
INFO: Run Behavior\BuildLiteBehavior [ RunTime:0.000000s ]
INFO: [ app_init ] --END-- [ RunTime:0.001000s ]
INFO: [ app_begin ] --START--
INFO: Run Behavior\ReadHtmlCacheBehavior [ RunTime:0.002000s ]
INFO: [ app_begin ] --END-- [ RunTime:0.003000s ]
NOTIC: [2] fopen(E:\WWW\guest2\ThinkPHP\Library\Org\Net/UTFWry.dat) [<a href='function.fopen'>function.fopen</a>]: failed to open stream: No such file or directory E:\WWW\guest2\ThinkPHP\Library\Org\Net\IpLocation.class.php 第 54 行.
INFO: [ view_parse ] --START--
INFO: [ template_filter ] --START--
INFO: Run Behavior\ContentReplaceBehavior [ RunTime:0.000000s ]
INFO: [ template_filter ] --END-- [ RunTime:0.000000s ]
NOTIC: [8] Undefined variable: user E:\WWW\guest2\Application\Runtime\Cache\Admin\b0f0b709690a72033d17719e8059053c.php 第 54 行.
NOTIC: [8] Undefined variable: mshop E:\WWW\guest2\Application\Runtime\Cache\Admin\b0f0b709690a72033d17719e8059053c.php 第 64 行.
NOTIC: [8] Undefined variable: pcshop E:\WWW\guest2\Application\Runtime\Cache\Admin\b0f0b709690a72033d17719e8059053c.php 第 74 行.
NOTIC: [8] Undefined variable: convert E:\WWW\guest2\Application\Runtime\Cache\Admin\b0f0b709690a72033d17719e8059053c.php 第 84 行.
INFO: Run Behavior\ParseTemplateBehavior [ RunTime:0.041002s ]
INFO: [ view_parse ] --END-- [ RunTime:0.042002s ]
INFO: [ view_filter ] --START--
INFO: Run Behavior\WriteHtmlCacheBehavior [ RunTime:0.002000s ]
INFO: [ view_filter ] --END-- [ RunTime:0.002000s ]
INFO: [ app_end ] --START--
INFO: Run Behavior\ShowPageTraceBehavior [ RunTime:0.002001s ]
INFO: [ app_end ] --END-- [ RunTime:0.003001s ]

