[ 2016-09-20T00:20:25+08:00 ] 127.0.0.1 /guest2/admin.php?m=admin&c=Slide&a=index
INFO: [ app_init ] --START--
INFO: Run Behavior\BuildLiteBehavior [ RunTime:0.000000s ]
INFO: [ app_init ] --END-- [ RunTime:0.001000s ]
INFO: [ app_begin ] --START--
INFO: Run Behavior\ReadHtmlCacheBehavior [ RunTime:0.002000s ]
INFO: [ app_begin ] --END-- [ RunTime:0.002000s ]
NOTIC: [2048] Declaration of Admin\Model\SlideModel::data() should be compatible with that of Think\Model::data() E:\WWW\guest2\Application\Admin\Model\SlideModel.class.php 第 6 行.
SQL: SHOW COLUMNS FROM `weibo_solid` [ RunTime:0.0090s ]
NOTIC: [2] Missing argument 1 for Think\Page::__construct(), called in E:\WWW\guest2\Application\Admin\Model\SlideModel.class.php on line 18 and defined E:\WWW\guest2\ThinkPHP\Library\Think\Page.class.php 第 42 行.
NOTIC: [8] Undefined variable: totalRows E:\WWW\guest2\ThinkPHP\Library\Think\Page.class.php 第 45 行.
SQL: SELECT * FROM `weibo_solid` ORDER BY id LIMIT 0,20   [ RunTime:0.0000s ]
INFO: [ view_parse ] --START--
INFO: [ template_filter ] --START--
INFO: Run Behavior\ContentReplaceBehavior [ RunTime:0.001000s ]
INFO: [ template_filter ] --END-- [ RunTime:0.001000s ]
NOTIC: [8] Undefined variable: page E:\WWW\guest2\Application\Runtime\Cache\Admin\176a5b3b0ba55302e03dbe584fc1f56b.php 第 106 行.
INFO: Run Behavior\ParseTemplateBehavior [ RunTime:0.033002s ]
INFO: [ view_parse ] --END-- [ RunTime:0.033002s ]
INFO: [ view_filter ] --START--
INFO: Run Behavior\WriteHtmlCacheBehavior [ RunTime:0.001000s ]
INFO: [ view_filter ] --END-- [ RunTime:0.001000s ]
INFO: [ app_end ] --START--
INFO: Run Behavior\ShowPageTraceBehavior [ RunTime:0.004000s ]
INFO: [ app_end ] --END-- [ RunTime:0.004000s ]

[ 2016-09-20T00:24:51+08:00 ] 127.0.0.1 /guest2/admin.php?m=admin&c=Slide&a=index
INFO: [ app_init ] --START--
INFO: Run Behavior\BuildLiteBehavior [ RunTime:0.001000s ]
INFO: [ app_init ] --END-- [ RunTime:0.001000s ]
INFO: [ app_begin ] --START--
INFO: Run Behavior\ReadHtmlCacheBehavior [ RunTime:0.001000s ]
INFO: [ app_begin ] --END-- [ RunTime:0.001000s ]
NOTIC: [2048] Declaration of Admin\Model\SlideModel::data() should be compatible with that of Think\Model::data() E:\WWW\guest2\Application\Admin\Model\SlideModel.class.php 第 6 行.
SQL: SHOW COLUMNS FROM `weibo_solid` [ RunTime:0.0070s ]
NOTIC: [2] Missing argument 1 for Think\Page::__construct(), called in E:\WWW\guest2\Application\Admin\Model\SlideModel.class.php on line 18 and defined E:\WWW\guest2\ThinkPHP\Library\Think\Page.class.php 第 42 行.
NOTIC: [8] Undefined variable: totalRows E:\WWW\guest2\ThinkPHP\Library\Think\Page.class.php 第 45 行.
SQL: SELECT * FROM `weibo_solid` ORDER BY id LIMIT 0,20   [ RunTime:0.0010s ]
INFO: [ view_parse ] --START--
INFO: [ template_filter ] --START--
INFO: Run Behavior\ContentReplaceBehavior [ RunTime:0.001000s ]
INFO: [ template_filter ] --END-- [ RunTime:0.001000s ]
NOTIC: [8] Undefined variable: page E:\WWW\guest2\Application\Runtime\Cache\Admin\176a5b3b0ba55302e03dbe584fc1f56b.php 第 106 行.
INFO: Run Behavior\ParseTemplateBehavior [ RunTime:0.026002s ]
INFO: [ view_parse ] --END-- [ RunTime:0.026002s ]
INFO: [ view_filter ] --START--
INFO: Run Behavior\WriteHtmlCacheBehavior [ RunTime:0.000000s ]
INFO: [ view_filter ] --END-- [ RunTime:0.001000s ]
INFO: [ app_end ] --START--
INFO: Run Behavior\ShowPageTraceBehavior [ RunTime:0.003000s ]
INFO: [ app_end ] --END-- [ RunTime:0.003000s ]

[ 2016-09-20T00:24:53+08:00 ] 127.0.0.1 /guest2/admin.php?c=slide&a=add
INFO: [ app_init ] --START--
INFO: Run Behavior\BuildLiteBehavior [ RunTime:0.000000s ]
INFO: [ app_init ] --END-- [ RunTime:0.002000s ]
INFO: [ app_begin ] --START--
INFO: Run Behavior\ReadHtmlCacheBehavior [ RunTime:0.002000s ]
INFO: [ app_begin ] --END-- [ RunTime:0.002000s ]
INFO: [ view_parse ] --START--
INFO: [ template_filter ] --START--
INFO: Run Behavior\ContentReplaceBehavior [ RunTime:0.000000s ]
INFO: [ template_filter ] --END-- [ RunTime:0.001000s ]
NOTIC: [8] Use of undefined constant GROUP_NAME - assumed 'GROUP_NAME' E:\WWW\guest2\Application\Runtime\Cache\Admin\663db8c21df2dcee5b652d858be3c84a.php 第 67 行.
INFO: Run Behavior\ParseTemplateBehavior [ RunTime:0.019001s ]
INFO: [ view_parse ] --END-- [ RunTime:0.020001s ]
INFO: [ view_filter ] --START--
INFO: Run Behavior\WriteHtmlCacheBehavior [ RunTime:0.001000s ]
INFO: [ view_filter ] --END-- [ RunTime:0.001000s ]
INFO: [ app_end ] --START--
INFO: Run Behavior\ShowPageTraceBehavior [ RunTime:0.002000s ]
INFO: [ app_end ] --END-- [ RunTime:0.002000s ]

[ 2016-09-20T00:25:06+08:00 ] 127.0.0.1 /guest2/admin.php?m=admin&c=Slide&a=index
INFO: [ app_init ] --START--
INFO: Run Behavior\BuildLiteBehavior [ RunTime:0.000000s ]
INFO: [ app_init ] --END-- [ RunTime:0.001000s ]
INFO: [ app_begin ] --START--
INFO: Run Behavior\ReadHtmlCacheBehavior [ RunTime:0.001000s ]
INFO: [ app_begin ] --END-- [ RunTime:0.001000s ]
NOTIC: [2048] Declaration of Admin\Model\SlideModel::data() should be compatible with that of Think\Model::data() E:\WWW\guest2\Application\Admin\Model\SlideModel.class.php 第 6 行.
SQL: SHOW COLUMNS FROM `weibo_solid` [ RunTime:0.0090s ]
NOTIC: [2] Missing argument 1 for Think\Page::__construct(), called in E:\WWW\guest2\Application\Admin\Model\SlideModel.class.php on line 18 and defined E:\WWW\guest2\ThinkPHP\Library\Think\Page.class.php 第 42 行.
NOTIC: [8] Undefined variable: totalRows E:\WWW\guest2\ThinkPHP\Library\Think\Page.class.php 第 45 行.
SQL: SELECT * FROM `weibo_solid` ORDER BY id LIMIT 0,20   [ RunTime:0.0010s ]
INFO: [ view_parse ] --START--
INFO: [ template_filter ] --START--
INFO: Run Behavior\ContentReplaceBehavior [ RunTime:0.001000s ]
INFO: [ template_filter ] --END-- [ RunTime:0.001000s ]
NOTIC: [8] Undefined variable: page E:\WWW\guest2\Application\Runtime\Cache\Admin\176a5b3b0ba55302e03dbe584fc1f56b.php 第 106 行.
INFO: Run Behavior\ParseTemplateBehavior [ RunTime:0.022002s ]
INFO: [ view_parse ] --END-- [ RunTime:0.022002s ]
INFO: [ view_filter ] --START--
INFO: Run Behavior\WriteHtmlCacheBehavior [ RunTime:0.001000s ]
INFO: [ view_filter ] --END-- [ RunTime:0.001000s ]
INFO: [ app_end ] --START--
INFO: Run Behavior\ShowPageTraceBehavior [ RunTime:0.003000s ]
INFO: [ app_end ] --END-- [ RunTime:0.003000s ]

[ 2016-09-20T00:25:09+08:00 ] 127.0.0.1 /guest2/admin.php?c=slide&a=edit&id=2
INFO: [ app_init ] --START--
INFO: Run Behavior\BuildLiteBehavior [ RunTime:0.000000s ]
INFO: [ app_init ] --END-- [ RunTime:0.001000s ]
INFO: [ app_begin ] --START--
INFO: Run Behavior\ReadHtmlCacheBehavior [ RunTime:0.001000s ]
INFO: [ app_begin ] --END-- [ RunTime:0.002000s ]
INFO: [ view_parse ] --START--
INFO: [ template_filter ] --START--
INFO: Run Behavior\ContentReplaceBehavior [ RunTime:0.000000s ]
INFO: [ template_filter ] --END-- [ RunTime:0.001000s ]
NOTIC: [8] Use of undefined constant GROUP_NAME - assumed 'GROUP_NAME' E:\WWW\guest2\Application\Runtime\Cache\Admin\f469e544eb83a6d1619f988ff93fbd88.php 第 67 行.
NOTIC: [8] Undefined variable: lists E:\WWW\guest2\Application\Runtime\Cache\Admin\f469e544eb83a6d1619f988ff93fbd88.php 第 69 行.
INFO: Run Behavior\ParseTemplateBehavior [ RunTime:0.024002s ]
INFO: [ view_parse ] --END-- [ RunTime:0.024002s ]
INFO: [ view_filter ] --START--
INFO: Run Behavior\WriteHtmlCacheBehavior [ RunTime:0.002000s ]
INFO: [ view_filter ] --END-- [ RunTime:0.002000s ]
INFO: [ app_end ] --START--
INFO: Run Behavior\ShowPageTraceBehavior [ RunTime:0.001000s ]
INFO: [ app_end ] --END-- [ RunTime:0.001000s ]

[ 2016-09-20T00:25:15+08:00 ] 127.0.0.1 /guest2/admin.php?m=admin&c=Slide&a=index
INFO: [ app_init ] --START--
INFO: Run Behavior\BuildLiteBehavior [ RunTime:0.000000s ]
INFO: [ app_init ] --END-- [ RunTime:0.001000s ]
INFO: [ app_begin ] --START--
INFO: Run Behavior\ReadHtmlCacheBehavior [ RunTime:0.001000s ]
INFO: [ app_begin ] --END-- [ RunTime:0.001000s ]
NOTIC: [2048] Declaration of Admin\Model\SlideModel::data() should be compatible with that of Think\Model::data() E:\WWW\guest2\Application\Admin\Model\SlideModel.class.php 第 6 行.
SQL: SHOW COLUMNS FROM `weibo_solid` [ RunTime:0.0080s ]
NOTIC: [2] Missing argument 1 for Think\Page::__construct(), called in E:\WWW\guest2\Application\Admin\Model\SlideModel.class.php on line 18 and defined E:\WWW\guest2\ThinkPHP\Library\Think\Page.class.php 第 42 行.
NOTIC: [8] Undefined variable: totalRows E:\WWW\guest2\ThinkPHP\Library\Think\Page.class.php 第 45 行.
SQL: SELECT * FROM `weibo_solid` ORDER BY id LIMIT 0,20   [ RunTime:0.0010s ]
INFO: [ view_parse ] --START--
INFO: [ template_filter ] --START--
INFO: Run Behavior\ContentReplaceBehavior [ RunTime:0.001000s ]
INFO: [ template_filter ] --END-- [ RunTime:0.001000s ]
NOTIC: [8] Undefined variable: page E:\WWW\guest2\Application\Runtime\Cache\Admin\176a5b3b0ba55302e03dbe584fc1f56b.php 第 106 行.
INFO: Run Behavior\ParseTemplateBehavior [ RunTime:0.022001s ]
INFO: [ view_parse ] --END-- [ RunTime:0.022001s ]
INFO: [ view_filter ] --START--
INFO: Run Behavior\WriteHtmlCacheBehavior [ RunTime:0.000000s ]
INFO: [ view_filter ] --END-- [ RunTime:0.000000s ]
INFO: [ app_end ] --START--
INFO: Run Behavior\ShowPageTraceBehavior [ RunTime:0.004000s ]
INFO: [ app_end ] --END-- [ RunTime:0.004000s ]

[ 2016-09-20T00:25:17+08:00 ] 127.0.0.1 /guest2/admin.php?m=admin&c=Slide&a=index
INFO: [ app_init ] --START--
INFO: Run Behavior\BuildLiteBehavior [ RunTime:0.000000s ]
INFO: [ app_init ] --END-- [ RunTime:0.001000s ]
INFO: [ app_begin ] --START--
INFO: Run Behavior\ReadHtmlCacheBehavior [ RunTime:0.001000s ]
INFO: [ app_begin ] --END-- [ RunTime:0.001000s ]
NOTIC: [2048] Declaration of Admin\Model\SlideModel::data() should be compatible with that of Think\Model::data() E:\WWW\guest2\Application\Admin\Model\SlideModel.class.php 第 6 行.
SQL: SHOW COLUMNS FROM `weibo_solid` [ RunTime:0.0070s ]
NOTIC: [2] Missing argument 1 for Think\Page::__construct(), called in E:\WWW\guest2\Application\Admin\Model\SlideModel.class.php on line 18 and defined E:\WWW\guest2\ThinkPHP\Library\Think\Page.class.php 第 42 行.
NOTIC: [8] Undefined variable: totalRows E:\WWW\guest2\ThinkPHP\Library\Think\Page.class.php 第 45 行.
SQL: SELECT * FROM `weibo_solid` ORDER BY id LIMIT 0,20   [ RunTime:0.0010s ]
INFO: [ view_parse ] --START--
INFO: [ template_filter ] --START--
INFO: Run Behavior\ContentReplaceBehavior [ RunTime:0.000000s ]
INFO: [ template_filter ] --END-- [ RunTime:0.001000s ]
NOTIC: [8] Undefined variable: page E:\WWW\guest2\Application\Runtime\Cache\Admin\176a5b3b0ba55302e03dbe584fc1f56b.php 第 106 行.
INFO: Run Behavior\ParseTemplateBehavior [ RunTime:0.023002s ]
INFO: [ view_parse ] --END-- [ RunTime:0.023002s ]
INFO: [ view_filter ] --START--
INFO: Run Behavior\WriteHtmlCacheBehavior [ RunTime:0.000000s ]
INFO: [ view_filter ] --END-- [ RunTime:0.000000s ]
INFO: [ app_end ] --START--
INFO: Run Behavior\ShowPageTraceBehavior [ RunTime:0.002000s ]
INFO: [ app_end ] --END-- [ RunTime:0.003000s ]

[ 2016-09-20T00:25:19+08:00 ] 127.0.0.1 /guest2/admin.php?m=admin&c=Slide&a=index
INFO: [ app_init ] --START--
INFO: Run Behavior\BuildLiteBehavior [ RunTime:0.000000s ]
INFO: [ app_init ] --END-- [ RunTime:0.001000s ]
INFO: [ app_begin ] --START--
INFO: Run Behavior\ReadHtmlCacheBehavior [ RunTime:0.001000s ]
INFO: [ app_begin ] --END-- [ RunTime:0.001000s ]
NOTIC: [2048] Declaration of Admin\Model\SlideModel::data() should be compatible with that of Think\Model::data() E:\WWW\guest2\Application\Admin\Model\SlideModel.class.php 第 6 行.
SQL: SHOW COLUMNS FROM `weibo_solid` [ RunTime:0.0080s ]
NOTIC: [2] Missing argument 1 for Think\Page::__construct(), called in E:\WWW\guest2\Application\Admin\Model\SlideModel.class.php on line 18 and defined E:\WWW\guest2\ThinkPHP\Library\Think\Page.class.php 第 42 行.
NOTIC: [8] Undefined variable: totalRows E:\WWW\guest2\ThinkPHP\Library\Think\Page.class.php 第 45 行.
SQL: SELECT * FROM `weibo_solid` ORDER BY id LIMIT 0,20   [ RunTime:0.0010s ]
INFO: [ view_parse ] --START--
INFO: [ template_filter ] --START--
INFO: Run Behavior\ContentReplaceBehavior [ RunTime:0.000000s ]
INFO: [ template_filter ] --END-- [ RunTime:0.001001s ]
NOTIC: [8] Undefined variable: page E:\WWW\guest2\Application\Runtime\Cache\Admin\176a5b3b0ba55302e03dbe584fc1f56b.php 第 106 行.
INFO: Run Behavior\ParseTemplateBehavior [ RunTime:0.022002s ]
INFO: [ view_parse ] --END-- [ RunTime:0.022002s ]
INFO: [ view_filter ] --START--
INFO: Run Behavior\WriteHtmlCacheBehavior [ RunTime:0.001000s ]
INFO: [ view_filter ] --END-- [ RunTime:0.001000s ]
INFO: [ app_end ] --START--
INFO: Run Behavior\ShowPageTraceBehavior [ RunTime:0.001000s ]
INFO: [ app_end ] --END-- [ RunTime:0.002000s ]

[ 2016-09-20T00:25:20+08:00 ] 127.0.0.1 /guest2/admin.php?m=admin&c=Slide&a=index
INFO: [ app_init ] --START--
INFO: Run Behavior\BuildLiteBehavior [ RunTime:0.000000s ]
INFO: [ app_init ] --END-- [ RunTime:0.001001s ]
INFO: [ app_begin ] --START--
INFO: Run Behavior\ReadHtmlCacheBehavior [ RunTime:0.002000s ]
INFO: [ app_begin ] --END-- [ RunTime:0.002000s ]
NOTIC: [2048] Declaration of Admin\Model\SlideModel::data() should be compatible with that of Think\Model::data() E:\WWW\guest2\Application\Admin\Model\SlideModel.class.php 第 6 行.
SQL: SHOW COLUMNS FROM `weibo_solid` [ RunTime:0.0070s ]
NOTIC: [2] Missing argument 1 for Think\Page::__construct(), called in E:\WWW\guest2\Application\Admin\Model\SlideModel.class.php on line 18 and defined E:\WWW\guest2\ThinkPHP\Library\Think\Page.class.php 第 42 行.
NOTIC: [8] Undefined variable: totalRows E:\WWW\guest2\ThinkPHP\Library\Think\Page.class.php 第 45 行.
SQL: SELECT * FROM `weibo_solid` ORDER BY id LIMIT 0,20   [ RunTime:0.0010s ]
INFO: [ view_parse ] --START--
INFO: [ template_filter ] --START--
INFO: Run Behavior\ContentReplaceBehavior [ RunTime:0.000000s ]
INFO: [ template_filter ] --END-- [ RunTime:0.000000s ]
NOTIC: [8] Undefined variable: page E:\WWW\guest2\Application\Runtime\Cache\Admin\176a5b3b0ba55302e03dbe584fc1f56b.php 第 106 行.
INFO: Run Behavior\ParseTemplateBehavior [ RunTime:0.022001s ]
INFO: [ view_parse ] --END-- [ RunTime:0.022001s ]
INFO: [ view_filter ] --START--
INFO: Run Behavior\WriteHtmlCacheBehavior [ RunTime:0.001000s ]
INFO: [ view_filter ] --END-- [ RunTime:0.001000s ]
INFO: [ app_end ] --START--
INFO: Run Behavior\ShowPageTraceBehavior [ RunTime:0.001000s ]
INFO: [ app_end ] --END-- [ RunTime:0.001000s ]

[ 2016-09-20T00:25:21+08:00 ] 127.0.0.1 /guest2/admin.php?m=admin&c=Slide&a=index
INFO: [ app_init ] --START--
INFO: Run Behavior\BuildLiteBehavior [ RunTime:0.000000s ]
INFO: [ app_init ] --END-- [ RunTime:0.002000s ]
INFO: [ app_begin ] --START--
INFO: Run Behavior\ReadHtmlCacheBehavior [ RunTime:0.002000s ]
INFO: [ app_begin ] --END-- [ RunTime:0.002000s ]
NOTIC: [2048] Declaration of Admin\Model\SlideModel::data() should be compatible with that of Think\Model::data() E:\WWW\guest2\Application\Admin\Model\SlideModel.class.php 第 6 行.
SQL: SHOW COLUMNS FROM `weibo_solid` [ RunTime:0.0080s ]
NOTIC: [2] Missing argument 1 for Think\Page::__construct(), called in E:\WWW\guest2\Application\Admin\Model\SlideModel.class.php on line 18 and defined E:\WWW\guest2\ThinkPHP\Library\Think\Page.class.php 第 42 行.
NOTIC: [8] Undefined variable: totalRows E:\WWW\guest2\ThinkPHP\Library\Think\Page.class.php 第 45 行.
SQL: SELECT * FROM `weibo_solid` ORDER BY id LIMIT 0,20   [ RunTime:0.0000s ]
INFO: [ view_parse ] --START--
INFO: [ template_filter ] --START--
INFO: Run Behavior\ContentReplaceBehavior [ RunTime:0.000000s ]
INFO: [ template_filter ] --END-- [ RunTime:0.000000s ]
NOTIC: [8] Undefined variable: page E:\WWW\guest2\Application\Runtime\Cache\Admin\176a5b3b0ba55302e03dbe584fc1f56b.php 第 106 行.
INFO: Run Behavior\ParseTemplateBehavior [ RunTime:0.021001s ]
INFO: [ view_parse ] --END-- [ RunTime:0.021001s ]
INFO: [ view_filter ] --START--
INFO: Run Behavior\WriteHtmlCacheBehavior [ RunTime:0.001000s ]
INFO: [ view_filter ] --END-- [ RunTime:0.001000s ]
INFO: [ app_end ] --START--
INFO: Run Behavior\ShowPageTraceBehavior [ RunTime:0.002000s ]
INFO: [ app_end ] --END-- [ RunTime:0.002000s ]

[ 2016-09-20T00:25:21+08:00 ] 127.0.0.1 /guest2/admin.php?m=admin&c=Slide&a=index
INFO: [ app_init ] --START--
INFO: Run Behavior\BuildLiteBehavior [ RunTime:0.000000s ]
INFO: [ app_init ] --END-- [ RunTime:0.001000s ]
INFO: [ app_begin ] --START--
INFO: Run Behavior\ReadHtmlCacheBehavior [ RunTime:0.001000s ]
INFO: [ app_begin ] --END-- [ RunTime:0.002000s ]
NOTIC: [2048] Declaration of Admin\Model\SlideModel::data() should be compatible with that of Think\Model::data() E:\WWW\guest2\Application\Admin\Model\SlideModel.class.php 第 6 行.
SQL: SHOW COLUMNS FROM `weibo_solid` [ RunTime:0.0080s ]
NOTIC: [2] Missing argument 1 for Think\Page::__construct(), called in E:\WWW\guest2\Application\Admin\Model\SlideModel.class.php on line 18 and defined E:\WWW\guest2\ThinkPHP\Library\Think\Page.class.php 第 42 行.
NOTIC: [8] Undefined variable: totalRows E:\WWW\guest2\ThinkPHP\Library\Think\Page.class.php 第 45 行.
SQL: SELECT * FROM `weibo_solid` ORDER BY id LIMIT 0,20   [ RunTime:0.0000s ]
INFO: [ view_parse ] --START--
INFO: [ template_filter ] --START--
INFO: Run Behavior\ContentReplaceBehavior [ RunTime:0.001000s ]
INFO: [ template_filter ] --END-- [ RunTime:0.001000s ]
NOTIC: [8] Undefined variable: page E:\WWW\guest2\Application\Runtime\Cache\Admin\176a5b3b0ba55302e03dbe584fc1f56b.php 第 106 行.
INFO: Run Behavior\ParseTemplateBehavior [ RunTime:0.124007s ]
INFO: [ view_parse ] --END-- [ RunTime:0.124007s ]
INFO: [ view_filter ] --START--
INFO: Run Behavior\WriteHtmlCacheBehavior [ RunTime:0.000000s ]
INFO: [ view_filter ] --END-- [ RunTime:0.000000s ]
INFO: [ app_end ] --START--
INFO: Run Behavior\ShowPageTraceBehavior [ RunTime:0.002000s ]
INFO: [ app_end ] --END-- [ RunTime:0.002000s ]

[ 2016-09-20T00:25:22+08:00 ] 127.0.0.1 /guest2/admin.php?m=admin&c=Slide&a=index
INFO: [ app_init ] --START--
INFO: Run Behavior\BuildLiteBehavior [ RunTime:0.001000s ]
INFO: [ app_init ] --END-- [ RunTime:0.001000s ]
INFO: [ app_begin ] --START--
INFO: Run Behavior\ReadHtmlCacheBehavior [ RunTime:0.003000s ]
INFO: [ app_begin ] --END-- [ RunTime:0.003000s ]
NOTIC: [2048] Declaration of Admin\Model\SlideModel::data() should be compatible with that of Think\Model::data() E:\WWW\guest2\Application\Admin\Model\SlideModel.class.php 第 6 行.
SQL: SHOW COLUMNS FROM `weibo_solid` [ RunTime:0.0070s ]
NOTIC: [2] Missing argument 1 for Think\Page::__construct(), called in E:\WWW\guest2\Application\Admin\Model\SlideModel.class.php on line 18 and defined E:\WWW\guest2\ThinkPHP\Library\Think\Page.class.php 第 42 行.
NOTIC: [8] Undefined variable: totalRows E:\WWW\guest2\ThinkPHP\Library\Think\Page.class.php 第 45 行.
SQL: SELECT * FROM `weibo_solid` ORDER BY id LIMIT 0,20   [ RunTime:0.0000s ]
INFO: [ view_parse ] --START--
INFO: [ template_filter ] --START--
INFO: Run Behavior\ContentReplaceBehavior [ RunTime:0.000000s ]
INFO: [ template_filter ] --END-- [ RunTime:0.000000s ]
NOTIC: [8] Undefined variable: page E:\WWW\guest2\Application\Runtime\Cache\Admin\176a5b3b0ba55302e03dbe584fc1f56b.php 第 106 行.
INFO: Run Behavior\ParseTemplateBehavior [ RunTime:0.021001s ]
INFO: [ view_parse ] --END-- [ RunTime:0.021001s ]
INFO: [ view_filter ] --START--
INFO: Run Behavior\WriteHtmlCacheBehavior [ RunTime:0.001000s ]
INFO: [ view_filter ] --END-- [ RunTime:0.001000s ]
INFO: [ app_end ] --START--
INFO: Run Behavior\ShowPageTraceBehavior [ RunTime:0.001000s ]
INFO: [ app_end ] --END-- [ RunTime:0.001000s ]

[ 2016-09-20T00:25:22+08:00 ] 127.0.0.1 /guest2/admin.php?m=admin&c=Slide&a=index
INFO: [ app_init ] --START--
INFO: Run Behavior\BuildLiteBehavior [ RunTime:0.000000s ]
INFO: [ app_init ] --END-- [ RunTime:0.001000s ]
INFO: [ app_begin ] --START--
INFO: Run Behavior\ReadHtmlCacheBehavior [ RunTime:0.001000s ]
INFO: [ app_begin ] --END-- [ RunTime:0.001000s ]
NOTIC: [2048] Declaration of Admin\Model\SlideModel::data() should be compatible with that of Think\Model::data() E:\WWW\guest2\Application\Admin\Model\SlideModel.class.php 第 6 行.
SQL: SHOW COLUMNS FROM `weibo_solid` [ RunTime:0.0070s ]
NOTIC: [2] Missing argument 1 for Think\Page::__construct(), called in E:\WWW\guest2\Application\Admin\Model\SlideModel.class.php on line 18 and defined E:\WWW\guest2\ThinkPHP\Library\Think\Page.class.php 第 42 行.
NOTIC: [8] Undefined variable: totalRows E:\WWW\guest2\ThinkPHP\Library\Think\Page.class.php 第 45 行.
SQL: SELECT * FROM `weibo_solid` ORDER BY id LIMIT 0,20   [ RunTime:0.0000s ]
INFO: [ view_parse ] --START--
INFO: [ template_filter ] --START--
INFO: Run Behavior\ContentReplaceBehavior [ RunTime:0.000000s ]
INFO: [ template_filter ] --END-- [ RunTime:0.000000s ]
NOTIC: [8] Undefined variable: page E:\WWW\guest2\Application\Runtime\Cache\Admin\176a5b3b0ba55302e03dbe584fc1f56b.php 第 106 行.
INFO: Run Behavior\ParseTemplateBehavior [ RunTime:0.022002s ]
INFO: [ view_parse ] --END-- [ RunTime:0.022002s ]
INFO: [ view_filter ] --START--
INFO: Run Behavior\WriteHtmlCacheBehavior [ RunTime:0.001000s ]
INFO: [ view_filter ] --END-- [ RunTime:0.001000s ]
INFO: [ app_end ] --START--
INFO: Run Behavior\ShowPageTraceBehavior [ RunTime:0.001000s ]
INFO: [ app_end ] --END-- [ RunTime:0.001000s ]

[ 2016-09-20T00:25:22+08:00 ] 127.0.0.1 /guest2/admin.php?m=admin&c=Slide&a=index
INFO: [ app_init ] --START--
INFO: Run Behavior\BuildLiteBehavior [ RunTime:0.000000s ]
INFO: [ app_init ] --END-- [ RunTime:0.001000s ]
INFO: [ app_begin ] --START--
INFO: Run Behavior\ReadHtmlCacheBehavior [ RunTime:0.001000s ]
INFO: [ app_begin ] --END-- [ RunTime:0.001000s ]
NOTIC: [2048] Declaration of Admin\Model\SlideModel::data() should be compatible with that of Think\Model::data() E:\WWW\guest2\Application\Admin\Model\SlideModel.class.php 第 6 行.
SQL: SHOW COLUMNS FROM `weibo_solid` [ RunTime:0.0080s ]
NOTIC: [2] Missing argument 1 for Think\Page::__construct(), called in E:\WWW\guest2\Application\Admin\Model\SlideModel.class.php on line 18 and defined E:\WWW\guest2\ThinkPHP\Library\Think\Page.class.php 第 42 行.
NOTIC: [8] Undefined variable: totalRows E:\WWW\guest2\ThinkPHP\Library\Think\Page.class.php 第 45 行.
SQL: SELECT * FROM `weibo_solid` ORDER BY id LIMIT 0,20   [ RunTime:0.0010s ]
INFO: [ view_parse ] --START--
INFO: [ template_filter ] --START--
INFO: Run Behavior\ContentReplaceBehavior [ RunTime:0.000000s ]
INFO: [ template_filter ] --END-- [ RunTime:0.000000s ]
NOTIC: [8] Undefined variable: page E:\WWW\guest2\Application\Runtime\Cache\Admin\176a5b3b0ba55302e03dbe584fc1f56b.php 第 106 行.
INFO: Run Behavior\ParseTemplateBehavior [ RunTime:0.021001s ]
INFO: [ view_parse ] --END-- [ RunTime:0.021001s ]
INFO: [ view_filter ] --START--
INFO: Run Behavior\WriteHtmlCacheBehavior [ RunTime:0.000000s ]
INFO: [ view_filter ] --END-- [ RunTime:0.001001s ]
INFO: [ app_end ] --START--
INFO: Run Behavior\ShowPageTraceBehavior [ RunTime:0.001000s ]
INFO: [ app_end ] --END-- [ RunTime:0.001000s ]

[ 2016-09-20T00:25:22+08:00 ] 127.0.0.1 /guest2/admin.php?m=admin&c=Slide&a=index
INFO: [ app_init ] --START--
INFO: Run Behavior\BuildLiteBehavior [ RunTime:0.000000s ]
INFO: [ app_init ] --END-- [ RunTime:0.001000s ]
INFO: [ app_begin ] --START--
INFO: Run Behavior\ReadHtmlCacheBehavior [ RunTime:0.001000s ]
INFO: [ app_begin ] --END-- [ RunTime:0.001000s ]
NOTIC: [2048] Declaration of Admin\Model\SlideModel::data() should be compatible with that of Think\Model::data() E:\WWW\guest2\Application\Admin\Model\SlideModel.class.php 第 6 行.
SQL: SHOW COLUMNS FROM `weibo_solid` [ RunTime:0.0070s ]
NOTIC: [2] Missing argument 1 for Think\Page::__construct(), called in E:\WWW\guest2\Application\Admin\Model\SlideModel.class.php on line 18 and defined E:\WWW\guest2\ThinkPHP\Library\Think\Page.class.php 第 42 行.
NOTIC: [8] Undefined variable: totalRows E:\WWW\guest2\ThinkPHP\Library\Think\Page.class.php 第 45 行.
SQL: SELECT * FROM `weibo_solid` ORDER BY id LIMIT 0,20   [ RunTime:0.0010s ]
INFO: [ view_parse ] --START--
INFO: [ template_filter ] --START--
INFO: Run Behavior\ContentReplaceBehavior [ RunTime:0.000000s ]
INFO: [ template_filter ] --END-- [ RunTime:0.001000s ]
NOTIC: [8] Undefined variable: page E:\WWW\guest2\Application\Runtime\Cache\Admin\176a5b3b0ba55302e03dbe584fc1f56b.php 第 106 行.
INFO: Run Behavior\ParseTemplateBehavior [ RunTime:0.021001s ]
INFO: [ view_parse ] --END-- [ RunTime:0.022001s ]
INFO: [ view_filter ] --START--
INFO: Run Behavior\WriteHtmlCacheBehavior [ RunTime:0.000000s ]
INFO: [ view_filter ] --END-- [ RunTime:0.000000s ]
INFO: [ app_end ] --START--
INFO: Run Behavior\ShowPageTraceBehavior [ RunTime:0.001000s ]
INFO: [ app_end ] --END-- [ RunTime:0.002000s ]

[ 2016-09-20T00:25:23+08:00 ] 127.0.0.1 /guest2/admin.php?m=admin&c=Slide&a=index
INFO: [ app_init ] --START--
INFO: Run Behavior\BuildLiteBehavior [ RunTime:0.000000s ]
INFO: [ app_init ] --END-- [ RunTime:0.001000s ]
INFO: [ app_begin ] --START--
INFO: Run Behavior\ReadHtmlCacheBehavior [ RunTime:0.001000s ]
INFO: [ app_begin ] --END-- [ RunTime:0.001000s ]
NOTIC: [2048] Declaration of Admin\Model\SlideModel::data() should be compatible with that of Think\Model::data() E:\WWW\guest2\Application\Admin\Model\SlideModel.class.php 第 6 行.
SQL: SHOW COLUMNS FROM `weibo_solid` [ RunTime:0.0080s ]
NOTIC: [2] Missing argument 1 for Think\Page::__construct(), called in E:\WWW\guest2\Application\Admin\Model\SlideModel.class.php on line 18 and defined E:\WWW\guest2\ThinkPHP\Library\Think\Page.class.php 第 42 行.
NOTIC: [8] Undefined variable: totalRows E:\WWW\guest2\ThinkPHP\Library\Think\Page.class.php 第 45 行.
SQL: SELECT * FROM `weibo_solid` ORDER BY id LIMIT 0,20   [ RunTime:0.0010s ]
INFO: [ view_parse ] --START--
INFO: [ template_filter ] --START--
INFO: Run Behavior\ContentReplaceBehavior [ RunTime:0.000000s ]
INFO: [ template_filter ] --END-- [ RunTime:0.001000s ]
NOTIC: [8] Undefined variable: page E:\WWW\guest2\Application\Runtime\Cache\Admin\176a5b3b0ba55302e03dbe584fc1f56b.php 第 106 行.
INFO: Run Behavior\ParseTemplateBehavior [ RunTime:0.021001s ]
INFO: [ view_parse ] --END-- [ RunTime:0.021001s ]
INFO: [ view_filter ] --START--
INFO: Run Behavior\WriteHtmlCacheBehavior [ RunTime:0.001000s ]
INFO: [ view_filter ] --END-- [ RunTime:0.001000s ]
INFO: [ app_end ] --START--
INFO: Run Behavior\ShowPageTraceBehavior [ RunTime:0.001000s ]
INFO: [ app_end ] --END-- [ RunTime:0.002000s ]

[ 2016-09-20T00:25:47+08:00 ] 127.0.0.1 /guest2/admin.php?c=slide&a=add
INFO: [ app_init ] --START--
INFO: Run Behavior\BuildLiteBehavior [ RunTime:0.000000s ]
INFO: [ app_init ] --END-- [ RunTime:0.000000s ]
INFO: [ app_begin ] --START--
INFO: Run Behavior\ReadHtmlCacheBehavior [ RunTime:0.002001s ]
INFO: [ app_begin ] --END-- [ RunTime:0.002001s ]
INFO: [ view_parse ] --START--
INFO: [ template_filter ] --START--
INFO: Run Behavior\ContentReplaceBehavior [ RunTime:0.000000s ]
INFO: [ template_filter ] --END-- [ RunTime:0.005000s ]
NOTIC: [8] Use of undefined constant GROUP_NAME - assumed 'GROUP_NAME' E:\WWW\guest2\Application\Runtime\Cache\Admin\663db8c21df2dcee5b652d858be3c84a.php 第 67 行.
INFO: Run Behavior\ParseTemplateBehavior [ RunTime:0.032002s ]
INFO: [ view_parse ] --END-- [ RunTime:0.032002s ]
INFO: [ view_filter ] --START--
INFO: Run Behavior\WriteHtmlCacheBehavior [ RunTime:0.001000s ]
INFO: [ view_filter ] --END-- [ RunTime:0.001000s ]
INFO: [ app_end ] --START--
INFO: Run Behavior\ShowPageTraceBehavior [ RunTime:0.004000s ]
INFO: [ app_end ] --END-- [ RunTime:0.007000s ]

