[ 2016-09-22T21:08:19+08:00 ] 127.0.0.1 /guest2/admin.php
INFO: [ app_init ] --START--
INFO: Run Behavior\BuildLiteBehavior [ RunTime:0.000000s ]
INFO: [ app_init ] --END-- [ RunTime:0.000000s ]
INFO: [ app_begin ] --START--
INFO: Run Behavior\ReadHtmlCacheBehavior [ RunTime:0.000000s ]
INFO: [ app_begin ] --END-- [ RunTime:0.000000s ]

[ 2016-09-22T21:08:19+08:00 ] 127.0.0.1 /guest2/admin.php?&c=login
INFO: [ app_init ] --START--
INFO: Run Behavior\BuildLiteBehavior [ RunTime:0.000000s ]
INFO: [ app_init ] --END-- [ RunTime:0.000000s ]
INFO: [ app_begin ] --START--
INFO: Run Behavior\ReadHtmlCacheBehavior [ RunTime:0.010000s ]
INFO: [ app_begin ] --END-- [ RunTime:0.010000s ]
INFO: [ view_parse ] --START--
INFO: [ template_filter ] --START--
INFO: Run Behavior\ContentReplaceBehavior [ RunTime:0.000000s ]
INFO: [ template_filter ] --END-- [ RunTime:0.000000s ]
NOTIC: [8] Undefined variable: web E:\WWW\guest2\Application\Runtime\Cache\Admin\32ec6c906c117a7c2bf504769276d87a.php 第 12 行.
INFO: Run Behavior\ParseTemplateBehavior [ RunTime:0.080000s ]
INFO: [ view_parse ] --END-- [ RunTime:0.080000s ]
INFO: [ view_filter ] --START--
INFO: Run Behavior\WriteHtmlCacheBehavior [ RunTime:0.000000s ]
INFO: [ view_filter ] --END-- [ RunTime:0.000000s ]
INFO: [ app_end ] --START--
INFO: Run Behavior\ShowPageTraceBehavior [ RunTime:0.000000s ]
INFO: [ app_end ] --END-- [ RunTime:0.010000s ]

[ 2016-09-22T21:08:30+08:00 ] 127.0.0.1 /guest2/admin.php?m=admin&c=login&a=check
INFO: [ app_init ] --START--
INFO: Run Behavior\BuildLiteBehavior [ RunTime:0.000000s ]
INFO: [ app_init ] --END-- [ RunTime:0.000000s ]
INFO: [ app_begin ] --START--
INFO: Run Behavior\ReadHtmlCacheBehavior [ RunTime:0.000000s ]
INFO: [ app_begin ] --END-- [ RunTime:0.000000s ]
SQL: SHOW COLUMNS FROM `weibo_admin` [ RunTime:0.0400s ]
SQL: SELECT * FROM `weibo_admin` WHERE ( username="admin" ) LIMIT 1   [ RunTime:0.0000s ]

[ 2016-09-22T21:08:33+08:00 ] 127.0.0.1 /guest2/admin.php
INFO: [ app_init ] --START--
INFO: Run Behavior\BuildLiteBehavior [ RunTime:0.000000s ]
INFO: [ app_init ] --END-- [ RunTime:0.000000s ]
INFO: [ app_begin ] --START--
INFO: Run Behavior\ReadHtmlCacheBehavior [ RunTime:0.000000s ]
INFO: [ app_begin ] --END-- [ RunTime:0.000000s ]
INFO: [ view_parse ] --START--
INFO: [ template_filter ] --START--
INFO: Run Behavior\ContentReplaceBehavior [ RunTime:0.000000s ]
INFO: [ template_filter ] --END-- [ RunTime:0.000000s ]
NOTIC: [8] Undefined variable: web E:\WWW\guest2\Application\Runtime\Cache\Admin\b595b808c2ebeeeb0478ffc30bb4e87a.php 第 13 行.
NOTIC: [8] Undefined variable: web E:\WWW\guest2\Application\Runtime\Cache\Admin\b595b808c2ebeeeb0478ffc30bb4e87a.php 第 50 行.
NOTIC: [8] Undefined variable: usrname E:\WWW\guest2\Application\Runtime\Cache\Admin\b595b808c2ebeeeb0478ffc30bb4e87a.php 第 144 行.
NOTIC: [8] Use of undefined constant GROUP_NAME - assumed 'GROUP_NAME' E:\WWW\guest2\Application\Runtime\Cache\Admin\b595b808c2ebeeeb0478ffc30bb4e87a.php 第 169 行.
NOTIC: [8] Use of undefined constant admin - assumed 'admin' E:\WWW\guest2\Application\Runtime\Cache\Admin\b595b808c2ebeeeb0478ffc30bb4e87a.php 第 175 行.
NOTIC: [8] Use of undefined constant admin - assumed 'admin' E:\WWW\guest2\Application\Runtime\Cache\Admin\b595b808c2ebeeeb0478ffc30bb4e87a.php 第 177 行.
NOTIC: [8] Use of undefined constant admin - assumed 'admin' E:\WWW\guest2\Application\Runtime\Cache\Admin\b595b808c2ebeeeb0478ffc30bb4e87a.php 第 179 行.
NOTIC: [8] Use of undefined constant admin - assumed 'admin' E:\WWW\guest2\Application\Runtime\Cache\Admin\b595b808c2ebeeeb0478ffc30bb4e87a.php 第 181 行.
NOTIC: [8] Use of undefined constant admin - assumed 'admin' E:\WWW\guest2\Application\Runtime\Cache\Admin\b595b808c2ebeeeb0478ffc30bb4e87a.php 第 183 行.
NOTIC: [8] Use of undefined constant admin - assumed 'admin' E:\WWW\guest2\Application\Runtime\Cache\Admin\b595b808c2ebeeeb0478ffc30bb4e87a.php 第 185 行.
NOTIC: [8] Use of undefined constant admin - assumed 'admin' E:\WWW\guest2\Application\Runtime\Cache\Admin\b595b808c2ebeeeb0478ffc30bb4e87a.php 第 187 行.
NOTIC: [8] Use of undefined constant GROUP_NAME - assumed 'GROUP_NAME' E:\WWW\guest2\Application\Runtime\Cache\Admin\b595b808c2ebeeeb0478ffc30bb4e87a.php 第 194 行.
NOTIC: [8] Use of undefined constant GROUP_NAME - assumed 'GROUP_NAME' E:\WWW\guest2\Application\Runtime\Cache\Admin\b595b808c2ebeeeb0478ffc30bb4e87a.php 第 196 行.
NOTIC: [8] Use of undefined constant GROUP_NAME - assumed 'GROUP_NAME' E:\WWW\guest2\Application\Runtime\Cache\Admin\b595b808c2ebeeeb0478ffc30bb4e87a.php 第 204 行.
NOTIC: [8] Use of undefined constant GROUP_NAME - assumed 'GROUP_NAME' E:\WWW\guest2\Application\Runtime\Cache\Admin\b595b808c2ebeeeb0478ffc30bb4e87a.php 第 216 行.
NOTIC: [8] Use of undefined constant GROUP_NAME - assumed 'GROUP_NAME' E:\WWW\guest2\Application\Runtime\Cache\Admin\b595b808c2ebeeeb0478ffc30bb4e87a.php 第 218 行.
NOTIC: [8] Use of undefined constant GROUP_NAME - assumed 'GROUP_NAME' E:\WWW\guest2\Application\Runtime\Cache\Admin\b595b808c2ebeeeb0478ffc30bb4e87a.php 第 225 行.
NOTIC: [8] Use of undefined constant GROUP_NAME - assumed 'GROUP_NAME' E:\WWW\guest2\Application\Runtime\Cache\Admin\b595b808c2ebeeeb0478ffc30bb4e87a.php 第 227 行.
NOTIC: [8] Use of undefined constant GROUP_NAME - assumed 'GROUP_NAME' E:\WWW\guest2\Application\Runtime\Cache\Admin\b595b808c2ebeeeb0478ffc30bb4e87a.php 第 236 行.
NOTIC: [8] Use of undefined constant GROUP_NAME - assumed 'GROUP_NAME' E:\WWW\guest2\Application\Runtime\Cache\Admin\b595b808c2ebeeeb0478ffc30bb4e87a.php 第 238 行.
NOTIC: [8] Use of undefined constant admin - assumed 'admin' E:\WWW\guest2\Application\Runtime\Cache\Admin\b595b808c2ebeeeb0478ffc30bb4e87a.php 第 312 行.
INFO: Run Behavior\ParseTemplateBehavior [ RunTime:0.060000s ]
INFO: [ view_parse ] --END-- [ RunTime:0.060000s ]
INFO: [ view_filter ] --START--
INFO: Run Behavior\WriteHtmlCacheBehavior [ RunTime:0.010000s ]
INFO: [ view_filter ] --END-- [ RunTime:0.010000s ]
INFO: [ app_end ] --START--
INFO: Run Behavior\ShowPageTraceBehavior [ RunTime:0.000000s ]
INFO: [ app_end ] --END-- [ RunTime:0.000000s ]

[ 2016-09-22T21:08:33+08:00 ] 127.0.0.1 /guest2/admin.php?m=admin&c=Index&a=main
INFO: [ app_init ] --START--
INFO: Run Behavior\BuildLiteBehavior [ RunTime:0.000000s ]
INFO: [ app_init ] --END-- [ RunTime:0.001000s ]
INFO: [ app_begin ] --START--
INFO: Run Behavior\ReadHtmlCacheBehavior [ RunTime:0.001000s ]
INFO: [ app_begin ] --END-- [ RunTime:0.001000s ]
NOTIC: [2] fopen(E:\WWW\guest2\ThinkPHP\Library\Org\Net/UTFWry.dat) [<a href='function.fopen'>function.fopen</a>]: failed to open stream: No such file or directory E:\WWW\guest2\ThinkPHP\Library\Org\Net\IpLocation.class.php 第 54 行.
INFO: [ view_parse ] --START--
INFO: [ template_filter ] --START--
INFO: Run Behavior\ContentReplaceBehavior [ RunTime:0.000000s ]
INFO: [ template_filter ] --END-- [ RunTime:0.000000s ]
NOTIC: [8] Undefined variable: user E:\WWW\guest2\Application\Runtime\Cache\Admin\b0f0b709690a72033d17719e8059053c.php 第 54 行.
NOTIC: [8] Undefined variable: mshop E:\WWW\guest2\Application\Runtime\Cache\Admin\b0f0b709690a72033d17719e8059053c.php 第 64 行.
NOTIC: [8] Undefined variable: pcshop E:\WWW\guest2\Application\Runtime\Cache\Admin\b0f0b709690a72033d17719e8059053c.php 第 74 行.
NOTIC: [8] Undefined variable: convert E:\WWW\guest2\Application\Runtime\Cache\Admin\b0f0b709690a72033d17719e8059053c.php 第 84 行.
INFO: Run Behavior\ParseTemplateBehavior [ RunTime:0.051003s ]
INFO: [ view_parse ] --END-- [ RunTime:0.052003s ]
INFO: [ view_filter ] --START--
INFO: Run Behavior\WriteHtmlCacheBehavior [ RunTime:0.001000s ]
INFO: [ view_filter ] --END-- [ RunTime:0.001000s ]
INFO: [ app_end ] --START--
INFO: Run Behavior\ShowPageTraceBehavior [ RunTime:0.002000s ]
INFO: [ app_end ] --END-- [ RunTime:0.002000s ]

[ 2016-09-22T21:08:48+08:00 ] 127.0.0.1 /guest2/admin.php?m=admin&c=Aboutus&a=index
INFO: [ app_init ] --START--
INFO: Run Behavior\BuildLiteBehavior [ RunTime:0.000000s ]
INFO: [ app_init ] --END-- [ RunTime:0.001000s ]
INFO: [ app_begin ] --START--
INFO: Run Behavior\ReadHtmlCacheBehavior [ RunTime:0.002000s ]
INFO: [ app_begin ] --END-- [ RunTime:0.003000s ]
NOTIC: [2048] Declaration of Admin\Model\AboutModel::data() should be compatible with that of Think\Model::data() E:\WWW\guest2\Application\Admin\Model\AboutModel.class.php 第 6 行.
SQL: SHOW COLUMNS FROM `weibo_about` [ RunTime:0.0520s ]
SQL: SELECT COUNT(*) AS tp_count FROM `weibo_about` LIMIT 1   [ RunTime:0.0010s ]
NOTIC: [2] Missing argument 1 for Think\Page::__construct(), called in E:\WWW\guest2\Application\Admin\Model\AboutModel.class.php on line 18 and defined E:\WWW\guest2\ThinkPHP\Library\Think\Page.class.php 第 42 行.
NOTIC: [8] Undefined variable: totalRows E:\WWW\guest2\ThinkPHP\Library\Think\Page.class.php 第 45 行.
SQL: SELECT * FROM `weibo_about` ORDER BY id LIMIT 0,20   [ RunTime:0.0010s ]
INFO: [ view_parse ] --START--
INFO: [ template_filter ] --START--
INFO: Run Behavior\ContentReplaceBehavior [ RunTime:0.000000s ]
INFO: [ template_filter ] --END-- [ RunTime:0.000000s ]
INFO: Run Behavior\ParseTemplateBehavior [ RunTime:0.061004s ]
INFO: [ view_parse ] --END-- [ RunTime:0.063004s ]
INFO: [ view_filter ] --START--
INFO: Run Behavior\WriteHtmlCacheBehavior [ RunTime:0.001000s ]
INFO: [ view_filter ] --END-- [ RunTime:0.001000s ]
INFO: [ app_end ] --START--
INFO: Run Behavior\ShowPageTraceBehavior [ RunTime:0.001000s ]
INFO: [ app_end ] --END-- [ RunTime:0.001000s ]

[ 2016-09-22T21:08:52+08:00 ] 127.0.0.1 /guest2/admin.php?m=admin&c=Keywords&a=index
INFO: [ app_init ] --START--
INFO: Run Behavior\BuildLiteBehavior [ RunTime:0.000000s ]
INFO: [ app_init ] --END-- [ RunTime:0.001000s ]
INFO: [ app_begin ] --START--
INFO: Run Behavior\ReadHtmlCacheBehavior [ RunTime:0.002000s ]
INFO: [ app_begin ] --END-- [ RunTime:0.003000s ]
ERR: 无法加载控制器:Keywords

[ 2016-09-22T21:08:55+08:00 ] 127.0.0.1 /guest2/admin.php?m=admin&c=Aboutus&a=index
INFO: [ app_init ] --START--
INFO: Run Behavior\BuildLiteBehavior [ RunTime:0.000000s ]
INFO: [ app_init ] --END-- [ RunTime:0.001000s ]
INFO: [ app_begin ] --START--
INFO: Run Behavior\ReadHtmlCacheBehavior [ RunTime:0.001000s ]
INFO: [ app_begin ] --END-- [ RunTime:0.002000s ]
NOTIC: [2048] Declaration of Admin\Model\AboutModel::data() should be compatible with that of Think\Model::data() E:\WWW\guest2\Application\Admin\Model\AboutModel.class.php 第 6 行.
SQL: SHOW COLUMNS FROM `weibo_about` [ RunTime:0.0080s ]
SQL: SELECT COUNT(*) AS tp_count FROM `weibo_about` LIMIT 1   [ RunTime:0.0000s ]
NOTIC: [2] Missing argument 1 for Think\Page::__construct(), called in E:\WWW\guest2\Application\Admin\Model\AboutModel.class.php on line 18 and defined E:\WWW\guest2\ThinkPHP\Library\Think\Page.class.php 第 42 行.
NOTIC: [8] Undefined variable: totalRows E:\WWW\guest2\ThinkPHP\Library\Think\Page.class.php 第 45 行.
SQL: SELECT * FROM `weibo_about` ORDER BY id LIMIT 0,20   [ RunTime:0.0010s ]
INFO: [ view_parse ] --START--
INFO: [ template_filter ] --START--
INFO: Run Behavior\ContentReplaceBehavior [ RunTime:0.000000s ]
INFO: [ template_filter ] --END-- [ RunTime:0.000000s ]
INFO: Run Behavior\ParseTemplateBehavior [ RunTime:0.021001s ]
INFO: [ view_parse ] --END-- [ RunTime:0.021001s ]
INFO: [ view_filter ] --START--
INFO: Run Behavior\WriteHtmlCacheBehavior [ RunTime:0.001000s ]
INFO: [ view_filter ] --END-- [ RunTime:0.001000s ]
INFO: [ app_end ] --START--
INFO: Run Behavior\ShowPageTraceBehavior [ RunTime:0.002000s ]
INFO: [ app_end ] --END-- [ RunTime:0.002000s ]

[ 2016-09-22T21:08:57+08:00 ] 127.0.0.1 /guest2/admin.php?m=admin&c=Slide&a=index
INFO: [ app_init ] --START--
INFO: Run Behavior\BuildLiteBehavior [ RunTime:0.000000s ]
INFO: [ app_init ] --END-- [ RunTime:0.001000s ]
INFO: [ app_begin ] --START--
INFO: Run Behavior\ReadHtmlCacheBehavior [ RunTime:0.001000s ]
INFO: [ app_begin ] --END-- [ RunTime:0.001000s ]
NOTIC: [2048] Declaration of Admin\Model\SlideModel::data() should be compatible with that of Think\Model::data() E:\WWW\guest2\Application\Admin\Model\SlideModel.class.php 第 6 行.
SQL: SHOW COLUMNS FROM `weibo_solid` [ RunTime:0.0510s ]
NOTIC: [2] Missing argument 1 for Think\Page::__construct(), called in E:\WWW\guest2\Application\Admin\Model\SlideModel.class.php on line 18 and defined E:\WWW\guest2\ThinkPHP\Library\Think\Page.class.php 第 42 行.
NOTIC: [8] Undefined variable: totalRows E:\WWW\guest2\ThinkPHP\Library\Think\Page.class.php 第 45 行.
SQL: SELECT * FROM `weibo_solid` ORDER BY id LIMIT 0,20   [ RunTime:0.0010s ]
INFO: [ view_parse ] --START--
INFO: [ template_filter ] --START--
INFO: Run Behavior\ContentReplaceBehavior [ RunTime:0.001000s ]
INFO: [ template_filter ] --END-- [ RunTime:0.001000s ]
NOTIC: [8] Undefined variable: page E:\WWW\guest2\Application\Runtime\Cache\Admin\176a5b3b0ba55302e03dbe584fc1f56b.php 第 106 行.
INFO: Run Behavior\ParseTemplateBehavior [ RunTime:0.034002s ]
INFO: [ view_parse ] --END-- [ RunTime:0.034002s ]
INFO: [ view_filter ] --START--
INFO: Run Behavior\WriteHtmlCacheBehavior [ RunTime:0.001000s ]
INFO: [ view_filter ] --END-- [ RunTime:0.001000s ]
INFO: [ app_end ] --START--
INFO: Run Behavior\ShowPageTraceBehavior [ RunTime:0.002000s ]
INFO: [ app_end ] --END-- [ RunTime:0.002000s ]

[ 2016-09-22T21:08:59+08:00 ] 127.0.0.1 /guest2/admin.php?m=admin&c=Logo&a=index
INFO: [ app_init ] --START--
INFO: Run Behavior\BuildLiteBehavior [ RunTime:0.000000s ]
INFO: [ app_init ] --END-- [ RunTime:0.001000s ]
INFO: [ app_begin ] --START--
INFO: Run Behavior\ReadHtmlCacheBehavior [ RunTime:0.001000s ]
INFO: [ app_begin ] --END-- [ RunTime:0.001000s ]
NOTIC: [2048] Declaration of Admin\Model\LogoModel::data() should be compatible with that of Think\Model::data() E:\WWW\guest2\Application\Admin\Model\LogoModel.class.php 第 6 行.
SQL: SHOW COLUMNS FROM `weibo_logo` [ RunTime:0.0230s ]
SQL: SELECT COUNT(*) AS tp_count FROM `weibo_logo` LIMIT 1   [ RunTime:0.0010s ]
NOTIC: [2] Missing argument 1 for Think\Page::__construct(), called in E:\WWW\guest2\Application\Admin\Model\LogoModel.class.php on line 18 and defined E:\WWW\guest2\ThinkPHP\Library\Think\Page.class.php 第 42 行.
NOTIC: [8] Undefined variable: totalRows E:\WWW\guest2\ThinkPHP\Library\Think\Page.class.php 第 45 行.
SQL: SELECT * FROM `weibo_logo` ORDER BY id LIMIT 0,20   [ RunTime:0.0010s ]
INFO: [ view_parse ] --START--
INFO: [ template_filter ] --START--
INFO: Run Behavior\ContentReplaceBehavior [ RunTime:0.000000s ]
INFO: [ template_filter ] --END-- [ RunTime:0.001000s ]
INFO: Run Behavior\ParseTemplateBehavior [ RunTime:0.028001s ]
INFO: [ view_parse ] --END-- [ RunTime:0.028001s ]
INFO: [ view_filter ] --START--
INFO: Run Behavior\WriteHtmlCacheBehavior [ RunTime:0.001000s ]
INFO: [ view_filter ] --END-- [ RunTime:0.001000s ]
INFO: [ app_end ] --START--
INFO: Run Behavior\ShowPageTraceBehavior [ RunTime:0.002001s ]
INFO: [ app_end ] --END-- [ RunTime:0.002001s ]

[ 2016-09-22T21:14:30+08:00 ] 127.0.0.1 /guest2/admin.php?m=admin&c=Aboutus&a=index
INFO: [ app_init ] --START--
INFO: Run Behavior\BuildLiteBehavior [ RunTime:0.000000s ]
INFO: [ app_init ] --END-- [ RunTime:0.001000s ]
INFO: [ app_begin ] --START--
INFO: Run Behavior\ReadHtmlCacheBehavior [ RunTime:0.002000s ]
INFO: [ app_begin ] --END-- [ RunTime:0.002000s ]
NOTIC: [2048] Declaration of Admin\Model\AboutModel::data() should be compatible with that of Think\Model::data() E:\WWW\guest2\Application\Admin\Model\AboutModel.class.php 第 6 行.
SQL: SHOW COLUMNS FROM `weibo_about` [ RunTime:0.0080s ]
SQL: SELECT COUNT(*) AS tp_count FROM `weibo_about` LIMIT 1   [ RunTime:0.0010s ]
NOTIC: [2] Missing argument 1 for Think\Page::__construct(), called in E:\WWW\guest2\Application\Admin\Model\AboutModel.class.php on line 18 and defined E:\WWW\guest2\ThinkPHP\Library\Think\Page.class.php 第 42 行.
NOTIC: [8] Undefined variable: totalRows E:\WWW\guest2\ThinkPHP\Library\Think\Page.class.php 第 45 行.
SQL: SELECT * FROM `weibo_about` ORDER BY id LIMIT 0,20   [ RunTime:0.0010s ]
INFO: [ view_parse ] --START--
INFO: [ template_filter ] --START--
INFO: Run Behavior\ContentReplaceBehavior [ RunTime:0.000000s ]
INFO: [ template_filter ] --END-- [ RunTime:0.000000s ]
INFO: Run Behavior\ParseTemplateBehavior [ RunTime:0.025002s ]
INFO: [ view_parse ] --END-- [ RunTime:0.025002s ]
INFO: [ view_filter ] --START--
INFO: Run Behavior\WriteHtmlCacheBehavior [ RunTime:0.001000s ]
INFO: [ view_filter ] --END-- [ RunTime:0.001000s ]
INFO: [ app_end ] --START--
INFO: Run Behavior\ShowPageTraceBehavior [ RunTime:0.001000s ]
INFO: [ app_end ] --END-- [ RunTime:0.001000s ]

[ 2016-09-22T21:14:37+08:00 ] 127.0.0.1 /guest2/admin.php?c=aboutus&a=edit&id=1
INFO: [ app_init ] --START--
INFO: Run Behavior\BuildLiteBehavior [ RunTime:0.000000s ]
INFO: [ app_init ] --END-- [ RunTime:0.002000s ]
INFO: [ app_begin ] --START--
INFO: Run Behavior\ReadHtmlCacheBehavior [ RunTime:0.001000s ]
INFO: [ app_begin ] --END-- [ RunTime:0.001000s ]
NOTIC: [2048] Declaration of Admin\Model\AboutModel::data() should be compatible with that of Think\Model::data() E:\WWW\guest2\Application\Admin\Model\AboutModel.class.php 第 6 行.
SQL: SHOW COLUMNS FROM `weibo_about` [ RunTime:0.0090s ]
SQL: SELECT * FROM `weibo_about` WHERE ( id=1 )  [ RunTime:0.0020s ]
INFO: [ view_parse ] --START--
INFO: [ template_filter ] --START--
INFO: Run Behavior\ContentReplaceBehavior [ RunTime:0.001000s ]
INFO: [ template_filter ] --END-- [ RunTime:0.001000s ]
INFO: Run Behavior\ParseTemplateBehavior [ RunTime:0.061003s ]
INFO: [ view_parse ] --END-- [ RunTime:0.061003s ]
INFO: [ view_filter ] --START--
INFO: Run Behavior\WriteHtmlCacheBehavior [ RunTime:0.001000s ]
INFO: [ view_filter ] --END-- [ RunTime:0.001000s ]
INFO: [ app_end ] --START--
INFO: Run Behavior\ShowPageTraceBehavior [ RunTime:0.001000s ]
INFO: [ app_end ] --END-- [ RunTime:0.001000s ]

[ 2016-09-22T21:15:00+08:00 ] 127.0.0.1 /guest2/index.php?m=admin&c=login&a=loginOut
INFO: [ app_init ] --START--
INFO: Run Behavior\BuildLiteBehavior [ RunTime:0.000000s ]
INFO: [ app_init ] --END-- [ RunTime:0.001000s ]
INFO: [ app_begin ] --START--
INFO: Run Behavior\ReadHtmlCacheBehavior [ RunTime:0.004000s ]
INFO: [ app_begin ] --END-- [ RunTime:0.004000s ]

[ 2016-09-22T21:15:00+08:00 ] 127.0.0.1 /guest2/admin.php?c=login
INFO: [ app_init ] --START--
INFO: Run Behavior\BuildLiteBehavior [ RunTime:0.001001s ]
INFO: [ app_init ] --END-- [ RunTime:0.001001s ]
INFO: [ app_begin ] --START--
INFO: Run Behavior\ReadHtmlCacheBehavior [ RunTime:0.002000s ]
INFO: [ app_begin ] --END-- [ RunTime:0.002000s ]
INFO: [ view_parse ] --START--
INFO: [ template_filter ] --START--
INFO: Run Behavior\ContentReplaceBehavior [ RunTime:0.000000s ]
INFO: [ template_filter ] --END-- [ RunTime:0.000000s ]
NOTIC: [8] Undefined variable: web E:\WWW\guest2\Application\Runtime\Cache\Admin\32ec6c906c117a7c2bf504769276d87a.php 第 12 行.
INFO: Run Behavior\ParseTemplateBehavior [ RunTime:0.017001s ]
INFO: [ view_parse ] --END-- [ RunTime:0.017001s ]
INFO: [ view_filter ] --START--
INFO: Run Behavior\WriteHtmlCacheBehavior [ RunTime:0.000000s ]
INFO: [ view_filter ] --END-- [ RunTime:0.000000s ]
INFO: [ app_end ] --START--
INFO: Run Behavior\ShowPageTraceBehavior [ RunTime:0.001000s ]
INFO: [ app_end ] --END-- [ RunTime:0.001000s ]

[ 2016-09-22T23:11:25+08:00 ] 127.0.0.1 /guest2/admin.php?c=aboutus&a=add
INFO: [ app_init ] --START--
INFO: Run Behavior\BuildLiteBehavior [ RunTime:0.000000s ]
INFO: [ app_init ] --END-- [ RunTime:0.001000s ]
INFO: [ app_begin ] --START--
INFO: Run Behavior\ReadHtmlCacheBehavior [ RunTime:0.001000s ]
INFO: [ app_begin ] --END-- [ RunTime:0.001000s ]

[ 2016-09-22T23:11:25+08:00 ] 127.0.0.1 /guest2/admin.php?&c=login
INFO: [ app_init ] --START--
INFO: Run Behavior\BuildLiteBehavior [ RunTime:0.000000s ]
INFO: [ app_init ] --END-- [ RunTime:0.001000s ]
INFO: [ app_begin ] --START--
INFO: Run Behavior\ReadHtmlCacheBehavior [ RunTime:0.001000s ]
INFO: [ app_begin ] --END-- [ RunTime:0.001000s ]
INFO: [ view_parse ] --START--
INFO: [ template_filter ] --START--
INFO: Run Behavior\ContentReplaceBehavior [ RunTime:0.000000s ]
INFO: [ template_filter ] --END-- [ RunTime:0.000000s ]
NOTIC: [8] Undefined variable: web E:\WWW\guest2\Application\Runtime\Cache\Admin\32ec6c906c117a7c2bf504769276d87a.php 第 12 行.
INFO: Run Behavior\ParseTemplateBehavior [ RunTime:0.016001s ]
INFO: [ view_parse ] --END-- [ RunTime:0.016001s ]
INFO: [ view_filter ] --START--
INFO: Run Behavior\WriteHtmlCacheBehavior [ RunTime:0.001000s ]
INFO: [ view_filter ] --END-- [ RunTime:0.001000s ]
INFO: [ app_end ] --START--
INFO: Run Behavior\ShowPageTraceBehavior [ RunTime:0.002000s ]
INFO: [ app_end ] --END-- [ RunTime:0.002000s ]

[ 2016-09-22T23:11:38+08:00 ] 127.0.0.1 /guest2/admin.php?m=admin&c=Website&a=index
INFO: [ app_init ] --START--
INFO: Run Behavior\BuildLiteBehavior [ RunTime:0.000000s ]
INFO: [ app_init ] --END-- [ RunTime:0.001000s ]
INFO: [ app_begin ] --START--
INFO: Run Behavior\ReadHtmlCacheBehavior [ RunTime:0.001000s ]
INFO: [ app_begin ] --END-- [ RunTime:0.002000s ]

[ 2016-09-22T23:11:38+08:00 ] 127.0.0.1 /guest2/admin.php?&c=login
INFO: [ app_init ] --START--
INFO: Run Behavior\BuildLiteBehavior [ RunTime:0.000000s ]
INFO: [ app_init ] --END-- [ RunTime:0.001000s ]
INFO: [ app_begin ] --START--
INFO: Run Behavior\ReadHtmlCacheBehavior [ RunTime:0.002000s ]
INFO: [ app_begin ] --END-- [ RunTime:0.004000s ]
INFO: [ view_parse ] --START--
INFO: [ template_filter ] --START--
INFO: Run Behavior\ContentReplaceBehavior [ RunTime:0.000000s ]
INFO: [ template_filter ] --END-- [ RunTime:0.000000s ]
NOTIC: [8] Undefined variable: web E:\WWW\guest2\Application\Runtime\Cache\Admin\32ec6c906c117a7c2bf504769276d87a.php 第 12 行.
INFO: Run Behavior\ParseTemplateBehavior [ RunTime:0.021001s ]
INFO: [ view_parse ] --END-- [ RunTime:0.022001s ]
INFO: [ view_filter ] --START--
INFO: Run Behavior\WriteHtmlCacheBehavior [ RunTime:0.001000s ]
INFO: [ view_filter ] --END-- [ RunTime:0.001000s ]
INFO: [ app_end ] --START--
INFO: Run Behavior\ShowPageTraceBehavior [ RunTime:0.002001s ]
INFO: [ app_end ] --END-- [ RunTime:0.003001s ]

[ 2016-09-22T23:11:49+08:00 ] 127.0.0.1 /guest2/admin.php
INFO: [ app_init ] --START--
INFO: Run Behavior\BuildLiteBehavior [ RunTime:0.000000s ]
INFO: [ app_init ] --END-- [ RunTime:0.001000s ]
INFO: [ app_begin ] --START--
INFO: Run Behavior\ReadHtmlCacheBehavior [ RunTime:0.001001s ]
INFO: [ app_begin ] --END-- [ RunTime:0.002001s ]

[ 2016-09-22T23:11:49+08:00 ] 127.0.0.1 /guest2/admin.php?&c=login
INFO: [ app_init ] --START--
INFO: Run Behavior\BuildLiteBehavior [ RunTime:0.000000s ]
INFO: [ app_init ] --END-- [ RunTime:0.001000s ]
INFO: [ app_begin ] --START--
INFO: Run Behavior\ReadHtmlCacheBehavior [ RunTime:0.002000s ]
INFO: [ app_begin ] --END-- [ RunTime:0.002000s ]
INFO: [ view_parse ] --START--
INFO: [ template_filter ] --START--
INFO: Run Behavior\ContentReplaceBehavior [ RunTime:0.000000s ]
INFO: [ template_filter ] --END-- [ RunTime:0.000000s ]
NOTIC: [8] Undefined variable: web E:\WWW\guest2\Application\Runtime\Cache\Admin\32ec6c906c117a7c2bf504769276d87a.php 第 12 行.
INFO: Run Behavior\ParseTemplateBehavior [ RunTime:0.017001s ]
INFO: [ view_parse ] --END-- [ RunTime:0.017001s ]
INFO: [ view_filter ] --START--
INFO: Run Behavior\WriteHtmlCacheBehavior [ RunTime:0.001000s ]
INFO: [ view_filter ] --END-- [ RunTime:0.001000s ]
INFO: [ app_end ] --START--
INFO: Run Behavior\ShowPageTraceBehavior [ RunTime:0.002000s ]
INFO: [ app_end ] --END-- [ RunTime:0.002000s ]

[ 2016-09-22T23:11:57+08:00 ] 127.0.0.1 /guest2/admin.php?m=admin&c=login&a=check
INFO: [ app_init ] --START--
INFO: Run Behavior\BuildLiteBehavior [ RunTime:0.000000s ]
INFO: [ app_init ] --END-- [ RunTime:0.001000s ]
INFO: [ app_begin ] --START--
INFO: Run Behavior\ReadHtmlCacheBehavior [ RunTime:0.002000s ]
INFO: [ app_begin ] --END-- [ RunTime:0.002000s ]
SQL: SHOW COLUMNS FROM `weibo_admin` [ RunTime:0.0090s ]
SQL: SELECT * FROM `weibo_admin` WHERE ( username="admin" ) LIMIT 1   [ RunTime:0.0010s ]

[ 2016-09-22T23:11:59+08:00 ] 127.0.0.1 /guest2/admin.php
INFO: [ app_init ] --START--
INFO: Run Behavior\BuildLiteBehavior [ RunTime:0.000000s ]
INFO: [ app_init ] --END-- [ RunTime:0.001000s ]
INFO: [ app_begin ] --START--
INFO: Run Behavior\ReadHtmlCacheBehavior [ RunTime:0.002000s ]
INFO: [ app_begin ] --END-- [ RunTime:0.002000s ]
INFO: [ view_parse ] --START--
INFO: [ template_filter ] --START--
INFO: Run Behavior\ContentReplaceBehavior [ RunTime:0.000000s ]
INFO: [ template_filter ] --END-- [ RunTime:0.001000s ]
NOTIC: [8] Undefined variable: web E:\WWW\guest2\Application\Runtime\Cache\Admin\b595b808c2ebeeeb0478ffc30bb4e87a.php 第 13 行.
NOTIC: [8] Undefined variable: web E:\WWW\guest2\Application\Runtime\Cache\Admin\b595b808c2ebeeeb0478ffc30bb4e87a.php 第 50 行.
NOTIC: [8] Undefined variable: usrname E:\WWW\guest2\Application\Runtime\Cache\Admin\b595b808c2ebeeeb0478ffc30bb4e87a.php 第 144 行.
NOTIC: [8] Use of undefined constant GROUP_NAME - assumed 'GROUP_NAME' E:\WWW\guest2\Application\Runtime\Cache\Admin\b595b808c2ebeeeb0478ffc30bb4e87a.php 第 169 行.
NOTIC: [8] Use of undefined constant admin - assumed 'admin' E:\WWW\guest2\Application\Runtime\Cache\Admin\b595b808c2ebeeeb0478ffc30bb4e87a.php 第 175 行.
NOTIC: [8] Use of undefined constant admin - assumed 'admin' E:\WWW\guest2\Application\Runtime\Cache\Admin\b595b808c2ebeeeb0478ffc30bb4e87a.php 第 177 行.
NOTIC: [8] Use of undefined constant admin - assumed 'admin' E:\WWW\guest2\Application\Runtime\Cache\Admin\b595b808c2ebeeeb0478ffc30bb4e87a.php 第 179 行.
NOTIC: [8] Use of undefined constant admin - assumed 'admin' E:\WWW\guest2\Application\Runtime\Cache\Admin\b595b808c2ebeeeb0478ffc30bb4e87a.php 第 181 行.
NOTIC: [8] Use of undefined constant admin - assumed 'admin' E:\WWW\guest2\Application\Runtime\Cache\Admin\b595b808c2ebeeeb0478ffc30bb4e87a.php 第 183 行.
NOTIC: [8] Use of undefined constant admin - assumed 'admin' E:\WWW\guest2\Application\Runtime\Cache\Admin\b595b808c2ebeeeb0478ffc30bb4e87a.php 第 185 行.
NOTIC: [8] Use of undefined constant admin - assumed 'admin' E:\WWW\guest2\Application\Runtime\Cache\Admin\b595b808c2ebeeeb0478ffc30bb4e87a.php 第 187 行.
NOTIC: [8] Use of undefined constant GROUP_NAME - assumed 'GROUP_NAME' E:\WWW\guest2\Application\Runtime\Cache\Admin\b595b808c2ebeeeb0478ffc30bb4e87a.php 第 194 行.
NOTIC: [8] Use of undefined constant GROUP_NAME - assumed 'GROUP_NAME' E:\WWW\guest2\Application\Runtime\Cache\Admin\b595b808c2ebeeeb0478ffc30bb4e87a.php 第 196 行.
NOTIC: [8] Use of undefined constant GROUP_NAME - assumed 'GROUP_NAME' E:\WWW\guest2\Application\Runtime\Cache\Admin\b595b808c2ebeeeb0478ffc30bb4e87a.php 第 204 行.
NOTIC: [8] Use of undefined constant GROUP_NAME - assumed 'GROUP_NAME' E:\WWW\guest2\Application\Runtime\Cache\Admin\b595b808c2ebeeeb0478ffc30bb4e87a.php 第 216 行.
NOTIC: [8] Use of undefined constant GROUP_NAME - assumed 'GROUP_NAME' E:\WWW\guest2\Application\Runtime\Cache\Admin\b595b808c2ebeeeb0478ffc30bb4e87a.php 第 218 行.
NOTIC: [8] Use of undefined constant GROUP_NAME - assumed 'GROUP_NAME' E:\WWW\guest2\Application\Runtime\Cache\Admin\b595b808c2ebeeeb0478ffc30bb4e87a.php 第 225 行.
NOTIC: [8] Use of undefined constant GROUP_NAME - assumed 'GROUP_NAME' E:\WWW\guest2\Application\Runtime\Cache\Admin\b595b808c2ebeeeb0478ffc30bb4e87a.php 第 227 行.
NOTIC: [8] Use of undefined constant GROUP_NAME - assumed 'GROUP_NAME' E:\WWW\guest2\Application\Runtime\Cache\Admin\b595b808c2ebeeeb0478ffc30bb4e87a.php 第 236 行.
NOTIC: [8] Use of undefined constant GROUP_NAME - assumed 'GROUP_NAME' E:\WWW\guest2\Application\Runtime\Cache\Admin\b595b808c2ebeeeb0478ffc30bb4e87a.php 第 238 行.
NOTIC: [8] Use of undefined constant admin - assumed 'admin' E:\WWW\guest2\Application\Runtime\Cache\Admin\b595b808c2ebeeeb0478ffc30bb4e87a.php 第 312 行.
INFO: Run Behavior\ParseTemplateBehavior [ RunTime:0.030002s ]
INFO: [ view_parse ] --END-- [ RunTime:0.030002s ]
INFO: [ view_filter ] --START--
INFO: Run Behavior\WriteHtmlCacheBehavior [ RunTime:0.001000s ]
INFO: [ view_filter ] --END-- [ RunTime:0.001000s ]
INFO: [ app_end ] --START--
INFO: Run Behavior\ShowPageTraceBehavior [ RunTime:0.001000s ]
INFO: [ app_end ] --END-- [ RunTime:0.002000s ]

[ 2016-09-22T23:12:00+08:00 ] 127.0.0.1 /guest2/admin.php?m=admin&c=Index&a=main
INFO: [ app_init ] --START--
INFO: Run Behavior\BuildLiteBehavior [ RunTime:0.000000s ]
INFO: [ app_init ] --END-- [ RunTime:0.001000s ]
INFO: [ app_begin ] --START--
INFO: Run Behavior\ReadHtmlCacheBehavior [ RunTime:0.002000s ]
INFO: [ app_begin ] --END-- [ RunTime:0.002000s ]
NOTIC: [2] fopen(E:\WWW\guest2\ThinkPHP\Library\Org\Net/UTFWry.dat) [<a href='function.fopen'>function.fopen</a>]: failed to open stream: No such file or directory E:\WWW\guest2\ThinkPHP\Library\Org\Net\IpLocation.class.php 第 54 行.
INFO: [ view_parse ] --START--
INFO: [ template_filter ] --START--
INFO: Run Behavior\ContentReplaceBehavior [ RunTime:0.000000s ]
INFO: [ template_filter ] --END-- [ RunTime:0.000000s ]
NOTIC: [8] Undefined variable: user E:\WWW\guest2\Application\Runtime\Cache\Admin\b0f0b709690a72033d17719e8059053c.php 第 54 行.
NOTIC: [8] Undefined variable: mshop E:\WWW\guest2\Application\Runtime\Cache\Admin\b0f0b709690a72033d17719e8059053c.php 第 64 行.
NOTIC: [8] Undefined variable: pcshop E:\WWW\guest2\Application\Runtime\Cache\Admin\b0f0b709690a72033d17719e8059053c.php 第 74 行.
NOTIC: [8] Undefined variable: convert E:\WWW\guest2\Application\Runtime\Cache\Admin\b0f0b709690a72033d17719e8059053c.php 第 84 行.
INFO: Run Behavior\ParseTemplateBehavior [ RunTime:0.023001s ]
INFO: [ view_parse ] --END-- [ RunTime:0.023001s ]
INFO: [ view_filter ] --START--
INFO: Run Behavior\WriteHtmlCacheBehavior [ RunTime:0.001000s ]
INFO: [ view_filter ] --END-- [ RunTime:0.001000s ]
INFO: [ app_end ] --START--
INFO: Run Behavior\ShowPageTraceBehavior [ RunTime:0.001001s ]
INFO: [ app_end ] --END-- [ RunTime:0.001001s ]

[ 2016-09-22T23:12:03+08:00 ] 127.0.0.1 /guest2/admin.php?m=admin&c=Website&a=index
INFO: [ app_init ] --START--
INFO: Run Behavior\BuildLiteBehavior [ RunTime:0.001000s ]
INFO: [ app_init ] --END-- [ RunTime:0.001000s ]
INFO: [ app_begin ] --START--
INFO: Run Behavior\ReadHtmlCacheBehavior [ RunTime:0.002000s ]
INFO: [ app_begin ] --END-- [ RunTime:0.002000s ]
NOTIC: [2048] Declaration of Admin\Model\WebsiteModel::data() should be compatible with that of Think\Model::data() E:\WWW\guest2\Application\Admin\Model\WebsiteModel.class.php 第 6 行.
SQL: SHOW COLUMNS FROM `weibo_website` [ RunTime:0.0100s ]
SQL: SELECT COUNT(*) AS tp_count FROM `weibo_website` LIMIT 1   [ RunTime:0.0010s ]
NOTIC: [2] Missing argument 1 for Think\Page::__construct(), called in E:\WWW\guest2\Application\Admin\Model\WebsiteModel.class.php on line 18 and defined E:\WWW\guest2\ThinkPHP\Library\Think\Page.class.php 第 42 行.
NOTIC: [8] Undefined variable: totalRows E:\WWW\guest2\ThinkPHP\Library\Think\Page.class.php 第 45 行.
SQL: SELECT * FROM `weibo_website` ORDER BY id LIMIT 0,20   [ RunTime:0.0010s ]
INFO: [ view_parse ] --START--
INFO: [ template_filter ] --START--
INFO: Run Behavior\ContentReplaceBehavior [ RunTime:0.000000s ]
INFO: [ template_filter ] --END-- [ RunTime:0.000000s ]
NOTIC: [8] Use of undefined constant Admin - assumed 'Admin' E:\WWW\guest2\Application\Runtime\Cache\Admin\c9b1f7ff8b78d0ae2864f56f0b257abe.php 第 105 行.
INFO: Run Behavior\ParseTemplateBehavior [ RunTime:0.032002s ]
INFO: [ view_parse ] --END-- [ RunTime:0.033002s ]
INFO: [ view_filter ] --START--
INFO: Run Behavior\WriteHtmlCacheBehavior [ RunTime:0.001000s ]
INFO: [ view_filter ] --END-- [ RunTime:0.001000s ]
INFO: [ app_end ] --START--
INFO: Run Behavior\ShowPageTraceBehavior [ RunTime:0.002000s ]
INFO: [ app_end ] --END-- [ RunTime:0.002000s ]

[ 2016-09-22T23:12:04+08:00 ] 127.0.0.1 /guest2/admin.php?m=admin&c=Nav&a=index
INFO: [ app_init ] --START--
INFO: Run Behavior\BuildLiteBehavior [ RunTime:0.000000s ]
INFO: [ app_init ] --END-- [ RunTime:0.001000s ]
INFO: [ app_begin ] --START--
INFO: Run Behavior\ReadHtmlCacheBehavior [ RunTime:0.002000s ]
INFO: [ app_begin ] --END-- [ RunTime:0.002000s ]
NOTIC: [2048] Declaration of Admin\Model\NavModel::data() should be compatible with that of Think\Model::data() E:\WWW\guest2\Application\Admin\Model\NavModel.class.php 第 6 行.
SQL: SHOW COLUMNS FROM `weibo_nav` [ RunTime:0.0090s ]
SQL: SELECT COUNT(*) AS tp_count FROM `weibo_nav` LIMIT 1   [ RunTime:0.0000s ]
NOTIC: [2] Missing argument 1 for Think\Page::__construct(), called in E:\WWW\guest2\Application\Admin\Model\NavModel.class.php on line 18 and defined E:\WWW\guest2\ThinkPHP\Library\Think\Page.class.php 第 42 行.
NOTIC: [8] Undefined variable: totalRows E:\WWW\guest2\ThinkPHP\Library\Think\Page.class.php 第 45 行.
SQL: SELECT * FROM `weibo_nav` ORDER BY id LIMIT 0,20   [ RunTime:0.0010s ]
INFO: [ view_parse ] --START--
INFO: [ template_filter ] --START--
INFO: Run Behavior\ContentReplaceBehavior [ RunTime:0.000000s ]
INFO: [ template_filter ] --END-- [ RunTime:0.001000s ]
NOTIC: [8] Undefined variable: type E:\WWW\guest2\Application\Runtime\Cache\Admin\c4e487e7ef540c8b27ad1e8c9be3ab57.php 第 62 行.
NOTIC: [8] Use of undefined constant admin - assumed 'admin' E:\WWW\guest2\Application\Runtime\Cache\Admin\c4e487e7ef540c8b27ad1e8c9be3ab57.php 第 97 行.
NOTIC: [8] Use of undefined constant admin - assumed 'admin' E:\WWW\guest2\Application\Runtime\Cache\Admin\c4e487e7ef540c8b27ad1e8c9be3ab57.php 第 97 行.
NOTIC: [8] Use of undefined constant admin - assumed 'admin' E:\WWW\guest2\Application\Runtime\Cache\Admin\c4e487e7ef540c8b27ad1e8c9be3ab57.php 第 97 行.
NOTIC: [8] Use of undefined constant admin - assumed 'admin' E:\WWW\guest2\Application\Runtime\Cache\Admin\c4e487e7ef540c8b27ad1e8c9be3ab57.php 第 97 行.
INFO: Run Behavior\ParseTemplateBehavior [ RunTime:0.034002s ]
INFO: [ view_parse ] --END-- [ RunTime:0.034002s ]
INFO: [ view_filter ] --START--
INFO: Run Behavior\WriteHtmlCacheBehavior [ RunTime:0.001000s ]
INFO: [ view_filter ] --END-- [ RunTime:0.001000s ]
INFO: [ app_end ] --START--
INFO: Run Behavior\ShowPageTraceBehavior [ RunTime:0.001000s ]
INFO: [ app_end ] --END-- [ RunTime:0.001000s ]

[ 2016-09-22T23:12:05+08:00 ] 127.0.0.1 /guest2/admin.php?m=admin&c=Logo&a=index
INFO: [ app_init ] --START--
INFO: Run Behavior\BuildLiteBehavior [ RunTime:0.000000s ]
INFO: [ app_init ] --END-- [ RunTime:0.000000s ]
INFO: [ app_begin ] --START--
INFO: Run Behavior\ReadHtmlCacheBehavior [ RunTime:0.001000s ]
INFO: [ app_begin ] --END-- [ RunTime:0.001000s ]
NOTIC: [2048] Declaration of Admin\Model\LogoModel::data() should be compatible with that of Think\Model::data() E:\WWW\guest2\Application\Admin\Model\LogoModel.class.php 第 6 行.
SQL: SHOW COLUMNS FROM `weibo_logo` [ RunTime:0.0070s ]
SQL: SELECT COUNT(*) AS tp_count FROM `weibo_logo` LIMIT 1   [ RunTime:0.0000s ]
NOTIC: [2] Missing argument 1 for Think\Page::__construct(), called in E:\WWW\guest2\Application\Admin\Model\LogoModel.class.php on line 18 and defined E:\WWW\guest2\ThinkPHP\Library\Think\Page.class.php 第 42 行.
NOTIC: [8] Undefined variable: totalRows E:\WWW\guest2\ThinkPHP\Library\Think\Page.class.php 第 45 行.
SQL: SELECT * FROM `weibo_logo` ORDER BY id LIMIT 0,20   [ RunTime:0.0010s ]
INFO: [ view_parse ] --START--
INFO: [ template_filter ] --START--
INFO: Run Behavior\ContentReplaceBehavior [ RunTime:0.000000s ]
INFO: [ template_filter ] --END-- [ RunTime:0.000000s ]
INFO: Run Behavior\ParseTemplateBehavior [ RunTime:0.021001s ]
INFO: [ view_parse ] --END-- [ RunTime:0.021001s ]
INFO: [ view_filter ] --START--
INFO: Run Behavior\WriteHtmlCacheBehavior [ RunTime:0.000000s ]
INFO: [ view_filter ] --END-- [ RunTime:0.000000s ]
INFO: [ app_end ] --START--
INFO: Run Behavior\ShowPageTraceBehavior [ RunTime:0.001000s ]
INFO: [ app_end ] --END-- [ RunTime:0.001000s ]

[ 2016-09-22T23:12:07+08:00 ] 127.0.0.1 /guest2/admin.php?m=admin&c=Aboutus&a=index
INFO: [ app_init ] --START--
INFO: Run Behavior\BuildLiteBehavior [ RunTime:0.000000s ]
INFO: [ app_init ] --END-- [ RunTime:0.001000s ]
INFO: [ app_begin ] --START--
INFO: Run Behavior\ReadHtmlCacheBehavior [ RunTime:0.001000s ]
INFO: [ app_begin ] --END-- [ RunTime:0.002000s ]
NOTIC: [2048] Declaration of Admin\Model\AboutModel::data() should be compatible with that of Think\Model::data() E:\WWW\guest2\Application\Admin\Model\AboutModel.class.php 第 6 行.
SQL: SHOW COLUMNS FROM `weibo_about` [ RunTime:0.0060s ]
SQL: SELECT COUNT(*) AS tp_count FROM `weibo_about` LIMIT 1   [ RunTime:0.0000s ]
NOTIC: [2] Missing argument 1 for Think\Page::__construct(), called in E:\WWW\guest2\Application\Admin\Model\AboutModel.class.php on line 18 and defined E:\WWW\guest2\ThinkPHP\Library\Think\Page.class.php 第 42 行.
NOTIC: [8] Undefined variable: totalRows E:\WWW\guest2\ThinkPHP\Library\Think\Page.class.php 第 45 行.
SQL: SELECT * FROM `weibo_about` ORDER BY id LIMIT 0,20   [ RunTime:0.0040s ]
INFO: [ view_parse ] --START--
INFO: [ template_filter ] --START--
INFO: Run Behavior\ContentReplaceBehavior [ RunTime:0.001000s ]
INFO: [ template_filter ] --END-- [ RunTime:0.001000s ]
INFO: Run Behavior\ParseTemplateBehavior [ RunTime:0.021001s ]
INFO: [ view_parse ] --END-- [ RunTime:0.022001s ]
INFO: [ view_filter ] --START--
INFO: Run Behavior\WriteHtmlCacheBehavior [ RunTime:0.000000s ]
INFO: [ view_filter ] --END-- [ RunTime:0.000000s ]
INFO: [ app_end ] --START--
INFO: Run Behavior\ShowPageTraceBehavior [ RunTime:0.001000s ]
INFO: [ app_end ] --END-- [ RunTime:0.001000s ]

[ 2016-09-22T23:12:09+08:00 ] 127.0.0.1 /guest2/admin.php?m=admin&c=Slide&a=index
INFO: [ app_init ] --START--
INFO: Run Behavior\BuildLiteBehavior [ RunTime:0.000000s ]
INFO: [ app_init ] --END-- [ RunTime:0.001000s ]
INFO: [ app_begin ] --START--
INFO: Run Behavior\ReadHtmlCacheBehavior [ RunTime:0.002000s ]
INFO: [ app_begin ] --END-- [ RunTime:0.002000s ]
NOTIC: [2048] Declaration of Admin\Model\SlideModel::data() should be compatible with that of Think\Model::data() E:\WWW\guest2\Application\Admin\Model\SlideModel.class.php 第 6 行.
SQL: SHOW COLUMNS FROM `weibo_solid` [ RunTime:0.0080s ]
NOTIC: [2] Missing argument 1 for Think\Page::__construct(), called in E:\WWW\guest2\Application\Admin\Model\SlideModel.class.php on line 18 and defined E:\WWW\guest2\ThinkPHP\Library\Think\Page.class.php 第 42 行.
NOTIC: [8] Undefined variable: totalRows E:\WWW\guest2\ThinkPHP\Library\Think\Page.class.php 第 45 行.
SQL: SELECT * FROM `weibo_solid` ORDER BY id LIMIT 0,20   [ RunTime:0.0010s ]
INFO: [ view_parse ] --START--
INFO: [ template_filter ] --START--
INFO: Run Behavior\ContentReplaceBehavior [ RunTime:0.000000s ]
INFO: [ template_filter ] --END-- [ RunTime:0.000000s ]
NOTIC: [8] Undefined variable: page E:\WWW\guest2\Application\Runtime\Cache\Admin\176a5b3b0ba55302e03dbe584fc1f56b.php 第 106 行.
INFO: Run Behavior\ParseTemplateBehavior [ RunTime:0.025001s ]
INFO: [ view_parse ] --END-- [ RunTime:0.025001s ]
INFO: [ view_filter ] --START--
INFO: Run Behavior\WriteHtmlCacheBehavior [ RunTime:0.001000s ]
INFO: [ view_filter ] --END-- [ RunTime:0.001000s ]
INFO: [ app_end ] --START--
INFO: Run Behavior\ShowPageTraceBehavior [ RunTime:0.001000s ]
INFO: [ app_end ] --END-- [ RunTime:0.001000s ]

[ 2016-09-22T23:12:12+08:00 ] 127.0.0.1 /guest2/admin.php?c=slide&a=add
INFO: [ app_init ] --START--
INFO: Run Behavior\BuildLiteBehavior [ RunTime:0.000000s ]
INFO: [ app_init ] --END-- [ RunTime:0.001000s ]
INFO: [ app_begin ] --START--
INFO: Run Behavior\ReadHtmlCacheBehavior [ RunTime:0.001000s ]
INFO: [ app_begin ] --END-- [ RunTime:0.001000s ]
INFO: [ view_parse ] --START--
INFO: [ template_filter ] --START--
INFO: Run Behavior\ContentReplaceBehavior [ RunTime:0.004001s ]
INFO: [ template_filter ] --END-- [ RunTime:0.005001s ]
NOTIC: [8] Use of undefined constant GROUP_NAME - assumed 'GROUP_NAME' E:\WWW\guest2\Application\Runtime\Cache\Admin\663db8c21df2dcee5b652d858be3c84a.php 第 67 行.
INFO: Run Behavior\ParseTemplateBehavior [ RunTime:0.059004s ]
INFO: [ view_parse ] --END-- [ RunTime:0.060004s ]
INFO: [ view_filter ] --START--
INFO: Run Behavior\WriteHtmlCacheBehavior [ RunTime:0.001000s ]
INFO: [ view_filter ] --END-- [ RunTime:0.001000s ]
INFO: [ app_end ] --START--
INFO: Run Behavior\ShowPageTraceBehavior [ RunTime:0.001000s ]
INFO: [ app_end ] --END-- [ RunTime:0.002000s ]

