[ 2016-10-04T15:06:15+08:00 ] 127.0.0.1 /github/guest2/admin
INFO: [ app_init ] --START--
INFO: Run Behavior\BuildLiteBehavior [ RunTime:0.000000s ]
INFO: [ app_init ] --END-- [ RunTime:0.001000s ]
INFO: [ app_begin ] --START--
INFO: Run Behavior\ReadHtmlCacheBehavior [ RunTime:0.001000s ]
INFO: [ app_begin ] --END-- [ RunTime:0.001000s ]

[ 2016-10-04T15:06:15+08:00 ] 127.0.0.1 /github/guest2/admin.php?&c=login
INFO: [ app_init ] --START--
INFO: Run Behavior\BuildLiteBehavior [ RunTime:0.000000s ]
INFO: [ app_init ] --END-- [ RunTime:0.001000s ]
INFO: [ app_begin ] --START--
INFO: Run Behavior\ReadHtmlCacheBehavior [ RunTime:0.001000s ]
INFO: [ app_begin ] --END-- [ RunTime:0.001000s ]
INFO: [ view_parse ] --START--
INFO: [ template_filter ] --START--
INFO: Run Behavior\ContentReplaceBehavior [ RunTime:0.000000s ]
INFO: [ template_filter ] --END-- [ RunTime:0.001000s ]
NOTIC: [8] Undefined variable: web E:\WWW\github\guest2\Application\Runtime\Cache\Admin\32ec6c906c117a7c2bf504769276d87a.php 第 12 行.
INFO: Run Behavior\ParseTemplateBehavior [ RunTime:0.097005s ]
INFO: [ view_parse ] --END-- [ RunTime:0.097005s ]
INFO: [ view_filter ] --START--
INFO: Run Behavior\WriteHtmlCacheBehavior [ RunTime:0.001000s ]
INFO: [ view_filter ] --END-- [ RunTime:0.001000s ]
INFO: [ app_end ] --START--
INFO: Run Behavior\ShowPageTraceBehavior [ RunTime:0.001001s ]
INFO: [ app_end ] --END-- [ RunTime:0.001001s ]

[ 2016-10-04T15:06:26+08:00 ] 127.0.0.1 /github/guest2/admin.php?m=admin&c=login&a=check
INFO: [ app_init ] --START--
INFO: Run Behavior\BuildLiteBehavior [ RunTime:0.000000s ]
INFO: [ app_init ] --END-- [ RunTime:0.000000s ]
INFO: [ app_begin ] --START--
INFO: Run Behavior\ReadHtmlCacheBehavior [ RunTime:0.001000s ]
INFO: [ app_begin ] --END-- [ RunTime:0.001000s ]
SQL: SHOW COLUMNS FROM `weibo_admin` [ RunTime:0.0530s ]
SQL: SELECT * FROM `weibo_admin` WHERE ( username="admin" ) LIMIT 1   [ RunTime:0.0010s ]

[ 2016-10-04T15:06:28+08:00 ] 127.0.0.1 /github/guest2/admin.php
INFO: [ app_init ] --START--
INFO: Run Behavior\BuildLiteBehavior [ RunTime:0.000000s ]
INFO: [ app_init ] --END-- [ RunTime:0.001000s ]
INFO: [ app_begin ] --START--
INFO: Run Behavior\ReadHtmlCacheBehavior [ RunTime:0.002000s ]
INFO: [ app_begin ] --END-- [ RunTime:0.002000s ]
INFO: [ view_parse ] --START--
INFO: [ template_filter ] --START--
INFO: Run Behavior\ContentReplaceBehavior [ RunTime:0.000000s ]
INFO: [ template_filter ] --END-- [ RunTime:0.000000s ]
NOTIC: [8] Undefined variable: web E:\WWW\github\guest2\Application\Runtime\Cache\Admin\b595b808c2ebeeeb0478ffc30bb4e87a.php 第 13 行.
NOTIC: [8] Undefined variable: web E:\WWW\github\guest2\Application\Runtime\Cache\Admin\b595b808c2ebeeeb0478ffc30bb4e87a.php 第 50 行.
NOTIC: [8] Undefined variable: usrname E:\WWW\github\guest2\Application\Runtime\Cache\Admin\b595b808c2ebeeeb0478ffc30bb4e87a.php 第 144 行.
NOTIC: [8] Use of undefined constant GROUP_NAME - assumed 'GROUP_NAME' E:\WWW\github\guest2\Application\Runtime\Cache\Admin\b595b808c2ebeeeb0478ffc30bb4e87a.php 第 169 行.
NOTIC: [8] Use of undefined constant admin - assumed 'admin' E:\WWW\github\guest2\Application\Runtime\Cache\Admin\b595b808c2ebeeeb0478ffc30bb4e87a.php 第 175 行.
NOTIC: [8] Use of undefined constant admin - assumed 'admin' E:\WWW\github\guest2\Application\Runtime\Cache\Admin\b595b808c2ebeeeb0478ffc30bb4e87a.php 第 177 行.
NOTIC: [8] Use of undefined constant admin - assumed 'admin' E:\WWW\github\guest2\Application\Runtime\Cache\Admin\b595b808c2ebeeeb0478ffc30bb4e87a.php 第 179 行.
NOTIC: [8] Use of undefined constant admin - assumed 'admin' E:\WWW\github\guest2\Application\Runtime\Cache\Admin\b595b808c2ebeeeb0478ffc30bb4e87a.php 第 181 行.
NOTIC: [8] Use of undefined constant admin - assumed 'admin' E:\WWW\github\guest2\Application\Runtime\Cache\Admin\b595b808c2ebeeeb0478ffc30bb4e87a.php 第 183 行.
NOTIC: [8] Use of undefined constant admin - assumed 'admin' E:\WWW\github\guest2\Application\Runtime\Cache\Admin\b595b808c2ebeeeb0478ffc30bb4e87a.php 第 185 行.
NOTIC: [8] Use of undefined constant admin - assumed 'admin' E:\WWW\github\guest2\Application\Runtime\Cache\Admin\b595b808c2ebeeeb0478ffc30bb4e87a.php 第 187 行.
NOTIC: [8] Use of undefined constant admin - assumed 'admin' E:\WWW\github\guest2\Application\Runtime\Cache\Admin\b595b808c2ebeeeb0478ffc30bb4e87a.php 第 194 行.
NOTIC: [8] Use of undefined constant admin - assumed 'admin' E:\WWW\github\guest2\Application\Runtime\Cache\Admin\b595b808c2ebeeeb0478ffc30bb4e87a.php 第 196 行.
NOTIC: [8] Use of undefined constant admin - assumed 'admin' E:\WWW\github\guest2\Application\Runtime\Cache\Admin\b595b808c2ebeeeb0478ffc30bb4e87a.php 第 204 行.
NOTIC: [8] Use of undefined constant admin - assumed 'admin' E:\WWW\github\guest2\Application\Runtime\Cache\Admin\b595b808c2ebeeeb0478ffc30bb4e87a.php 第 216 行.
NOTIC: [8] Use of undefined constant admin - assumed 'admin' E:\WWW\github\guest2\Application\Runtime\Cache\Admin\b595b808c2ebeeeb0478ffc30bb4e87a.php 第 218 行.
NOTIC: [8] Use of undefined constant admin - assumed 'admin' E:\WWW\github\guest2\Application\Runtime\Cache\Admin\b595b808c2ebeeeb0478ffc30bb4e87a.php 第 225 行.
NOTIC: [8] Use of undefined constant admin - assumed 'admin' E:\WWW\github\guest2\Application\Runtime\Cache\Admin\b595b808c2ebeeeb0478ffc30bb4e87a.php 第 227 行.
NOTIC: [8] Use of undefined constant GROUP_NAME - assumed 'GROUP_NAME' E:\WWW\github\guest2\Application\Runtime\Cache\Admin\b595b808c2ebeeeb0478ffc30bb4e87a.php 第 236 行.
NOTIC: [8] Use of undefined constant GROUP_NAME - assumed 'GROUP_NAME' E:\WWW\github\guest2\Application\Runtime\Cache\Admin\b595b808c2ebeeeb0478ffc30bb4e87a.php 第 238 行.
NOTIC: [8] Use of undefined constant admin - assumed 'admin' E:\WWW\github\guest2\Application\Runtime\Cache\Admin\b595b808c2ebeeeb0478ffc30bb4e87a.php 第 312 行.
INFO: Run Behavior\ParseTemplateBehavior [ RunTime:0.149009s ]
INFO: [ view_parse ] --END-- [ RunTime:0.149009s ]
INFO: [ view_filter ] --START--
INFO: Run Behavior\WriteHtmlCacheBehavior [ RunTime:0.001000s ]
INFO: [ view_filter ] --END-- [ RunTime:0.001000s ]
INFO: [ app_end ] --START--
INFO: Run Behavior\ShowPageTraceBehavior [ RunTime:0.001000s ]
INFO: [ app_end ] --END-- [ RunTime:0.001000s ]

[ 2016-10-04T15:06:29+08:00 ] 127.0.0.1 /github/guest2/admin.php?m=admin&c=Index&a=main
INFO: [ app_init ] --START--
INFO: Run Behavior\BuildLiteBehavior [ RunTime:0.000000s ]
INFO: [ app_init ] --END-- [ RunTime:0.002000s ]
INFO: [ app_begin ] --START--
INFO: Run Behavior\ReadHtmlCacheBehavior [ RunTime:0.002000s ]
INFO: [ app_begin ] --END-- [ RunTime:0.002000s ]
NOTIC: [2] fopen(E:\WWW\github\guest2\ThinkPHP\Library\Org\Net/UTFWry.dat) [<a href='function.fopen'>function.fopen</a>]: failed to open stream: No such file or directory E:\WWW\github\guest2\ThinkPHP\Library\Org\Net\IpLocation.class.php 第 54 行.
INFO: [ view_parse ] --START--
INFO: [ template_filter ] --START--
INFO: Run Behavior\ContentReplaceBehavior [ RunTime:0.000000s ]
INFO: [ template_filter ] --END-- [ RunTime:0.000000s ]
NOTIC: [8] Undefined variable: user E:\WWW\github\guest2\Application\Runtime\Cache\Admin\b0f0b709690a72033d17719e8059053c.php 第 54 行.
NOTIC: [8] Undefined variable: mshop E:\WWW\github\guest2\Application\Runtime\Cache\Admin\b0f0b709690a72033d17719e8059053c.php 第 64 行.
NOTIC: [8] Undefined variable: pcshop E:\WWW\github\guest2\Application\Runtime\Cache\Admin\b0f0b709690a72033d17719e8059053c.php 第 74 行.
NOTIC: [8] Undefined variable: convert E:\WWW\github\guest2\Application\Runtime\Cache\Admin\b0f0b709690a72033d17719e8059053c.php 第 84 行.
INFO: Run Behavior\ParseTemplateBehavior [ RunTime:0.037002s ]
INFO: [ view_parse ] --END-- [ RunTime:0.037002s ]
INFO: [ view_filter ] --START--
INFO: Run Behavior\WriteHtmlCacheBehavior [ RunTime:0.001000s ]
INFO: [ view_filter ] --END-- [ RunTime:0.002000s ]
INFO: [ app_end ] --START--
INFO: Run Behavior\ShowPageTraceBehavior [ RunTime:0.003000s ]
INFO: [ app_end ] --END-- [ RunTime:0.003000s ]

[ 2016-10-04T15:06:36+08:00 ] 127.0.0.1 /github/guest2/admin.php?m=admin&c=Nav&a=index
INFO: [ app_init ] --START--
INFO: Run Behavior\BuildLiteBehavior [ RunTime:0.000000s ]
INFO: [ app_init ] --END-- [ RunTime:0.001000s ]
INFO: [ app_begin ] --START--
INFO: Run Behavior\ReadHtmlCacheBehavior [ RunTime:0.002000s ]
INFO: [ app_begin ] --END-- [ RunTime:0.002000s ]
NOTIC: [2048] Declaration of Admin\Model\NavModel::data() should be compatible with that of Think\Model::data() E:\WWW\github\guest2\Application\Admin\Model\NavModel.class.php 第 6 行.
SQL: SHOW COLUMNS FROM `weibo_nav` [ RunTime:0.0410s ]
SQL: SELECT COUNT(*) AS tp_count FROM `weibo_nav` LIMIT 1   [ RunTime:0.0010s ]
NOTIC: [2] Missing argument 1 for Think\Page::__construct(), called in E:\WWW\github\guest2\Application\Admin\Model\NavModel.class.php on line 18 and defined E:\WWW\github\guest2\ThinkPHP\Library\Think\Page.class.php 第 42 行.
NOTIC: [8] Undefined variable: totalRows E:\WWW\github\guest2\ThinkPHP\Library\Think\Page.class.php 第 45 行.
SQL: SELECT * FROM `weibo_nav` ORDER BY id LIMIT 0,20   [ RunTime:0.0010s ]
INFO: [ view_parse ] --START--
INFO: [ template_filter ] --START--
INFO: Run Behavior\ContentReplaceBehavior [ RunTime:0.001000s ]
INFO: [ template_filter ] --END-- [ RunTime:0.001000s ]
NOTIC: [8] Undefined variable: type E:\WWW\github\guest2\Application\Runtime\Cache\Admin\c4e487e7ef540c8b27ad1e8c9be3ab57.php 第 62 行.
NOTIC: [8] Use of undefined constant admin - assumed 'admin' E:\WWW\github\guest2\Application\Runtime\Cache\Admin\c4e487e7ef540c8b27ad1e8c9be3ab57.php 第 97 行.
NOTIC: [8] Use of undefined constant admin - assumed 'admin' E:\WWW\github\guest2\Application\Runtime\Cache\Admin\c4e487e7ef540c8b27ad1e8c9be3ab57.php 第 97 行.
NOTIC: [8] Use of undefined constant admin - assumed 'admin' E:\WWW\github\guest2\Application\Runtime\Cache\Admin\c4e487e7ef540c8b27ad1e8c9be3ab57.php 第 97 行.
NOTIC: [8] Use of undefined constant admin - assumed 'admin' E:\WWW\github\guest2\Application\Runtime\Cache\Admin\c4e487e7ef540c8b27ad1e8c9be3ab57.php 第 97 行.
INFO: Run Behavior\ParseTemplateBehavior [ RunTime:0.058004s ]
INFO: [ view_parse ] --END-- [ RunTime:0.058004s ]
INFO: [ view_filter ] --START--
INFO: Run Behavior\WriteHtmlCacheBehavior [ RunTime:0.001000s ]
INFO: [ view_filter ] --END-- [ RunTime:0.001000s ]
INFO: [ app_end ] --START--
INFO: Run Behavior\ShowPageTraceBehavior [ RunTime:0.001000s ]
INFO: [ app_end ] --END-- [ RunTime:0.002000s ]

[ 2016-10-04T15:06:40+08:00 ] 127.0.0.1 /github/guest2/admin.php?m=admin&c=Essay&a=index
INFO: [ app_init ] --START--
INFO: Run Behavior\BuildLiteBehavior [ RunTime:0.000000s ]
INFO: [ app_init ] --END-- [ RunTime:0.000000s ]
INFO: [ app_begin ] --START--
INFO: Run Behavior\ReadHtmlCacheBehavior [ RunTime:0.001000s ]
INFO: [ app_begin ] --END-- [ RunTime:0.001000s ]
NOTIC: [2048] Declaration of Admin\Model\EssayModel::data() should be compatible with that of Think\Model::data() E:\WWW\github\guest2\Application\Admin\Model\EssayModel.class.php 第 6 行.
SQL: SHOW COLUMNS FROM `weibo_categories` [ RunTime:0.0410s ]
SQL: SELECT COUNT(*) AS tp_count FROM `weibo_categories` LIMIT 1   [ RunTime:0.0000s ]
SQL: SELECT * FROM `weibo_categories`  [ RunTime:0.0010s ]
INFO: [ view_parse ] --START--
INFO: [ template_filter ] --START--
INFO: Run Behavior\ContentReplaceBehavior [ RunTime:0.000000s ]
INFO: [ template_filter ] --END-- [ RunTime:0.000000s ]
INFO: Run Behavior\ParseTemplateBehavior [ RunTime:0.027002s ]
INFO: [ view_parse ] --END-- [ RunTime:0.027002s ]
INFO: [ view_filter ] --START--
INFO: Run Behavior\WriteHtmlCacheBehavior [ RunTime:0.001000s ]
INFO: [ view_filter ] --END-- [ RunTime:0.001000s ]
INFO: [ app_end ] --START--
INFO: Run Behavior\ShowPageTraceBehavior [ RunTime:0.001000s ]
INFO: [ app_end ] --END-- [ RunTime:0.001000s ]

[ 2016-10-04T15:06:42+08:00 ] 127.0.0.1 /github/guest2/admin.php?m=admin&c=Essays&a=index
INFO: [ app_init ] --START--
INFO: Run Behavior\BuildLiteBehavior [ RunTime:0.000000s ]
INFO: [ app_init ] --END-- [ RunTime:0.001000s ]
INFO: [ app_begin ] --START--
INFO: Run Behavior\ReadHtmlCacheBehavior [ RunTime:0.002000s ]
INFO: [ app_begin ] --END-- [ RunTime:0.002000s ]
NOTIC: [2048] Declaration of Admin\Model\EssaysModel::data() should be compatible with that of Think\Model::data() E:\WWW\github\guest2\Application\Admin\Model\EssaysModel.class.php 第 6 行.
SQL: SHOW COLUMNS FROM `weibo_essay` [ RunTime:0.0190s ]
SQL: SELECT COUNT(*) AS tp_count FROM `weibo_essay` LIMIT 1   [ RunTime:0.0010s ]
SQL: SELECT * FROM `weibo_essay`  [ RunTime:0.0010s ]
INFO: [ view_parse ] --START--
INFO: [ template_filter ] --START--
INFO: Run Behavior\ContentReplaceBehavior [ RunTime:0.001000s ]
INFO: [ template_filter ] --END-- [ RunTime:0.001000s ]
NOTIC: [8] Undefined index: designation E:\WWW\github\guest2\Application\Runtime\Cache\Admin\8c5440a35a482da840dd3795cecebcba.php 第 98 行.
NOTIC: [8] Undefined index: username E:\WWW\github\guest2\Application\Runtime\Cache\Admin\8c5440a35a482da840dd3795cecebcba.php 第 100 行.
NOTIC: [8] Undefined index: designation E:\WWW\github\guest2\Application\Runtime\Cache\Admin\8c5440a35a482da840dd3795cecebcba.php 第 98 行.
NOTIC: [8] Undefined index: username E:\WWW\github\guest2\Application\Runtime\Cache\Admin\8c5440a35a482da840dd3795cecebcba.php 第 100 行.
NOTIC: [8] Undefined index: designation E:\WWW\github\guest2\Application\Runtime\Cache\Admin\8c5440a35a482da840dd3795cecebcba.php 第 98 行.
NOTIC: [8] Undefined index: username E:\WWW\github\guest2\Application\Runtime\Cache\Admin\8c5440a35a482da840dd3795cecebcba.php 第 100 行.
NOTIC: [8] Undefined index: designation E:\WWW\github\guest2\Application\Runtime\Cache\Admin\8c5440a35a482da840dd3795cecebcba.php 第 98 行.
NOTIC: [8] Undefined index: username E:\WWW\github\guest2\Application\Runtime\Cache\Admin\8c5440a35a482da840dd3795cecebcba.php 第 100 行.
NOTIC: [8] Undefined index: designation E:\WWW\github\guest2\Application\Runtime\Cache\Admin\8c5440a35a482da840dd3795cecebcba.php 第 98 行.
NOTIC: [8] Undefined index: username E:\WWW\github\guest2\Application\Runtime\Cache\Admin\8c5440a35a482da840dd3795cecebcba.php 第 100 行.
NOTIC: [8] Undefined index: designation E:\WWW\github\guest2\Application\Runtime\Cache\Admin\8c5440a35a482da840dd3795cecebcba.php 第 98 行.
NOTIC: [8] Undefined index: username E:\WWW\github\guest2\Application\Runtime\Cache\Admin\8c5440a35a482da840dd3795cecebcba.php 第 100 行.
NOTIC: [8] Undefined index: designation E:\WWW\github\guest2\Application\Runtime\Cache\Admin\8c5440a35a482da840dd3795cecebcba.php 第 98 行.
NOTIC: [8] Undefined index: username E:\WWW\github\guest2\Application\Runtime\Cache\Admin\8c5440a35a482da840dd3795cecebcba.php 第 100 行.
NOTIC: [8] Undefined index: designation E:\WWW\github\guest2\Application\Runtime\Cache\Admin\8c5440a35a482da840dd3795cecebcba.php 第 98 行.
NOTIC: [8] Undefined index: username E:\WWW\github\guest2\Application\Runtime\Cache\Admin\8c5440a35a482da840dd3795cecebcba.php 第 100 行.
NOTIC: [8] Undefined index: designation E:\WWW\github\guest2\Application\Runtime\Cache\Admin\8c5440a35a482da840dd3795cecebcba.php 第 98 行.
NOTIC: [8] Undefined index: username E:\WWW\github\guest2\Application\Runtime\Cache\Admin\8c5440a35a482da840dd3795cecebcba.php 第 100 行.
NOTIC: [8] Undefined index: designation E:\WWW\github\guest2\Application\Runtime\Cache\Admin\8c5440a35a482da840dd3795cecebcba.php 第 98 行.
NOTIC: [8] Undefined index: username E:\WWW\github\guest2\Application\Runtime\Cache\Admin\8c5440a35a482da840dd3795cecebcba.php 第 100 行.
INFO: Run Behavior\ParseTemplateBehavior [ RunTime:0.035002s ]
INFO: [ view_parse ] --END-- [ RunTime:0.035002s ]
INFO: [ view_filter ] --START--
INFO: Run Behavior\WriteHtmlCacheBehavior [ RunTime:0.000000s ]
INFO: [ view_filter ] --END-- [ RunTime:0.001000s ]
INFO: [ app_end ] --START--
INFO: Run Behavior\ShowPageTraceBehavior [ RunTime:0.001000s ]
INFO: [ app_end ] --END-- [ RunTime:0.001000s ]

